[ 2018-08-21T12:01:17+08:00 ] 127.0.0.1 /
INFO: [ app_init ] --START--
INFO: Run Behavior\BuildLiteBehavior [ RunTime:0.000000s ]
INFO: [ app_init ] --END-- [ RunTime:0.000000s ]
INFO: [ app_begin ] --START--
INFO: Run Behavior\ReadHtmlCacheBehavior [ RunTime:0.000000s ]
INFO: Run Common\Behavior\CheckLangBehavior [ RunTime:0.000000s ]
INFO: [ app_begin ] --END-- [ RunTime:0.000000s ]
SQL: SHOW COLUMNS FROM `ysk_config` [ RunTime:0.0050s ]
SQL: SELECT `value`,`tip` FROM `ysk_config` WHERE `name` = 'TOGGLE_WEB_SITE' LIMIT 1   [ RunTime:0.0010s ]
SQL: SHOW COLUMNS FROM `ysk_user` [ RunTime:0.0040s ]
SQL: SHOW COLUMNS FROM `ysk_user` [ RunTime:0.0030s ]
NOTIC: [8] Undefined index: m C:\Users\Administrator\Desktop\gpays\ThinkPHP\Common\functions.php 第 977 行.

[ 2018-08-21T12:01:17+08:00 ] 127.0.0.1 /Login/login.html
INFO: [ app_init ] --START--
INFO: Run Behavior\BuildLiteBehavior [ RunTime:0.000000s ]
INFO: [ app_init ] --END-- [ RunTime:0.001000s ]
INFO: [ app_begin ] --START--
INFO: Run Behavior\ReadHtmlCacheBehavior [ RunTime:0.001000s ]
INFO: Run Common\Behavior\CheckLangBehavior [ RunTime:0.002000s ]
INFO: [ app_begin ] --END-- [ RunTime:0.003000s ]
SQL: SHOW COLUMNS FROM `ysk_config` [ RunTime:0.0040s ]
SQL: SELECT `value`,`tip` FROM `ysk_config` WHERE `name` = 'TOGGLE_WEB_SITE' LIMIT 1   [ RunTime:0.0000s ]
INFO: [ view_parse ] --START--
INFO: [ template_filter ] --START--
INFO: Run Behavior\ContentReplaceBehavior [ RunTime:0.000000s ]
INFO: [ template_filter ] --END-- [ RunTime:0.000000s ]
NOTIC: [8] Undefined index: m C:\Users\Administrator\Desktop\gpays\ThinkPHP\Common\functions.php 第 977 行.
NOTIC: [8] Undefined index: m C:\Users\Administrator\Desktop\gpays\ThinkPHP\Common\functions.php 第 977 行.
NOTIC: [8] Undefined index: m C:\Users\Administrator\Desktop\gpays\ThinkPHP\Common\functions.php 第 977 行.
NOTIC: [8] Undefined index: m C:\Users\Administrator\Desktop\gpays\ThinkPHP\Common\functions.php 第 977 行.
INFO: Run Behavior\ParseTemplateBehavior [ RunTime:0.007000s ]
INFO: [ view_parse ] --END-- [ RunTime:0.007000s ]
INFO: [ view_filter ] --START--
INFO: Run Behavior\WriteHtmlCacheBehavior [ RunTime:0.001000s ]
INFO: [ view_filter ] --END-- [ RunTime:0.001000s ]
INFO: [ app_end ] --START--
INFO: Run Behavior\ShowPageTraceBehavior [ RunTime:0.000000s ]
INFO: [ app_end ] --END-- [ RunTime:0.000000s ]

[ 2018-08-21T12:01:17+08:00 ] 127.0.0.1 /favicon.ico
INFO: [ app_init ] --START--
INFO: Run Behavior\BuildLiteBehavior [ RunTime:0.000000s ]
INFO: [ app_init ] --END-- [ RunTime:0.001000s ]

[ 2018-08-21T12:01:26+08:00 ] 127.0.0.1 /Login/checkLogin.html
INFO: [ app_init ] --START--
INFO: Run Behavior\BuildLiteBehavior [ RunTime:0.000000s ]
INFO: [ app_init ] --END-- [ RunTime:0.000000s ]
INFO: [ app_begin ] --START--
INFO: Run Behavior\ReadHtmlCacheBehavior [ RunTime:0.000000s ]
INFO: Run Common\Behavior\CheckLangBehavior [ RunTime:0.002000s ]
INFO: [ app_begin ] --END-- [ RunTime:0.002000s ]
SQL: SHOW COLUMNS FROM `ysk_user` [ RunTime:0.0040s ]
SQL: SELECT * FROM `ysk_user` WHERE ( `mobile` = '4086' OR `account` = '4086' OR `userid` = '4086' ) LIMIT 1   [ RunTime:0.0020s ]
SQL: UPDATE `ysk_user` SET `session_id`='taj3nalbp73tmnstog8tqgd0i6' WHERE ( `mobile` = '4086' OR `account` = '4086' OR `userid` = '4086' ) [ RunTime:0.0010s ]
SQL: SELECT * FROM `ysk_user` WHERE ( `mobile` = '4086' OR `account` = '4086' OR `userid` = '4086' ) LIMIT 1   [ RunTime:0.0020s ]
SQL: UPDATE `ysk_user` SET `session_id`='taj3nalbp73tmnstog8tqgd0i6' WHERE ( `mobile` = '4086' OR `account` = '4086' OR `userid` = '4086' ) [ RunTime:0.0010s ]
NOTIC: [8] Undefined index: m C:\Users\Administrator\Desktop\gpays\ThinkPHP\Common\functions.php 第 977 行.

[ 2018-08-21T12:01:26+08:00 ] 127.0.0.1 /Index/index.html
INFO: [ app_init ] --START--
INFO: Run Behavior\BuildLiteBehavior [ RunTime:0.000000s ]
INFO: [ app_init ] --END-- [ RunTime:0.000000s ]
INFO: [ app_begin ] --START--
INFO: Run Behavior\ReadHtmlCacheBehavior [ RunTime:0.001000s ]
INFO: Run Common\Behavior\CheckLangBehavior [ RunTime:0.001000s ]
INFO: [ app_begin ] --END-- [ RunTime:0.002000s ]
SQL: SHOW COLUMNS FROM `ysk_config` [ RunTime:0.0030s ]
SQL: SELECT `value`,`tip` FROM `ysk_config` WHERE `name` = 'TOGGLE_WEB_SITE' LIMIT 1   [ RunTime:0.0000s ]
SQL: SHOW COLUMNS FROM `ysk_user` [ RunTime:0.0030s ]
SQL: SHOW COLUMNS FROM `ysk_user` [ RunTime:0.0030s ]
SQL: SELECT `status`,`session_id` FROM `ysk_user` WHERE `userid` = 4086 LIMIT 1   [ RunTime:0.0000s ]
SQL: SELECT `img_head`,`userid`,`user_credit`,`is_reward`,`today_releas`,`releas_rate` FROM `ysk_user` WHERE `userid` = 4086 LIMIT 1   [ RunTime:0.0000s ]
SQL: SHOW COLUMNS FROM `ysk_store` [ RunTime:0.0050s ]
SQL: SELECT `cangku_num`,`fengmi_num` FROM `ysk_store` WHERE `uid` = 4086 LIMIT 1   [ RunTime:0.0000s ]
SQL: SHOW COLUMNS FROM `ysk_tranmoney` [ RunTime:0.0040s ]
SQL: SELECT SUM(get_nums) AS tp_sum FROM `ysk_tranmoney` WHERE `get_id` = 4086 AND `is_release` = 0 AND `get_type` = 22 AND `get_time` BETWEEN 1534780800 AND 1534867200 LIMIT 1   [ RunTime:0.0210s ]
NOTIC: [8] Undefined variable: can_get C:\Users\Administrator\Desktop\gpays\shop\Home\Controller\IndexController.class.php 第 91 行.
INFO: [ view_parse ] --START--
INFO: [ template_filter ] --START--
INFO: Run Behavior\ContentReplaceBehavior [ RunTime:0.000000s ]
INFO: [ template_filter ] --END-- [ RunTime:0.000000s ]
NOTIC: [8] Undefined index: m C:\Users\Administrator\Desktop\gpays\ThinkPHP\Common\functions.php 第 977 行.
NOTIC: [8] Undefined index: m C:\Users\Administrator\Desktop\gpays\ThinkPHP\Common\functions.php 第 977 行.
NOTIC: [8] Undefined index: m C:\Users\Administrator\Desktop\gpays\ThinkPHP\Common\functions.php 第 977 行.
NOTIC: [8] Undefined index: m C:\Users\Administrator\Desktop\gpays\ThinkPHP\Common\functions.php 第 977 行.
NOTIC: [8] Undefined index: m C:\Users\Administrator\Desktop\gpays\ThinkPHP\Common\functions.php 第 977 行.
NOTIC: [8] Undefined index: m C:\Users\Administrator\Desktop\gpays\ThinkPHP\Common\functions.php 第 977 行.
NOTIC: [8] Undefined index: m C:\Users\Administrator\Desktop\gpays\ThinkPHP\Common\functions.php 第 977 行.
NOTIC: [8] Undefined index: m C:\Users\Administrator\Desktop\gpays\ThinkPHP\Common\functions.php 第 977 行.
NOTIC: [8] Undefined index: m C:\Users\Administrator\Desktop\gpays\ThinkPHP\Common\functions.php 第 977 行.
NOTIC: [8] Undefined index: m C:\Users\Administrator\Desktop\gpays\ThinkPHP\Common\functions.php 第 977 行.
NOTIC: [8] Undefined index: m C:\Users\Administrator\Desktop\gpays\ThinkPHP\Common\functions.php 第 977 行.
NOTIC: [8] Undefined index: m C:\Users\Administrator\Desktop\gpays\ThinkPHP\Common\functions.php 第 977 行.
NOTIC: [8] Undefined index: m C:\Users\Administrator\Desktop\gpays\ThinkPHP\Common\functions.php 第 977 行.
NOTIC: [8] Undefined index: m C:\Users\Administrator\Desktop\gpays\ThinkPHP\Common\functions.php 第 977 行.
NOTIC: [8] Undefined index: m C:\Users\Administrator\Desktop\gpays\ThinkPHP\Common\functions.php 第 977 行.
NOTIC: [8] Undefined index: m C:\Users\Administrator\Desktop\gpays\ThinkPHP\Common\functions.php 第 977 行.
NOTIC: [8] Undefined index: m C:\Users\Administrator\Desktop\gpays\ThinkPHP\Common\functions.php 第 977 行.
NOTIC: [8] Undefined index: m C:\Users\Administrator\Desktop\gpays\ThinkPHP\Common\functions.php 第 977 行.
NOTIC: [8] Undefined index: m C:\Users\Administrator\Desktop\gpays\ThinkPHP\Common\functions.php 第 977 行.
NOTIC: [8] Undefined index: m C:\Users\Administrator\Desktop\gpays\ThinkPHP\Common\functions.php 第 977 行.
NOTIC: [8] Undefined index: m C:\Users\Administrator\Desktop\gpays\ThinkPHP\Common\functions.php 第 977 行.
NOTIC: [8] Undefined index: m C:\Users\Administrator\Desktop\gpays\ThinkPHP\Common\functions.php 第 977 行.
NOTIC: [8] Undefined index: m C:\Users\Administrator\Desktop\gpays\ThinkPHP\Common\functions.php 第 977 行.
NOTIC: [8] Undefined index: m C:\Users\Administrator\Desktop\gpays\ThinkPHP\Common\functions.php 第 977 行.
INFO: Run Behavior\ParseTemplateBehavior [ RunTime:0.011001s ]
INFO: [ view_parse ] --END-- [ RunTime:0.011001s ]
INFO: [ view_filter ] --START--
INFO: Run Behavior\WriteHtmlCacheBehavior [ RunTime:0.000000s ]
INFO: [ view_filter ] --END-- [ RunTime:0.000000s ]
INFO: [ app_end ] --START--
INFO: Run Behavior\ShowPageTraceBehavior [ RunTime:0.001000s ]
INFO: [ app_end ] --END-- [ RunTime:0.001000s ]

[ 2018-08-21T12:01:30+08:00 ] 127.0.0.1 /Quotation/index.html
INFO: [ app_init ] --START--
INFO: Run Behavior\BuildLiteBehavior [ RunTime:0.000000s ]
INFO: [ app_init ] --END-- [ RunTime:0.000000s ]
INFO: [ app_begin ] --START--
INFO: Run Behavior\ReadHtmlCacheBehavior [ RunTime:0.000000s ]
INFO: Run Common\Behavior\CheckLangBehavior [ RunTime:0.002000s ]
INFO: [ app_begin ] --END-- [ RunTime:0.002000s ]
SQL: SHOW COLUMNS FROM `ysk_config` [ RunTime:0.0030s ]
SQL: SELECT `value`,`tip` FROM `ysk_config` WHERE `name` = 'TOGGLE_WEB_SITE' LIMIT 1   [ RunTime:0.0000s ]
SQL: SHOW COLUMNS FROM `ysk_user` [ RunTime:0.0040s ]
SQL: SHOW COLUMNS FROM `ysk_user` [ RunTime:0.0030s ]
SQL: SELECT `status`,`session_id` FROM `ysk_user` WHERE `userid` = 4086 LIMIT 1   [ RunTime:0.0000s ]
INFO: [ view_parse ] --START--
INFO: [ template_filter ] --START--
INFO: Run Behavior\ContentReplaceBehavior [ RunTime:0.000000s ]
INFO: [ template_filter ] --END-- [ RunTime:0.000000s ]
NOTIC: [8] Undefined index: m C:\Users\Administrator\Desktop\gpays\ThinkPHP\Common\functions.php 第 977 行.
NOTIC: [8] Undefined index: m C:\Users\Administrator\Desktop\gpays\ThinkPHP\Common\functions.php 第 977 行.
NOTIC: [8] Undefined index: m C:\Users\Administrator\Desktop\gpays\ThinkPHP\Common\functions.php 第 977 行.
NOTIC: [8] Undefined index: m C:\Users\Administrator\Desktop\gpays\ThinkPHP\Common\functions.php 第 977 行.
NOTIC: [8] Undefined index: m C:\Users\Administrator\Desktop\gpays\ThinkPHP\Common\functions.php 第 977 行.
NOTIC: [8] Undefined index: m C:\Users\Administrator\Desktop\gpays\ThinkPHP\Common\functions.php 第 977 行.
NOTIC: [8] Undefined index: m C:\Users\Administrator\Desktop\gpays\ThinkPHP\Common\functions.php 第 977 行.
NOTIC: [8] Undefined index: m C:\Users\Administrator\Desktop\gpays\ThinkPHP\Common\functions.php 第 977 行.
INFO: Run Behavior\ParseTemplateBehavior [ RunTime:0.006001s ]
INFO: [ view_parse ] --END-- [ RunTime:0.006001s ]
INFO: [ view_filter ] --START--
INFO: Run Behavior\WriteHtmlCacheBehavior [ RunTime:0.001000s ]
INFO: [ view_filter ] --END-- [ RunTime:0.001000s ]
INFO: [ app_end ] --START--
INFO: Run Behavior\ShowPageTraceBehavior [ RunTime:0.001000s ]
INFO: [ app_end ] --END-- [ RunTime:0.001000s ]

[ 2018-08-21T12:01:34+08:00 ] 127.0.0.1 /Quotation/index.html
INFO: [ app_init ] --START--
INFO: Run Behavior\BuildLiteBehavior [ RunTime:0.000000s ]
INFO: [ app_init ] --END-- [ RunTime:0.000000s ]
INFO: [ app_begin ] --START--
INFO: Run Behavior\ReadHtmlCacheBehavior [ RunTime:0.000000s ]
INFO: Run Common\Behavior\CheckLangBehavior [ RunTime:0.002000s ]
INFO: [ app_begin ] --END-- [ RunTime:0.002000s ]
SQL: SHOW COLUMNS FROM `ysk_config` [ RunTime:0.0040s ]
SQL: SELECT `value`,`tip` FROM `ysk_config` WHERE `name` = 'TOGGLE_WEB_SITE' LIMIT 1   [ RunTime:0.0000s ]
SQL: SHOW COLUMNS FROM `ysk_user` [ RunTime:0.0030s ]
SQL: SHOW COLUMNS FROM `ysk_user` [ RunTime:0.0030s ]
SQL: SELECT `status`,`session_id` FROM `ysk_user` WHERE `userid` = 4086 LIMIT 1   [ RunTime:0.0000s ]
INFO: [ view_parse ] --START--
INFO: [ template_filter ] --START--
INFO: Run Behavior\ContentReplaceBehavior [ RunTime:0.000000s ]
INFO: [ template_filter ] --END-- [ RunTime:0.000000s ]
NOTIC: [8] Undefined index: m C:\Users\Administrator\Desktop\gpays\ThinkPHP\Common\functions.php 第 977 行.
NOTIC: [8] Undefined index: m C:\Users\Administrator\Desktop\gpays\ThinkPHP\Common\functions.php 第 977 行.
NOTIC: [8] Undefined index: m C:\Users\Administrator\Desktop\gpays\ThinkPHP\Common\functions.php 第 977 行.
NOTIC: [8] Undefined index: m C:\Users\Administrator\Desktop\gpays\ThinkPHP\Common\functions.php 第 977 行.
NOTIC: [8] Undefined index: m C:\Users\Administrator\Desktop\gpays\ThinkPHP\Common\functions.php 第 977 行.
NOTIC: [8] Undefined index: m C:\Users\Administrator\Desktop\gpays\ThinkPHP\Common\functions.php 第 977 行.
NOTIC: [8] Undefined index: m C:\Users\Administrator\Desktop\gpays\ThinkPHP\Common\functions.php 第 977 行.
NOTIC: [8] Undefined index: m C:\Users\Administrator\Desktop\gpays\ThinkPHP\Common\functions.php 第 977 行.
INFO: Run Behavior\ParseTemplateBehavior [ RunTime:0.006001s ]
INFO: [ view_parse ] --END-- [ RunTime:0.006001s ]
INFO: [ view_filter ] --START--
INFO: Run Behavior\WriteHtmlCacheBehavior [ RunTime:0.000000s ]
INFO: [ view_filter ] --END-- [ RunTime:0.000000s ]
INFO: [ app_end ] --START--
INFO: Run Behavior\ShowPageTraceBehavior [ RunTime:0.001000s ]
INFO: [ app_end ] --END-- [ RunTime:0.001000s ]

[ 2018-08-21T12:01:35+08:00 ] 127.0.0.1 /Index/index.html
INFO: [ app_init ] --START--
INFO: Run Behavior\BuildLiteBehavior [ RunTime:0.000000s ]
INFO: [ app_init ] --END-- [ RunTime:0.000000s ]
INFO: [ app_begin ] --START--
INFO: Run Behavior\ReadHtmlCacheBehavior [ RunTime:0.000000s ]
INFO: Run Common\Behavior\CheckLangBehavior [ RunTime:0.002000s ]
INFO: [ app_begin ] --END-- [ RunTime:0.002000s ]
SQL: SHOW COLUMNS FROM `ysk_config` [ RunTime:0.0040s ]
SQL: SELECT `value`,`tip` FROM `ysk_config` WHERE `name` = 'TOGGLE_WEB_SITE' LIMIT 1   [ RunTime:0.0000s ]
SQL: SHOW COLUMNS FROM `ysk_user` [ RunTime:0.0030s ]
SQL: SHOW COLUMNS FROM `ysk_user` [ RunTime:0.0030s ]
SQL: SELECT `status`,`session_id` FROM `ysk_user` WHERE `userid` = 4086 LIMIT 1   [ RunTime:0.0000s ]
SQL: SELECT `img_head`,`userid`,`user_credit`,`is_reward`,`today_releas`,`releas_rate` FROM `ysk_user` WHERE `userid` = 4086 LIMIT 1   [ RunTime:0.0000s ]
SQL: SHOW COLUMNS FROM `ysk_store` [ RunTime:0.0030s ]
SQL: SELECT `cangku_num`,`fengmi_num` FROM `ysk_store` WHERE `uid` = 4086 LIMIT 1   [ RunTime:0.0000s ]
SQL: SHOW COLUMNS FROM `ysk_tranmoney` [ RunTime:0.0040s ]
SQL: SELECT SUM(get_nums) AS tp_sum FROM `ysk_tranmoney` WHERE `get_id` = 4086 AND `is_release` = 0 AND `get_type` = 22 AND `get_time` BETWEEN 1534780800 AND 1534867200 LIMIT 1   [ RunTime:0.0020s ]
NOTIC: [8] Undefined variable: can_get C:\Users\Administrator\Desktop\gpays\shop\Home\Controller\IndexController.class.php 第 91 行.
INFO: [ view_parse ] --START--
INFO: [ template_filter ] --START--
INFO: Run Behavior\ContentReplaceBehavior [ RunTime:0.000000s ]
INFO: [ template_filter ] --END-- [ RunTime:0.000000s ]
NOTIC: [8] Undefined index: m C:\Users\Administrator\Desktop\gpays\ThinkPHP\Common\functions.php 第 977 行.
NOTIC: [8] Undefined index: m C:\Users\Administrator\Desktop\gpays\ThinkPHP\Common\functions.php 第 977 行.
NOTIC: [8] Undefined index: m C:\Users\Administrator\Desktop\gpays\ThinkPHP\Common\functions.php 第 977 行.
NOTIC: [8] Undefined index: m C:\Users\Administrator\Desktop\gpays\ThinkPHP\Common\functions.php 第 977 行.
NOTIC: [8] Undefined index: m C:\Users\Administrator\Desktop\gpays\ThinkPHP\Common\functions.php 第 977 行.
NOTIC: [8] Undefined index: m C:\Users\Administrator\Desktop\gpays\ThinkPHP\Common\functions.php 第 977 行.
NOTIC: [8] Undefined index: m C:\Users\Administrator\Desktop\gpays\ThinkPHP\Common\functions.php 第 977 行.
NOTIC: [8] Undefined index: m C:\Users\Administrator\Desktop\gpays\ThinkPHP\Common\functions.php 第 977 行.
NOTIC: [8] Undefined index: m C:\Users\Administrator\Desktop\gpays\ThinkPHP\Common\functions.php 第 977 行.
NOTIC: [8] Undefined index: m C:\Users\Administrator\Desktop\gpays\ThinkPHP\Common\functions.php 第 977 行.
NOTIC: [8] Undefined index: m C:\Users\Administrator\Desktop\gpays\ThinkPHP\Common\functions.php 第 977 行.
NOTIC: [8] Undefined index: m C:\Users\Administrator\Desktop\gpays\ThinkPHP\Common\functions.php 第 977 行.
NOTIC: [8] Undefined index: m C:\Users\Administrator\Desktop\gpays\ThinkPHP\Common\functions.php 第 977 行.
NOTIC: [8] Undefined index: m C:\Users\Administrator\Desktop\gpays\ThinkPHP\Common\functions.php 第 977 行.
NOTIC: [8] Undefined index: m C:\Users\Administrator\Desktop\gpays\ThinkPHP\Common\functions.php 第 977 行.
NOTIC: [8] Undefined index: m C:\Users\Administrator\Desktop\gpays\ThinkPHP\Common\functions.php 第 977 行.
NOTIC: [8] Undefined index: m C:\Users\Administrator\Desktop\gpays\ThinkPHP\Common\functions.php 第 977 行.
NOTIC: [8] Undefined index: m C:\Users\Administrator\Desktop\gpays\ThinkPHP\Common\functions.php 第 977 行.
NOTIC: [8] Undefined index: m C:\Users\Administrator\Desktop\gpays\ThinkPHP\Common\functions.php 第 977 行.
NOTIC: [8] Undefined index: m C:\Users\Administrator\Desktop\gpays\ThinkPHP\Common\functions.php 第 977 行.
NOTIC: [8] Undefined index: m C:\Users\Administrator\Desktop\gpays\ThinkPHP\Common\functions.php 第 977 行.
NOTIC: [8] Undefined index: m C:\Users\Administrator\Desktop\gpays\ThinkPHP\Common\functions.php 第 977 行.
NOTIC: [8] Undefined index: m C:\Users\Administrator\Desktop\gpays\ThinkPHP\Common\functions.php 第 977 行.
NOTIC: [8] Undefined index: m C:\Users\Administrator\Desktop\gpays\ThinkPHP\Common\functions.php 第 977 行.
INFO: Run Behavior\ParseTemplateBehavior [ RunTime:0.010001s ]
INFO: [ view_parse ] --END-- [ RunTime:0.010001s ]
INFO: [ view_filter ] --START--
INFO: Run Behavior\WriteHtmlCacheBehavior [ RunTime:0.000000s ]
INFO: [ view_filter ] --END-- [ RunTime:0.000000s ]
INFO: [ app_end ] --START--
INFO: Run Behavior\ShowPageTraceBehavior [ RunTime:0.001000s ]
INFO: [ app_end ] --END-- [ RunTime:0.001000s ]

[ 2018-08-21T12:01:36+08:00 ] 127.0.0.1 /Quotation/index.html
INFO: [ app_init ] --START--
INFO: Run Behavior\BuildLiteBehavior [ RunTime:0.000000s ]
INFO: [ app_init ] --END-- [ RunTime:0.000000s ]
INFO: [ app_begin ] --START--
INFO: Run Behavior\ReadHtmlCacheBehavior [ RunTime:0.001000s ]
INFO: Run Common\Behavior\CheckLangBehavior [ RunTime:0.001000s ]
INFO: [ app_begin ] --END-- [ RunTime:0.002000s ]
SQL: SHOW COLUMNS FROM `ysk_config` [ RunTime:0.0030s ]
SQL: SELECT `value`,`tip` FROM `ysk_config` WHERE `name` = 'TOGGLE_WEB_SITE' LIMIT 1   [ RunTime:0.0010s ]
SQL: SHOW COLUMNS FROM `ysk_user` [ RunTime:0.0040s ]
SQL: SHOW COLUMNS FROM `ysk_user` [ RunTime:0.0030s ]
SQL: SELECT `status`,`session_id` FROM `ysk_user` WHERE `userid` = 4086 LIMIT 1   [ RunTime:0.0000s ]
INFO: [ view_parse ] --START--
INFO: [ template_filter ] --START--
INFO: Run Behavior\ContentReplaceBehavior [ RunTime:0.000000s ]
INFO: [ template_filter ] --END-- [ RunTime:0.000000s ]
NOTIC: [8] Undefined index: m C:\Users\Administrator\Desktop\gpays\ThinkPHP\Common\functions.php 第 977 行.
NOTIC: [8] Undefined index: m C:\Users\Administrator\Desktop\gpays\ThinkPHP\Common\functions.php 第 977 行.
NOTIC: [8] Undefined index: m C:\Users\Administrator\Desktop\gpays\ThinkPHP\Common\functions.php 第 977 行.
NOTIC: [8] Undefined index: m C:\Users\Administrator\Desktop\gpays\ThinkPHP\Common\functions.php 第 977 行.
NOTIC: [8] Undefined index: m C:\Users\Administrator\Desktop\gpays\ThinkPHP\Common\functions.php 第 977 行.
NOTIC: [8] Undefined index: m C:\Users\Administrator\Desktop\gpays\ThinkPHP\Common\functions.php 第 977 行.
NOTIC: [8] Undefined index: m C:\Users\Administrator\Desktop\gpays\ThinkPHP\Common\functions.php 第 977 行.
NOTIC: [8] Undefined index: m C:\Users\Administrator\Desktop\gpays\ThinkPHP\Common\functions.php 第 977 行.
INFO: Run Behavior\ParseTemplateBehavior [ RunTime:0.006001s ]
INFO: [ view_parse ] --END-- [ RunTime:0.006001s ]
INFO: [ view_filter ] --START--
INFO: Run Behavior\WriteHtmlCacheBehavior [ RunTime:0.000000s ]
INFO: [ view_filter ] --END-- [ RunTime:0.000000s ]
INFO: [ app_end ] --START--
INFO: Run Behavior\ShowPageTraceBehavior [ RunTime:0.001000s ]
INFO: [ app_end ] --END-- [ RunTime:0.001000s ]

[ 2018-08-21T12:01:36+08:00 ] 127.0.0.1 /User/Personal.html
INFO: [ app_init ] --START--
INFO: Run Behavior\BuildLiteBehavior [ RunTime:0.000000s ]
INFO: [ app_init ] --END-- [ RunTime:0.000000s ]
INFO: [ app_begin ] --START--
INFO: Run Behavior\ReadHtmlCacheBehavior [ RunTime:0.000000s ]
INFO: Run Common\Behavior\CheckLangBehavior [ RunTime:0.002000s ]
INFO: [ app_begin ] --END-- [ RunTime:0.002000s ]
SQL: SHOW COLUMNS FROM `ysk_config` [ RunTime:0.0030s ]
SQL: SELECT `value`,`tip` FROM `ysk_config` WHERE `name` = 'TOGGLE_WEB_SITE' LIMIT 1   [ RunTime:0.0000s ]
SQL: SHOW COLUMNS FROM `ysk_user` [ RunTime:0.0040s ]
SQL: SHOW COLUMNS FROM `ysk_user` [ RunTime:0.0030s ]
SQL: SELECT `status`,`session_id` FROM `ysk_user` WHERE `userid` = 4086 LIMIT 1   [ RunTime:0.0000s ]
SQL: SELECT `username`,`is_dailishang`,`userid`,`img_head`,`use_grade`,`user_credit` FROM `ysk_user` WHERE `userid` = 4086 LIMIT 1   [ RunTime:0.0000s ]
INFO: [ view_parse ] --START--
INFO: [ template_filter ] --START--
INFO: Run Behavior\ContentReplaceBehavior [ RunTime:0.000000s ]
INFO: [ template_filter ] --END-- [ RunTime:0.000000s ]
NOTIC: [8] Undefined index: m C:\Users\Administrator\Desktop\gpays\ThinkPHP\Common\functions.php 第 977 行.
NOTIC: [8] Undefined index: m C:\Users\Administrator\Desktop\gpays\ThinkPHP\Common\functions.php 第 977 行.
NOTIC: [8] Undefined index: m C:\Users\Administrator\Desktop\gpays\ThinkPHP\Common\functions.php 第 977 行.
NOTIC: [8] Undefined index: m C:\Users\Administrator\Desktop\gpays\ThinkPHP\Common\functions.php 第 977 行.
NOTIC: [8] Undefined index: m C:\Users\Administrator\Desktop\gpays\ThinkPHP\Common\functions.php 第 977 行.
NOTIC: [8] Undefined index: m C:\Users\Administrator\Desktop\gpays\ThinkPHP\Common\functions.php 第 977 行.
NOTIC: [8] Undefined index: m C:\Users\Administrator\Desktop\gpays\ThinkPHP\Common\functions.php 第 977 行.
NOTIC: [8] Undefined index: m C:\Users\Administrator\Desktop\gpays\ThinkPHP\Common\functions.php 第 977 行.
NOTIC: [8] Undefined index: m C:\Users\Administrator\Desktop\gpays\ThinkPHP\Common\functions.php 第 977 行.
NOTIC: [8] Undefined index: m C:\Users\Administrator\Desktop\gpays\ThinkPHP\Common\functions.php 第 977 行.
NOTIC: [8] Undefined index: m C:\Users\Administrator\Desktop\gpays\ThinkPHP\Common\functions.php 第 977 行.
NOTIC: [8] Undefined index: m C:\Users\Administrator\Desktop\gpays\ThinkPHP\Common\functions.php 第 977 行.
NOTIC: [8] Undefined index: m C:\Users\Administrator\Desktop\gpays\ThinkPHP\Common\functions.php 第 977 行.
NOTIC: [8] Undefined index: m C:\Users\Administrator\Desktop\gpays\ThinkPHP\Common\functions.php 第 977 行.
NOTIC: [8] Undefined index: m C:\Users\Administrator\Desktop\gpays\ThinkPHP\Common\functions.php 第 977 行.
NOTIC: [8] Undefined index: m C:\Users\Administrator\Desktop\gpays\ThinkPHP\Common\functions.php 第 977 行.
NOTIC: [8] Undefined index: m C:\Users\Administrator\Desktop\gpays\ThinkPHP\Common\functions.php 第 977 行.
NOTIC: [8] Undefined index: m C:\Users\Administrator\Desktop\gpays\ThinkPHP\Common\functions.php 第 977 行.
INFO: Run Behavior\ParseTemplateBehavior [ RunTime:0.010001s ]
INFO: [ view_parse ] --END-- [ RunTime:0.010001s ]
INFO: [ view_filter ] --START--
INFO: Run Behavior\WriteHtmlCacheBehavior [ RunTime:0.000000s ]
INFO: [ view_filter ] --END-- [ RunTime:0.000000s ]
INFO: [ app_end ] --START--
INFO: Run Behavior\ShowPageTraceBehavior [ RunTime:0.000000s ]
INFO: [ app_end ] --END-- [ RunTime:0.000000s ]

[ 2018-08-21T12:01:36+08:00 ] 127.0.0.1 /Public/home/wap/heads/1635b2874e9c2b6ac29f439234442582.png
INFO: [ app_init ] --START--
INFO: Run Behavior\BuildLiteBehavior [ RunTime:0.000000s ]
INFO: [ app_init ] --END-- [ RunTime:0.000000s ]

[ 2018-08-21T12:01:37+08:00 ] 127.0.0.1 /Public/home/wap/jsa/jquery.min.map
INFO: [ app_init ] --START--
INFO: Run Behavior\BuildLiteBehavior [ RunTime:0.000000s ]
INFO: [ app_init ] --END-- [ RunTime:0.000000s ]
INFO: [ app_begin ] --START--
INFO: Run Behavior\ReadHtmlCacheBehavior [ RunTime:0.000000s ]
INFO: Run Common\Behavior\CheckLangBehavior [ RunTime:0.002000s ]
INFO: [ app_begin ] --END-- [ RunTime:0.002000s ]
ERR: 无法加载控制器:Public

[ 2018-08-21T12:01:47+08:00 ] 127.0.0.1 /Quotation/index.html
INFO: [ app_init ] --START--
INFO: Run Behavior\BuildLiteBehavior [ RunTime:0.000000s ]
INFO: [ app_init ] --END-- [ RunTime:0.000000s ]
INFO: [ app_begin ] --START--
INFO: Run Behavior\ReadHtmlCacheBehavior [ RunTime:0.000000s ]
INFO: Run Common\Behavior\CheckLangBehavior [ RunTime:0.000000s ]
INFO: [ app_begin ] --END-- [ RunTime:0.000000s ]
SQL: SHOW COLUMNS FROM `ysk_config` [ RunTime:0.0030s ]
SQL: SELECT `value`,`tip` FROM `ysk_config` WHERE `name` = 'TOGGLE_WEB_SITE' LIMIT 1   [ RunTime:0.0000s ]
SQL: SHOW COLUMNS FROM `ysk_user` [ RunTime:0.0030s ]
SQL: SHOW COLUMNS FROM `ysk_user` [ RunTime:0.0040s ]
SQL: SELECT `status`,`session_id` FROM `ysk_user` WHERE `userid` = 4086 LIMIT 1   [ RunTime:0.0010s ]
INFO: [ view_parse ] --START--
INFO: [ template_filter ] --START--
INFO: Run Behavior\ContentReplaceBehavior [ RunTime:0.000000s ]
INFO: [ template_filter ] --END-- [ RunTime:0.000000s ]
NOTIC: [8] Undefined index: m C:\Users\Administrator\Desktop\gpays\ThinkPHP\Common\functions.php 第 977 行.
NOTIC: [8] Undefined index: m C:\Users\Administrator\Desktop\gpays\ThinkPHP\Common\functions.php 第 977 行.
NOTIC: [8] Undefined index: m C:\Users\Administrator\Desktop\gpays\ThinkPHP\Common\functions.php 第 977 行.
NOTIC: [8] Undefined index: m C:\Users\Administrator\Desktop\gpays\ThinkPHP\Common\functions.php 第 977 行.
NOTIC: [8] Undefined index: m C:\Users\Administrator\Desktop\gpays\ThinkPHP\Common\functions.php 第 977 行.
NOTIC: [8] Undefined index: m C:\Users\Administrator\Desktop\gpays\ThinkPHP\Common\functions.php 第 977 行.
NOTIC: [8] Undefined index: m C:\Users\Administrator\Desktop\gpays\ThinkPHP\Common\functions.php 第 977 行.
NOTIC: [8] Undefined index: m C:\Users\Administrator\Desktop\gpays\ThinkPHP\Common\functions.php 第 977 行.
INFO: Run Behavior\ParseTemplateBehavior [ RunTime:0.006000s ]
INFO: [ view_parse ] --END-- [ RunTime:0.006000s ]
INFO: [ view_filter ] --START--
INFO: Run Behavior\WriteHtmlCacheBehavior [ RunTime:0.000000s ]
INFO: [ view_filter ] --END-- [ RunTime:0.000000s ]
INFO: [ app_end ] --START--
INFO: Run Behavior\ShowPageTraceBehavior [ RunTime:0.001000s ]
INFO: [ app_end ] --END-- [ RunTime:0.001000s ]

[ 2018-08-21T12:01:48+08:00 ] 127.0.0.1 /Index/index.html
INFO: [ app_init ] --START--
INFO: Run Behavior\BuildLiteBehavior [ RunTime:0.000000s ]
INFO: [ app_init ] --END-- [ RunTime:0.000000s ]
INFO: [ app_begin ] --START--
INFO: Run Behavior\ReadHtmlCacheBehavior [ RunTime:0.001001s ]
INFO: Run Common\Behavior\CheckLangBehavior [ RunTime:0.001000s ]
INFO: [ app_begin ] --END-- [ RunTime:0.002001s ]
SQL: SHOW COLUMNS FROM `ysk_config` [ RunTime:0.0030s ]
SQL: SELECT `value`,`tip` FROM `ysk_config` WHERE `name` = 'TOGGLE_WEB_SITE' LIMIT 1   [ RunTime:0.0000s ]
SQL: SHOW COLUMNS FROM `ysk_user` [ RunTime:0.0030s ]
SQL: SHOW COLUMNS FROM `ysk_user` [ RunTime:0.0040s ]
SQL: SELECT `status`,`session_id` FROM `ysk_user` WHERE `userid` = 4086 LIMIT 1   [ RunTime:0.0000s ]
SQL: SELECT `img_head`,`userid`,`user_credit`,`is_reward`,`today_releas`,`releas_rate` FROM `ysk_user` WHERE `userid` = 4086 LIMIT 1   [ RunTime:0.0000s ]
SQL: SHOW COLUMNS FROM `ysk_store` [ RunTime:0.0030s ]
SQL: SELECT `cangku_num`,`fengmi_num` FROM `ysk_store` WHERE `uid` = 4086 LIMIT 1   [ RunTime:0.0010s ]
SQL: SHOW COLUMNS FROM `ysk_tranmoney` [ RunTime:0.0030s ]
SQL: SELECT SUM(get_nums) AS tp_sum FROM `ysk_tranmoney` WHERE `get_id` = 4086 AND `is_release` = 0 AND `get_type` = 22 AND `get_time` BETWEEN 1534780800 AND 1534867200 LIMIT 1   [ RunTime:0.0020s ]
NOTIC: [8] Undefined variable: can_get C:\Users\Administrator\Desktop\gpays\shop\Home\Controller\IndexController.class.php 第 91 行.
INFO: [ view_parse ] --START--
INFO: [ template_filter ] --START--
INFO: Run Behavior\ContentReplaceBehavior [ RunTime:0.000000s ]
INFO: [ template_filter ] --END-- [ RunTime:0.000000s ]
NOTIC: [8] Undefined index: m C:\Users\Administrator\Desktop\gpays\ThinkPHP\Common\functions.php 第 977 行.
NOTIC: [8] Undefined index: m C:\Users\Administrator\Desktop\gpays\ThinkPHP\Common\functions.php 第 977 行.
NOTIC: [8] Undefined index: m C:\Users\Administrator\Desktop\gpays\ThinkPHP\Common\functions.php 第 977 行.
NOTIC: [8] Undefined index: m C:\Users\Administrator\Desktop\gpays\ThinkPHP\Common\functions.php 第 977 行.
NOTIC: [8] Undefined index: m C:\Users\Administrator\Desktop\gpays\ThinkPHP\Common\functions.php 第 977 行.
NOTIC: [8] Undefined index: m C:\Users\Administrator\Desktop\gpays\ThinkPHP\Common\functions.php 第 977 行.
NOTIC: [8] Undefined index: m C:\Users\Administrator\Desktop\gpays\ThinkPHP\Common\functions.php 第 977 行.
NOTIC: [8] Undefined index: m C:\Users\Administrator\Desktop\gpays\ThinkPHP\Common\functions.php 第 977 行.
NOTIC: [8] Undefined index: m C:\Users\Administrator\Desktop\gpays\ThinkPHP\Common\functions.php 第 977 行.
NOTIC: [8] Undefined index: m C:\Users\Administrator\Desktop\gpays\ThinkPHP\Common\functions.php 第 977 行.
NOTIC: [8] Undefined index: m C:\Users\Administrator\Desktop\gpays\ThinkPHP\Common\functions.php 第 977 行.
NOTIC: [8] Undefined index: m C:\Users\Administrator\Desktop\gpays\ThinkPHP\Common\functions.php 第 977 行.
NOTIC: [8] Undefined index: m C:\Users\Administrator\Desktop\gpays\ThinkPHP\Common\functions.php 第 977 行.
NOTIC: [8] Undefined index: m C:\Users\Administrator\Desktop\gpays\ThinkPHP\Common\functions.php 第 977 行.
NOTIC: [8] Undefined index: m C:\Users\Administrator\Desktop\gpays\ThinkPHP\Common\functions.php 第 977 行.
NOTIC: [8] Undefined index: m C:\Users\Administrator\Desktop\gpays\ThinkPHP\Common\functions.php 第 977 行.
NOTIC: [8] Undefined index: m C:\Users\Administrator\Desktop\gpays\ThinkPHP\Common\functions.php 第 977 行.
NOTIC: [8] Undefined index: m C:\Users\Administrator\Desktop\gpays\ThinkPHP\Common\functions.php 第 977 行.
NOTIC: [8] Undefined index: m C:\Users\Administrator\Desktop\gpays\ThinkPHP\Common\functions.php 第 977 行.
NOTIC: [8] Undefined index: m C:\Users\Administrator\Desktop\gpays\ThinkPHP\Common\functions.php 第 977 行.
NOTIC: [8] Undefined index: m C:\Users\Administrator\Desktop\gpays\ThinkPHP\Common\functions.php 第 977 行.
NOTIC: [8] Undefined index: m C:\Users\Administrator\Desktop\gpays\ThinkPHP\Common\functions.php 第 977 行.
NOTIC: [8] Undefined index: m C:\Users\Administrator\Desktop\gpays\ThinkPHP\Common\functions.php 第 977 行.
NOTIC: [8] Undefined index: m C:\Users\Administrator\Desktop\gpays\ThinkPHP\Common\functions.php 第 977 行.
INFO: Run Behavior\ParseTemplateBehavior [ RunTime:0.010001s ]
INFO: [ view_parse ] --END-- [ RunTime:0.010001s ]
INFO: [ view_filter ] --START--
INFO: Run Behavior\WriteHtmlCacheBehavior [ RunTime:0.000000s ]
INFO: [ view_filter ] --END-- [ RunTime:0.000000s ]
INFO: [ app_end ] --START--
INFO: Run Behavior\ShowPageTraceBehavior [ RunTime:0.001000s ]
INFO: [ app_end ] --END-- [ RunTime:0.001000s ]

[ 2018-08-21T12:01:51+08:00 ] 127.0.0.1 /User/Personal.html
INFO: [ app_init ] --START--
INFO: Run Behavior\BuildLiteBehavior [ RunTime:0.000000s ]
INFO: [ app_init ] --END-- [ RunTime:0.000000s ]
INFO: [ app_begin ] --START--
INFO: Run Behavior\ReadHtmlCacheBehavior [ RunTime:0.000000s ]
INFO: Run Common\Behavior\CheckLangBehavior [ RunTime:0.002000s ]
INFO: [ app_begin ] --END-- [ RunTime:0.002000s ]
SQL: SHOW COLUMNS FROM `ysk_config` [ RunTime:0.0030s ]
SQL: SELECT `value`,`tip` FROM `ysk_config` WHERE `name` = 'TOGGLE_WEB_SITE' LIMIT 1   [ RunTime:0.0010s ]
SQL: SHOW COLUMNS FROM `ysk_user` [ RunTime:0.0040s ]
SQL: SHOW COLUMNS FROM `ysk_user` [ RunTime:0.0030s ]
SQL: SELECT `status`,`session_id` FROM `ysk_user` WHERE `userid` = 4086 LIMIT 1   [ RunTime:0.0000s ]
SQL: SELECT `username`,`is_dailishang`,`userid`,`img_head`,`use_grade`,`user_credit` FROM `ysk_user` WHERE `userid` = 4086 LIMIT 1   [ RunTime:0.0000s ]
INFO: [ view_parse ] --START--
INFO: [ template_filter ] --START--
INFO: Run Behavior\ContentReplaceBehavior [ RunTime:0.000000s ]
INFO: [ template_filter ] --END-- [ RunTime:0.001000s ]
NOTIC: [8] Undefined index: m C:\Users\Administrator\Desktop\gpays\ThinkPHP\Common\functions.php 第 977 行.
NOTIC: [8] Undefined index: m C:\Users\Administrator\Desktop\gpays\ThinkPHP\Common\functions.php 第 977 行.
NOTIC: [8] Undefined index: m C:\Users\Administrator\Desktop\gpays\ThinkPHP\Common\functions.php 第 977 行.
NOTIC: [8] Undefined index: m C:\Users\Administrator\Desktop\gpays\ThinkPHP\Common\functions.php 第 977 行.
NOTIC: [8] Undefined index: m C:\Users\Administrator\Desktop\gpays\ThinkPHP\Common\functions.php 第 977 行.
NOTIC: [8] Undefined index: m C:\Users\Administrator\Desktop\gpays\ThinkPHP\Common\functions.php 第 977 行.
NOTIC: [8] Undefined index: m C:\Users\Administrator\Desktop\gpays\ThinkPHP\Common\functions.php 第 977 行.
NOTIC: [8] Undefined index: m C:\Users\Administrator\Desktop\gpays\ThinkPHP\Common\functions.php 第 977 行.
NOTIC: [8] Undefined index: m C:\Users\Administrator\Desktop\gpays\ThinkPHP\Common\functions.php 第 977 行.
NOTIC: [8] Undefined index: m C:\Users\Administrator\Desktop\gpays\ThinkPHP\Common\functions.php 第 977 行.
NOTIC: [8] Undefined index: m C:\Users\Administrator\Desktop\gpays\ThinkPHP\Common\functions.php 第 977 行.
NOTIC: [8] Undefined index: m C:\Users\Administrator\Desktop\gpays\ThinkPHP\Common\functions.php 第 977 行.
NOTIC: [8] Undefined index: m C:\Users\Administrator\Desktop\gpays\ThinkPHP\Common\functions.php 第 977 行.
NOTIC: [8] Undefined index: m C:\Users\Administrator\Desktop\gpays\ThinkPHP\Common\functions.php 第 977 行.
NOTIC: [8] Undefined index: m C:\Users\Administrator\Desktop\gpays\ThinkPHP\Common\functions.php 第 977 行.
NOTIC: [8] Undefined index: m C:\Users\Administrator\Desktop\gpays\ThinkPHP\Common\functions.php 第 977 行.
NOTIC: [8] Undefined index: m C:\Users\Administrator\Desktop\gpays\ThinkPHP\Common\functions.php 第 977 行.
NOTIC: [8] Undefined index: m C:\Users\Administrator\Desktop\gpays\ThinkPHP\Common\functions.php 第 977 行.
INFO: Run Behavior\ParseTemplateBehavior [ RunTime:0.010000s ]
INFO: [ view_parse ] --END-- [ RunTime:0.010000s ]
INFO: [ view_filter ] --START--
INFO: Run Behavior\WriteHtmlCacheBehavior [ RunTime:0.000000s ]
INFO: [ view_filter ] --END-- [ RunTime:0.000000s ]
INFO: [ app_end ] --START--
INFO: Run Behavior\ShowPageTraceBehavior [ RunTime:0.001000s ]
INFO: [ app_end ] --END-- [ RunTime:0.001000s ]

[ 2018-08-21T12:01:52+08:00 ] 127.0.0.1 /Public/home/wap/heads/1635b2874e9c2b6ac29f439234442582.png
INFO: [ app_init ] --START--
INFO: Run Behavior\BuildLiteBehavior [ RunTime:0.000000s ]
INFO: [ app_init ] --END-- [ RunTime:0.000000s ]

[ 2018-08-21T12:01:52+08:00 ] 127.0.0.1 /Public/home/wap/jsa/jquery.min.map
INFO: [ app_init ] --START--
INFO: Run Behavior\BuildLiteBehavior [ RunTime:0.000000s ]
INFO: [ app_init ] --END-- [ RunTime:0.000000s ]
INFO: [ app_begin ] --START--
INFO: Run Behavior\ReadHtmlCacheBehavior [ RunTime:0.000000s ]
INFO: Run Common\Behavior\CheckLangBehavior [ RunTime:0.002000s ]
INFO: [ app_begin ] --END-- [ RunTime:0.002000s ]
ERR: 无法加载控制器:Public

[ 2018-08-21T12:01:56+08:00 ] 127.0.0.1 /User/Setpwd/type/1.html
INFO: [ app_init ] --START--
INFO: Run Behavior\BuildLiteBehavior [ RunTime:0.000000s ]
INFO: [ app_init ] --END-- [ RunTime:0.000000s ]
INFO: [ app_begin ] --START--
INFO: Run Behavior\ReadHtmlCacheBehavior [ RunTime:0.000000s ]
INFO: Run Common\Behavior\CheckLangBehavior [ RunTime:0.000000s ]
INFO: [ app_begin ] --END-- [ RunTime:0.000000s ]
SQL: SHOW COLUMNS FROM `ysk_config` [ RunTime:0.0030s ]
SQL: SELECT `value`,`tip` FROM `ysk_config` WHERE `name` = 'TOGGLE_WEB_SITE' LIMIT 1   [ RunTime:0.0000s ]
SQL: SHOW COLUMNS FROM `ysk_user` [ RunTime:0.0040s ]
SQL: SHOW COLUMNS FROM `ysk_user` [ RunTime:0.0030s ]
SQL: SELECT `status`,`session_id` FROM `ysk_user` WHERE `userid` = 4086 LIMIT 1   [ RunTime:0.0000s ]
INFO: [ view_parse ] --START--
INFO: [ template_filter ] --START--
INFO: Run Behavior\ContentReplaceBehavior [ RunTime:0.000000s ]
INFO: [ template_filter ] --END-- [ RunTime:0.000000s ]
NOTIC: [8] Undefined index: m C:\Users\Administrator\Desktop\gpays\ThinkPHP\Common\functions.php 第 977 行.
INFO: Run Behavior\ParseTemplateBehavior [ RunTime:0.005001s ]
INFO: [ view_parse ] --END-- [ RunTime:0.005001s ]
INFO: [ view_filter ] --START--
INFO: Run Behavior\WriteHtmlCacheBehavior [ RunTime:0.001000s ]
INFO: [ view_filter ] --END-- [ RunTime:0.001000s ]
INFO: [ app_end ] --START--
INFO: Run Behavior\ShowPageTraceBehavior [ RunTime:0.000000s ]
INFO: [ app_end ] --END-- [ RunTime:0.000000s ]

[ 2018-08-21T12:01:57+08:00 ] 127.0.0.1 /Public/home/wap/jsa/jquery.min.map
INFO: [ app_init ] --START--
INFO: Run Behavior\BuildLiteBehavior [ RunTime:0.000000s ]
INFO: [ app_init ] --END-- [ RunTime:0.000000s ]
INFO: [ app_begin ] --START--
INFO: Run Behavior\ReadHtmlCacheBehavior [ RunTime:0.000000s ]
INFO: Run Common\Behavior\CheckLangBehavior [ RunTime:0.002000s ]
INFO: [ app_begin ] --END-- [ RunTime:0.002000s ]
ERR: 无法加载控制器:Public

[ 2018-08-21T12:01:59+08:00 ] 127.0.0.1 /User/Personal.html
INFO: [ app_init ] --START--
INFO: Run Behavior\BuildLiteBehavior [ RunTime:0.000000s ]
INFO: [ app_init ] --END-- [ RunTime:0.000000s ]
INFO: [ app_begin ] --START--
INFO: Run Behavior\ReadHtmlCacheBehavior [ RunTime:0.001000s ]
INFO: Run Common\Behavior\CheckLangBehavior [ RunTime:0.002000s ]
INFO: [ app_begin ] --END-- [ RunTime:0.003000s ]
SQL: SHOW COLUMNS FROM `ysk_config` [ RunTime:0.0030s ]
SQL: SELECT `value`,`tip` FROM `ysk_config` WHERE `name` = 'TOGGLE_WEB_SITE' LIMIT 1   [ RunTime:0.0000s ]
SQL: SHOW COLUMNS FROM `ysk_user` [ RunTime:0.0030s ]
SQL: SHOW COLUMNS FROM `ysk_user` [ RunTime:0.0040s ]
SQL: SELECT `status`,`session_id` FROM `ysk_user` WHERE `userid` = 4086 LIMIT 1   [ RunTime:0.0000s ]
SQL: SELECT `username`,`is_dailishang`,`userid`,`img_head`,`use_grade`,`user_credit` FROM `ysk_user` WHERE `userid` = 4086 LIMIT 1   [ RunTime:0.0000s ]
INFO: [ view_parse ] --START--
INFO: [ template_filter ] --START--
INFO: Run Behavior\ContentReplaceBehavior [ RunTime:0.000000s ]
INFO: [ template_filter ] --END-- [ RunTime:0.000000s ]
NOTIC: [8] Undefined index: m C:\Users\Administrator\Desktop\gpays\ThinkPHP\Common\functions.php 第 977 行.
NOTIC: [8] Undefined index: m C:\Users\Administrator\Desktop\gpays\ThinkPHP\Common\functions.php 第 977 行.
NOTIC: [8] Undefined index: m C:\Users\Administrator\Desktop\gpays\ThinkPHP\Common\functions.php 第 977 行.
NOTIC: [8] Undefined index: m C:\Users\Administrator\Desktop\gpays\ThinkPHP\Common\functions.php 第 977 行.
NOTIC: [8] Undefined index: m C:\Users\Administrator\Desktop\gpays\ThinkPHP\Common\functions.php 第 977 行.
NOTIC: [8] Undefined index: m C:\Users\Administrator\Desktop\gpays\ThinkPHP\Common\functions.php 第 977 行.
NOTIC: [8] Undefined index: m C:\Users\Administrator\Desktop\gpays\ThinkPHP\Common\functions.php 第 977 行.
NOTIC: [8] Undefined index: m C:\Users\Administrator\Desktop\gpays\ThinkPHP\Common\functions.php 第 977 行.
NOTIC: [8] Undefined index: m C:\Users\Administrator\Desktop\gpays\ThinkPHP\Common\functions.php 第 977 行.
NOTIC: [8] Undefined index: m C:\Users\Administrator\Desktop\gpays\ThinkPHP\Common\functions.php 第 977 行.
NOTIC: [8] Undefined index: m C:\Users\Administrator\Desktop\gpays\ThinkPHP\Common\functions.php 第 977 行.
NOTIC: [8] Undefined index: m C:\Users\Administrator\Desktop\gpays\ThinkPHP\Common\functions.php 第 977 行.
NOTIC: [8] Undefined index: m C:\Users\Administrator\Desktop\gpays\ThinkPHP\Common\functions.php 第 977 行.
NOTIC: [8] Undefined index: m C:\Users\Administrator\Desktop\gpays\ThinkPHP\Common\functions.php 第 977 行.
NOTIC: [8] Undefined index: m C:\Users\Administrator\Desktop\gpays\ThinkPHP\Common\functions.php 第 977 行.
NOTIC: [8] Undefined index: m C:\Users\Administrator\Desktop\gpays\ThinkPHP\Common\functions.php 第 977 行.
NOTIC: [8] Undefined index: m C:\Users\Administrator\Desktop\gpays\ThinkPHP\Common\functions.php 第 977 行.
NOTIC: [8] Undefined index: m C:\Users\Administrator\Desktop\gpays\ThinkPHP\Common\functions.php 第 977 行.
INFO: Run Behavior\ParseTemplateBehavior [ RunTime:0.010001s ]
INFO: [ view_parse ] --END-- [ RunTime:0.010001s ]
INFO: [ view_filter ] --START--
INFO: Run Behavior\WriteHtmlCacheBehavior [ RunTime:0.000000s ]
INFO: [ view_filter ] --END-- [ RunTime:0.000000s ]
INFO: [ app_end ] --START--
INFO: Run Behavior\ShowPageTraceBehavior [ RunTime:0.001000s ]
INFO: [ app_end ] --END-- [ RunTime:0.001000s ]

[ 2018-08-21T12:01:59+08:00 ] 127.0.0.1 /Public/home/wap/heads/1635b2874e9c2b6ac29f439234442582.png
INFO: [ app_init ] --START--
INFO: Run Behavior\BuildLiteBehavior [ RunTime:0.000000s ]
INFO: [ app_init ] --END-- [ RunTime:0.000000s ]

[ 2018-08-21T12:01:59+08:00 ] 127.0.0.1 /Public/home/wap/jsa/jquery.min.map
INFO: [ app_init ] --START--
INFO: Run Behavior\BuildLiteBehavior [ RunTime:0.000000s ]
INFO: [ app_init ] --END-- [ RunTime:0.000000s ]
INFO: [ app_begin ] --START--
INFO: Run Behavior\ReadHtmlCacheBehavior [ RunTime:0.001000s ]
INFO: Run Common\Behavior\CheckLangBehavior [ RunTime:0.002000s ]
INFO: [ app_begin ] --END-- [ RunTime:0.003000s ]
ERR: 无法加载控制器:Public

[ 2018-08-21T12:02:01+08:00 ] 127.0.0.1 /Quotation/index.html
INFO: [ app_init ] --START--
INFO: Run Behavior\BuildLiteBehavior [ RunTime:0.000000s ]
INFO: [ app_init ] --END-- [ RunTime:0.000000s ]
INFO: [ app_begin ] --START--
INFO: Run Behavior\ReadHtmlCacheBehavior [ RunTime:0.000000s ]
INFO: Run Common\Behavior\CheckLangBehavior [ RunTime:0.002000s ]
INFO: [ app_begin ] --END-- [ RunTime:0.002000s ]
SQL: SHOW COLUMNS FROM `ysk_config` [ RunTime:0.0030s ]
SQL: SELECT `value`,`tip` FROM `ysk_config` WHERE `name` = 'TOGGLE_WEB_SITE' LIMIT 1   [ RunTime:0.0000s ]
SQL: SHOW COLUMNS FROM `ysk_user` [ RunTime:0.0030s ]
SQL: SHOW COLUMNS FROM `ysk_user` [ RunTime:0.0030s ]
SQL: SELECT `status`,`session_id` FROM `ysk_user` WHERE `userid` = 4086 LIMIT 1   [ RunTime:0.0000s ]
INFO: [ view_parse ] --START--
INFO: [ template_filter ] --START--
INFO: Run Behavior\ContentReplaceBehavior [ RunTime:0.000000s ]
INFO: [ template_filter ] --END-- [ RunTime:0.001000s ]
NOTIC: [8] Undefined index: m C:\Users\Administrator\Desktop\gpays\ThinkPHP\Common\functions.php 第 977 行.
NOTIC: [8] Undefined index: m C:\Users\Administrator\Desktop\gpays\ThinkPHP\Common\functions.php 第 977 行.
NOTIC: [8] Undefined index: m C:\Users\Administrator\Desktop\gpays\ThinkPHP\Common\functions.php 第 977 行.
NOTIC: [8] Undefined index: m C:\Users\Administrator\Desktop\gpays\ThinkPHP\Common\functions.php 第 977 行.
NOTIC: [8] Undefined index: m C:\Users\Administrator\Desktop\gpays\ThinkPHP\Common\functions.php 第 977 行.
NOTIC: [8] Undefined index: m C:\Users\Administrator\Desktop\gpays\ThinkPHP\Common\functions.php 第 977 行.
NOTIC: [8] Undefined index: m C:\Users\Administrator\Desktop\gpays\ThinkPHP\Common\functions.php 第 977 行.
NOTIC: [8] Undefined index: m C:\Users\Administrator\Desktop\gpays\ThinkPHP\Common\functions.php 第 977 行.
INFO: Run Behavior\ParseTemplateBehavior [ RunTime:0.006001s ]
INFO: [ view_parse ] --END-- [ RunTime:0.006001s ]
INFO: [ view_filter ] --START--
INFO: Run Behavior\WriteHtmlCacheBehavior [ RunTime:0.000000s ]
INFO: [ view_filter ] --END-- [ RunTime:0.000000s ]
INFO: [ app_end ] --START--
INFO: Run Behavior\ShowPageTraceBehavior [ RunTime:0.001000s ]
INFO: [ app_end ] --END-- [ RunTime:0.001000s ]

[ 2018-08-21T12:03:40+08:00 ] 127.0.0.1 /User/Personal.html
INFO: [ app_init ] --START--
INFO: Run Behavior\BuildLiteBehavior [ RunTime:0.000000s ]
INFO: [ app_init ] --END-- [ RunTime:0.000000s ]
INFO: [ app_begin ] --START--
INFO: Run Behavior\ReadHtmlCacheBehavior [ RunTime:0.001000s ]
INFO: Run Common\Behavior\CheckLangBehavior [ RunTime:0.001000s ]
INFO: [ app_begin ] --END-- [ RunTime:0.002000s ]
SQL: SHOW COLUMNS FROM `ysk_config` [ RunTime:0.0040s ]
SQL: SELECT `value`,`tip` FROM `ysk_config` WHERE `name` = 'TOGGLE_WEB_SITE' LIMIT 1   [ RunTime:0.0000s ]
SQL: SHOW COLUMNS FROM `ysk_user` [ RunTime:0.0030s ]
SQL: SHOW COLUMNS FROM `ysk_user` [ RunTime:0.0040s ]
SQL: SELECT `status`,`session_id` FROM `ysk_user` WHERE `userid` = 4086 LIMIT 1   [ RunTime:0.0000s ]
SQL: SELECT `username`,`is_dailishang`,`userid`,`img_head`,`use_grade`,`user_credit` FROM `ysk_user` WHERE `userid` = 4086 LIMIT 1   [ RunTime:0.0000s ]
INFO: [ view_parse ] --START--
INFO: [ template_filter ] --START--
INFO: Run Behavior\ContentReplaceBehavior [ RunTime:0.001000s ]
INFO: [ template_filter ] --END-- [ RunTime:0.001000s ]
NOTIC: [8] Undefined index: m C:\Users\Administrator\Desktop\gpays\ThinkPHP\Common\functions.php 第 977 行.
NOTIC: [8] Undefined index: m C:\Users\Administrator\Desktop\gpays\ThinkPHP\Common\functions.php 第 977 行.
NOTIC: [8] Undefined index: m C:\Users\Administrator\Desktop\gpays\ThinkPHP\Common\functions.php 第 977 行.
NOTIC: [8] Undefined index: m C:\Users\Administrator\Desktop\gpays\ThinkPHP\Common\functions.php 第 977 行.
NOTIC: [8] Undefined index: m C:\Users\Administrator\Desktop\gpays\ThinkPHP\Common\functions.php 第 977 行.
NOTIC: [8] Undefined index: m C:\Users\Administrator\Desktop\gpays\ThinkPHP\Common\functions.php 第 977 行.
NOTIC: [8] Undefined index: m C:\Users\Administrator\Desktop\gpays\ThinkPHP\Common\functions.php 第 977 行.
NOTIC: [8] Undefined index: m C:\Users\Administrator\Desktop\gpays\ThinkPHP\Common\functions.php 第 977 行.
NOTIC: [8] Undefined index: m C:\Users\Administrator\Desktop\gpays\ThinkPHP\Common\functions.php 第 977 行.
NOTIC: [8] Undefined index: m C:\Users\Administrator\Desktop\gpays\ThinkPHP\Common\functions.php 第 977 行.
NOTIC: [8] Undefined index: m C:\Users\Administrator\Desktop\gpays\ThinkPHP\Common\functions.php 第 977 行.
NOTIC: [8] Undefined index: m C:\Users\Administrator\Desktop\gpays\ThinkPHP\Common\functions.php 第 977 行.
NOTIC: [8] Undefined index: m C:\Users\Administrator\Desktop\gpays\ThinkPHP\Common\functions.php 第 977 行.
NOTIC: [8] Undefined index: m C:\Users\Administrator\Desktop\gpays\ThinkPHP\Common\functions.php 第 977 行.
NOTIC: [8] Undefined index: m C:\Users\Administrator\Desktop\gpays\ThinkPHP\Common\functions.php 第 977 行.
NOTIC: [8] Undefined index: m C:\Users\Administrator\Desktop\gpays\ThinkPHP\Common\functions.php 第 977 行.
NOTIC: [8] Undefined index: m C:\Users\Administrator\Desktop\gpays\ThinkPHP\Common\functions.php 第 977 行.
NOTIC: [8] Undefined index: m C:\Users\Administrator\Desktop\gpays\ThinkPHP\Common\functions.php 第 977 行.
INFO: Run Behavior\ParseTemplateBehavior [ RunTime:0.009000s ]
INFO: [ view_parse ] --END-- [ RunTime:0.009000s ]
INFO: [ view_filter ] --START--
INFO: Run Behavior\WriteHtmlCacheBehavior [ RunTime:0.001000s ]
INFO: [ view_filter ] --END-- [ RunTime:0.001000s ]
INFO: [ app_end ] --START--
INFO: Run Behavior\ShowPageTraceBehavior [ RunTime:0.000000s ]
INFO: [ app_end ] --END-- [ RunTime:0.000000s ]

[ 2018-08-21T12:03:40+08:00 ] 127.0.0.1 /Public/home/wap/heads/1635b2874e9c2b6ac29f439234442582.png
INFO: [ app_init ] --START--
INFO: Run Behavior\BuildLiteBehavior [ RunTime:0.000000s ]
INFO: [ app_init ] --END-- [ RunTime:0.001000s ]

[ 2018-08-21T12:03:40+08:00 ] 127.0.0.1 /Public/home/wap/jsa/jquery.min.map
INFO: [ app_init ] --START--
INFO: Run Behavior\BuildLiteBehavior [ RunTime:0.000000s ]
INFO: [ app_init ] --END-- [ RunTime:0.000000s ]
INFO: [ app_begin ] --START--
INFO: Run Behavior\ReadHtmlCacheBehavior [ RunTime:0.000000s ]
INFO: Run Common\Behavior\CheckLangBehavior [ RunTime:0.002000s ]
INFO: [ app_begin ] --END-- [ RunTime:0.002000s ]
ERR: 无法加载控制器:Public

[ 2018-08-21T12:03:42+08:00 ] 127.0.0.1 /User/Loginout.html
INFO: [ app_init ] --START--
INFO: Run Behavior\BuildLiteBehavior [ RunTime:0.000000s ]
INFO: [ app_init ] --END-- [ RunTime:0.001000s ]
INFO: [ app_begin ] --START--
INFO: Run Behavior\ReadHtmlCacheBehavior [ RunTime:0.001000s ]
INFO: Run Common\Behavior\CheckLangBehavior [ RunTime:0.001000s ]
INFO: [ app_begin ] --END-- [ RunTime:0.002000s ]
SQL: SHOW COLUMNS FROM `ysk_config` [ RunTime:0.0040s ]
SQL: SELECT `value`,`tip` FROM `ysk_config` WHERE `name` = 'TOGGLE_WEB_SITE' LIMIT 1   [ RunTime:0.0000s ]
SQL: SHOW COLUMNS FROM `ysk_user` [ RunTime:0.0030s ]
SQL: SHOW COLUMNS FROM `ysk_user` [ RunTime:0.0040s ]
SQL: SELECT `status`,`session_id` FROM `ysk_user` WHERE `userid` = 4086 LIMIT 1   [ RunTime:0.0000s ]
NOTIC: [8] Undefined index: m C:\Users\Administrator\Desktop\gpays\ThinkPHP\Common\functions.php 第 977 行.

[ 2018-08-21T12:03:42+08:00 ] 127.0.0.1 /Login/login.html
INFO: [ app_init ] --START--
INFO: Run Behavior\BuildLiteBehavior [ RunTime:0.000000s ]
INFO: [ app_init ] --END-- [ RunTime:0.000000s ]
INFO: [ app_begin ] --START--
INFO: Run Behavior\ReadHtmlCacheBehavior [ RunTime:0.000000s ]
INFO: Run Common\Behavior\CheckLangBehavior [ RunTime:0.002000s ]
INFO: [ app_begin ] --END-- [ RunTime:0.002000s ]
SQL: SHOW COLUMNS FROM `ysk_config` [ RunTime:0.0030s ]
SQL: SELECT `value`,`tip` FROM `ysk_config` WHERE `name` = 'TOGGLE_WEB_SITE' LIMIT 1   [ RunTime:0.0000s ]
INFO: [ view_parse ] --START--
INFO: [ template_filter ] --START--
INFO: Run Behavior\ContentReplaceBehavior [ RunTime:0.000000s ]
INFO: [ template_filter ] --END-- [ RunTime:0.000000s ]
NOTIC: [8] Undefined index: m C:\Users\Administrator\Desktop\gpays\ThinkPHP\Common\functions.php 第 977 行.
NOTIC: [8] Undefined index: m C:\Users\Administrator\Desktop\gpays\ThinkPHP\Common\functions.php 第 977 行.
NOTIC: [8] Undefined index: m C:\Users\Administrator\Desktop\gpays\ThinkPHP\Common\functions.php 第 977 行.
NOTIC: [8] Undefined index: m C:\Users\Administrator\Desktop\gpays\ThinkPHP\Common\functions.php 第 977 行.
INFO: Run Behavior\ParseTemplateBehavior [ RunTime:0.005000s ]
INFO: [ view_parse ] --END-- [ RunTime:0.005000s ]
INFO: [ view_filter ] --START--
INFO: Run Behavior\WriteHtmlCacheBehavior [ RunTime:0.001000s ]
INFO: [ view_filter ] --END-- [ RunTime:0.001000s ]
INFO: [ app_end ] --START--
INFO: Run Behavior\ShowPageTraceBehavior [ RunTime:0.000000s ]
INFO: [ app_end ] --END-- [ RunTime:0.000000s ]

[ 2018-08-21T15:28:33+08:00 ] 192.168.1.82 /
INFO: [ app_init ] --START--
INFO: Run Behavior\BuildLiteBehavior [ RunTime:0.000000s ]
INFO: [ app_init ] --END-- [ RunTime:0.000000s ]
INFO: [ app_begin ] --START--
INFO: Run Behavior\ReadHtmlCacheBehavior [ RunTime:0.000000s ]
INFO: Run Common\Behavior\CheckLangBehavior [ RunTime:0.000000s ]
INFO: [ app_begin ] --END-- [ RunTime:0.000000s ]
SQL: SHOW COLUMNS FROM `ysk_config` [ RunTime:0.0156s ]
SQL: SELECT `value`,`tip` FROM `ysk_config` WHERE `name` = 'TOGGLE_WEB_SITE' LIMIT 1   [ RunTime:0.0000s ]
SQL: SHOW COLUMNS FROM `ysk_user` [ RunTime:0.0000s ]
SQL: SHOW COLUMNS FROM `ysk_user` [ RunTime:0.0000s ]
NOTIC: [8] Undefined index: m C:\Users\Administrator\Desktop\gpays\ThinkPHP\Common\functions.php 第 977 行.

[ 2018-08-21T15:28:33+08:00 ] 192.168.1.82 /Login/login.html
INFO: [ app_init ] --START--
INFO: Run Behavior\BuildLiteBehavior [ RunTime:0.000000s ]
INFO: [ app_init ] --END-- [ RunTime:0.000000s ]
INFO: [ app_begin ] --START--
INFO: Run Behavior\ReadHtmlCacheBehavior [ RunTime:0.000000s ]
INFO: Run Common\Behavior\CheckLangBehavior [ RunTime:0.002000s ]
INFO: [ app_begin ] --END-- [ RunTime:0.002000s ]
SQL: SHOW COLUMNS FROM `ysk_config` [ RunTime:0.0050s ]
SQL: SELECT `value`,`tip` FROM `ysk_config` WHERE `name` = 'TOGGLE_WEB_SITE' LIMIT 1   [ RunTime:0.0010s ]
INFO: [ view_parse ] --START--
INFO: [ template_filter ] --START--
INFO: Run Behavior\ContentReplaceBehavior [ RunTime:0.000000s ]
INFO: [ template_filter ] --END-- [ RunTime:0.000000s ]
NOTIC: [8] Undefined index: m C:\Users\Administrator\Desktop\gpays\ThinkPHP\Common\functions.php 第 977 行.
NOTIC: [8] Undefined index: m C:\Users\Administrator\Desktop\gpays\ThinkPHP\Common\functions.php 第 977 行.
NOTIC: [8] Undefined index: m C:\Users\Administrator\Desktop\gpays\ThinkPHP\Common\functions.php 第 977 行.
NOTIC: [8] Undefined index: m C:\Users\Administrator\Desktop\gpays\ThinkPHP\Common\functions.php 第 977 行.
INFO: Run Behavior\ParseTemplateBehavior [ RunTime:0.006001s ]
INFO: [ view_parse ] --END-- [ RunTime:0.006001s ]
INFO: [ view_filter ] --START--
INFO: Run Behavior\WriteHtmlCacheBehavior [ RunTime:0.001000s ]
INFO: [ view_filter ] --END-- [ RunTime:0.001000s ]
INFO: [ app_end ] --START--
INFO: Run Behavior\ShowPageTraceBehavior [ RunTime:0.000000s ]
INFO: [ app_end ] --END-- [ RunTime:0.000000s ]

[ 2018-08-21T15:28:33+08:00 ] 192.168.1.82 /webnoauth/model.cgi
INFO: [ app_init ] --START--
INFO: Run Behavior\BuildLiteBehavior [ RunTime:0.000000s ]
INFO: [ app_init ] --END-- [ RunTime:0.000000s ]
INFO: [ app_begin ] --START--
INFO: Run Behavior\ReadHtmlCacheBehavior [ RunTime:0.001000s ]
INFO: Run Common\Behavior\CheckLangBehavior [ RunTime:0.001000s ]
INFO: [ app_begin ] --END-- [ RunTime:0.002000s ]
ERR: 无法加载控制器:Webnoauth

[ 2018-08-21T15:28:33+08:00 ] 192.168.1.82 /router/get_rand_key.cgi
INFO: [ app_init ] --START--
INFO: Run Behavior\BuildLiteBehavior [ RunTime:0.000000s ]
INFO: [ app_init ] --END-- [ RunTime:0.000000s ]
INFO: [ app_begin ] --START--
INFO: Run Behavior\ReadHtmlCacheBehavior [ RunTime:0.001000s ]
INFO: Run Common\Behavior\CheckLangBehavior [ RunTime:0.001000s ]
INFO: [ app_begin ] --END-- [ RunTime:0.002000s ]
ERR: 无法加载控制器:Router

[ 2018-08-21T15:28:33+08:00 ] 192.168.1.82 /router/get_rand_key.cgi
INFO: [ app_init ] --START--
INFO: Run Behavior\BuildLiteBehavior [ RunTime:0.000000s ]
INFO: [ app_init ] --END-- [ RunTime:0.000000s ]
INFO: [ app_begin ] --START--
INFO: Run Behavior\ReadHtmlCacheBehavior [ RunTime:0.000000s ]
INFO: Run Common\Behavior\CheckLangBehavior [ RunTime:0.000000s ]
INFO: [ app_begin ] --END-- [ RunTime:0.000000s ]
ERR: 无法加载控制器:Router

[ 2018-08-21T15:28:33+08:00 ] 192.168.1.82 /router/get_rand_key.cgi
INFO: [ app_init ] --START--
INFO: Run Behavior\BuildLiteBehavior [ RunTime:0.000000s ]
INFO: [ app_init ] --END-- [ RunTime:0.000000s ]
INFO: [ app_begin ] --START--
INFO: Run Behavior\ReadHtmlCacheBehavior [ RunTime:0.000000s ]
INFO: Run Common\Behavior\CheckLangBehavior [ RunTime:0.000000s ]
INFO: [ app_begin ] --END-- [ RunTime:0.000000s ]
ERR: 无法加载控制器:Router

[ 2018-08-21T15:28:33+08:00 ] 192.168.1.82 /router/get_rand_key.cgi
INFO: [ app_init ] --START--
INFO: Run Behavior\BuildLiteBehavior [ RunTime:0.000000s ]
INFO: [ app_init ] --END-- [ RunTime:0.000000s ]
INFO: [ app_begin ] --START--
INFO: Run Behavior\ReadHtmlCacheBehavior [ RunTime:0.000000s ]
INFO: Run Common\Behavior\CheckLangBehavior [ RunTime:0.000000s ]
INFO: [ app_begin ] --END-- [ RunTime:0.000000s ]
ERR: 无法加载控制器:Router

[ 2018-08-21T18:03:58+08:00 ] 127.0.0.1 /
INFO: [ app_init ] --START--
INFO: Run Behavior\BuildLiteBehavior [ RunTime:0.000000s ]
INFO: [ app_init ] --END-- [ RunTime:0.000000s ]
INFO: [ app_begin ] --START--
INFO: Run Behavior\ReadHtmlCacheBehavior [ RunTime:0.000000s ]
INFO: Run Common\Behavior\CheckLangBehavior [ RunTime:0.002000s ]
INFO: [ app_begin ] --END-- [ RunTime:0.002000s ]
SQL: SHOW COLUMNS FROM `ysk_config` [ RunTime:0.0040s ]
SQL: SELECT `value`,`tip` FROM `ysk_config` WHERE `name` = 'TOGGLE_WEB_SITE' LIMIT 1   [ RunTime:0.0000s ]
SQL: SHOW COLUMNS FROM `ysk_user` [ RunTime:0.0040s ]
SQL: SHOW COLUMNS FROM `ysk_user` [ RunTime:0.0040s ]
SQL: SELECT `status`,`session_id` FROM `ysk_user` WHERE `userid` = 4086 LIMIT 1   [ RunTime:0.0000s ]
NOTIC: [8] Undefined index: m C:\Users\Administrator\Desktop\gpays\ThinkPHP\Common\functions.php 第 977 行.

[ 2018-08-21T18:04:05+08:00 ] 127.0.0.1 /Login/logout.html
INFO: [ app_init ] --START--
INFO: Run Behavior\BuildLiteBehavior [ RunTime:0.000000s ]
INFO: [ app_init ] --END-- [ RunTime:0.000000s ]
INFO: [ app_begin ] --START--
INFO: Run Behavior\ReadHtmlCacheBehavior [ RunTime:0.000000s ]
INFO: Run Common\Behavior\CheckLangBehavior [ RunTime:0.002001s ]
INFO: [ app_begin ] --END-- [ RunTime:0.002001s ]
NOTIC: [8] Undefined index: m C:\Users\Administrator\Desktop\gpays\ThinkPHP\Common\functions.php 第 977 行.

[ 2018-08-21T18:04:05+08:00 ] 127.0.0.1 /Login/login.html
INFO: [ app_init ] --START--
INFO: Run Behavior\BuildLiteBehavior [ RunTime:0.000000s ]
INFO: [ app_init ] --END-- [ RunTime:0.000000s ]
INFO: [ app_begin ] --START--
INFO: Run Behavior\ReadHtmlCacheBehavior [ RunTime:0.001000s ]
INFO: Run Common\Behavior\CheckLangBehavior [ RunTime:0.001000s ]
INFO: [ app_begin ] --END-- [ RunTime:0.002000s ]
SQL: SHOW COLUMNS FROM `ysk_config` [ RunTime:0.0040s ]
SQL: SELECT `value`,`tip` FROM `ysk_config` WHERE `name` = 'TOGGLE_WEB_SITE' LIMIT 1   [ RunTime:0.0000s ]
INFO: [ view_parse ] --START--
INFO: [ template_filter ] --START--
INFO: Run Behavior\ContentReplaceBehavior [ RunTime:0.000000s ]
INFO: [ template_filter ] --END-- [ RunTime:0.000000s ]
NOTIC: [8] Undefined index: m C:\Users\Administrator\Desktop\gpays\ThinkPHP\Common\functions.php 第 977 行.
NOTIC: [8] Undefined index: m C:\Users\Administrator\Desktop\gpays\ThinkPHP\Common\functions.php 第 977 行.
NOTIC: [8] Undefined index: m C:\Users\Administrator\Desktop\gpays\ThinkPHP\Common\functions.php 第 977 行.
NOTIC: [8] Undefined index: m C:\Users\Administrator\Desktop\gpays\ThinkPHP\Common\functions.php 第 977 行.
INFO: Run Behavior\ParseTemplateBehavior [ RunTime:0.013000s ]
INFO: [ view_parse ] --END-- [ RunTime:0.013000s ]
INFO: [ view_filter ] --START--
INFO: Run Behavior\WriteHtmlCacheBehavior [ RunTime:0.000000s ]
INFO: [ view_filter ] --END-- [ RunTime:0.000000s ]
INFO: [ app_end ] --START--
INFO: Run Behavior\ShowPageTraceBehavior [ RunTime:0.001000s ]
INFO: [ app_end ] --END-- [ RunTime:0.001000s ]

[ 2018-08-21T18:04:05+08:00 ] 127.0.0.1 /favicon.ico
INFO: [ app_init ] --START--
INFO: Run Behavior\BuildLiteBehavior [ RunTime:0.000000s ]
INFO: [ app_init ] --END-- [ RunTime:0.000000s ]

[ 2018-08-21T18:05:45+08:00 ] 127.0.0.1 /Login/login.html?l=zh-cn
INFO: [ app_init ] --START--
INFO: Run Behavior\BuildLiteBehavior [ RunTime:0.000000s ]
INFO: [ app_init ] --END-- [ RunTime:0.000000s ]
INFO: [ app_begin ] --START--
INFO: Run Behavior\ReadHtmlCacheBehavior [ RunTime:0.000000s ]
INFO: Run Common\Behavior\CheckLangBehavior [ RunTime:0.000000s ]
INFO: [ app_begin ] --END-- [ RunTime:0.000000s ]
SQL: SHOW COLUMNS FROM `ysk_config` [ RunTime:0.0030s ]
SQL: SELECT `value`,`tip` FROM `ysk_config` WHERE `name` = 'TOGGLE_WEB_SITE' LIMIT 1   [ RunTime:0.0000s ]
INFO: [ view_parse ] --START--
INFO: [ template_filter ] --START--
INFO: Run Behavior\ContentReplaceBehavior [ RunTime:0.000000s ]
INFO: [ template_filter ] --END-- [ RunTime:0.000000s ]
NOTIC: [8] Undefined index: m C:\Users\Administrator\Desktop\gpays\ThinkPHP\Common\functions.php 第 977 行.
NOTIC: [8] Undefined index: m C:\Users\Administrator\Desktop\gpays\ThinkPHP\Common\functions.php 第 977 行.
NOTIC: [8] Undefined index: m C:\Users\Administrator\Desktop\gpays\ThinkPHP\Common\functions.php 第 977 行.
NOTIC: [8] Undefined index: m C:\Users\Administrator\Desktop\gpays\ThinkPHP\Common\functions.php 第 977 行.
INFO: Run Behavior\ParseTemplateBehavior [ RunTime:0.005001s ]
INFO: [ view_parse ] --END-- [ RunTime:0.005001s ]
INFO: [ view_filter ] --START--
INFO: Run Behavior\WriteHtmlCacheBehavior [ RunTime:0.001000s ]
INFO: [ view_filter ] --END-- [ RunTime:0.001000s ]
INFO: [ app_end ] --START--
INFO: Run Behavior\ShowPageTraceBehavior [ RunTime:0.000000s ]
INFO: [ app_end ] --END-- [ RunTime:0.000000s ]

