[ 2018-08-09T17:53:56+08:00 ] 127.0.0.1 /Login/login.html
INFO: [ app_init ] --START--
INFO: Run Behavior\BuildLiteBehavior [ RunTime:0.000000s ]
INFO: [ app_init ] --END-- [ RunTime:0.001000s ]
INFO: [ app_begin ] --START--
INFO: Run Behavior\ReadHtmlCacheBehavior [ RunTime:0.001000s ]
INFO: Run Common\Behavior\CheckLangBehavior [ RunTime:0.002000s ]
INFO: [ app_begin ] --END-- [ RunTime:0.003000s ]
SQL: SHOW COLUMNS FROM `ysk_config` [ RunTime:0.0110s ]
SQL: SELECT `value`,`tip` FROM `ysk_config` WHERE `name` = 'TOGGLE_WEB_SITE' LIMIT 1   [ RunTime:0.0010s ]
INFO: [ view_parse ] --START--
INFO: [ template_filter ] --START--
INFO: Run Behavior\ContentReplaceBehavior [ RunTime:0.001000s ]
INFO: [ template_filter ] --END-- [ RunTime:0.001000s ]
NOTIC: [8] Undefined index: m D:\gpays\ThinkPHP\Common\functions.php 第 977 行.
NOTIC: [8] Undefined index: m D:\gpays\ThinkPHP\Common\functions.php 第 977 行.
NOTIC: [8] Undefined index: m D:\gpays\ThinkPHP\Common\functions.php 第 977 行.
NOTIC: [8] Undefined index: m D:\gpays\ThinkPHP\Common\functions.php 第 977 行.
INFO: Run Behavior\ParseTemplateBehavior [ RunTime:0.016001s ]
INFO: [ view_parse ] --END-- [ RunTime:0.016001s ]
INFO: [ view_filter ] --START--
INFO: Run Behavior\WriteHtmlCacheBehavior [ RunTime:0.001000s ]
INFO: [ view_filter ] --END-- [ RunTime:0.001000s ]
INFO: [ app_end ] --START--
INFO: Run Behavior\ShowPageTraceBehavior [ RunTime:0.001000s ]
INFO: [ app_end ] --END-- [ RunTime:0.001000s ]

[ 2018-08-09T17:53:56+08:00 ] 127.0.0.1 /favicon.ico
INFO: [ app_init ] --START--
INFO: Run Behavior\BuildLiteBehavior [ RunTime:0.000000s ]
INFO: [ app_init ] --END-- [ RunTime:0.000000s ]

[ 2018-08-09T17:54:01+08:00 ] 127.0.0.1 /Login/login.html?l=zh-cn
INFO: [ app_init ] --START--
INFO: Run Behavior\BuildLiteBehavior [ RunTime:0.000000s ]
INFO: [ app_init ] --END-- [ RunTime:0.000000s ]
INFO: [ app_begin ] --START--
INFO: Run Behavior\ReadHtmlCacheBehavior [ RunTime:0.000000s ]
INFO: Run Common\Behavior\CheckLangBehavior [ RunTime:0.002000s ]
INFO: [ app_begin ] --END-- [ RunTime:0.002000s ]
SQL: SHOW COLUMNS FROM `ysk_config` [ RunTime:0.0090s ]
SQL: SELECT `value`,`tip` FROM `ysk_config` WHERE `name` = 'TOGGLE_WEB_SITE' LIMIT 1   [ RunTime:0.0000s ]
INFO: [ view_parse ] --START--
INFO: [ template_filter ] --START--
INFO: Run Behavior\ContentReplaceBehavior [ RunTime:0.000000s ]
INFO: [ template_filter ] --END-- [ RunTime:0.000000s ]
NOTIC: [8] Undefined index: m D:\gpays\ThinkPHP\Common\functions.php 第 977 行.
NOTIC: [8] Undefined index: m D:\gpays\ThinkPHP\Common\functions.php 第 977 行.
NOTIC: [8] Undefined index: m D:\gpays\ThinkPHP\Common\functions.php 第 977 行.
NOTIC: [8] Undefined index: m D:\gpays\ThinkPHP\Common\functions.php 第 977 行.
INFO: Run Behavior\ParseTemplateBehavior [ RunTime:0.006000s ]
INFO: [ view_parse ] --END-- [ RunTime:0.006000s ]
INFO: [ view_filter ] --START--
INFO: Run Behavior\WriteHtmlCacheBehavior [ RunTime:0.000000s ]
INFO: [ view_filter ] --END-- [ RunTime:0.000000s ]
INFO: [ app_end ] --START--
INFO: Run Behavior\ShowPageTraceBehavior [ RunTime:0.000000s ]
INFO: [ app_end ] --END-- [ RunTime:0.000000s ]

[ 2018-08-09T17:54:02+08:00 ] 127.0.0.1 /Login/checkLogin.html
INFO: [ app_init ] --START--
INFO: Run Behavior\BuildLiteBehavior [ RunTime:0.000000s ]
INFO: [ app_init ] --END-- [ RunTime:0.000000s ]
INFO: [ app_begin ] --START--
INFO: Run Behavior\ReadHtmlCacheBehavior [ RunTime:0.000000s ]
INFO: Run Common\Behavior\CheckLangBehavior [ RunTime:0.001000s ]
INFO: [ app_begin ] --END-- [ RunTime:0.001000s ]
SQL: SHOW COLUMNS FROM `ysk_user` [ RunTime:0.0130s ]
SQL: SELECT * FROM `ysk_user` WHERE ( `mobile` = '15320321776' OR `account` = '15320321776' OR `userid` = '15320321776' ) LIMIT 1   [ RunTime:0.0160s ]
SQL: UPDATE `ysk_user` SET `session_id`='jghnatliauh07es2lpeorgo8t3' WHERE ( `mobile` = '15320321776' OR `account` = '15320321776' OR `userid` = '15320321776' ) [ RunTime:0.0300s ]
SQL: SELECT * FROM `ysk_user` WHERE ( `mobile` = '15320321776' OR `account` = '15320321776' OR `userid` = '15320321776' ) LIMIT 1   [ RunTime:0.0060s ]
SQL: UPDATE `ysk_user` SET `session_id`='jghnatliauh07es2lpeorgo8t3' WHERE ( `mobile` = '15320321776' OR `account` = '15320321776' OR `userid` = '15320321776' ) [ RunTime:0.0310s ]
NOTIC: [8] Undefined index: m D:\gpays\ThinkPHP\Common\functions.php 第 977 行.

[ 2018-08-09T17:54:02+08:00 ] 127.0.0.1 /Index/index.html
INFO: [ app_init ] --START--
INFO: Run Behavior\BuildLiteBehavior [ RunTime:0.000000s ]
INFO: [ app_init ] --END-- [ RunTime:0.000000s ]
INFO: [ app_begin ] --START--
INFO: Run Behavior\ReadHtmlCacheBehavior [ RunTime:0.000000s ]
INFO: Run Common\Behavior\CheckLangBehavior [ RunTime:0.001000s ]
INFO: [ app_begin ] --END-- [ RunTime:0.001000s ]
SQL: SHOW COLUMNS FROM `ysk_config` [ RunTime:0.0110s ]
SQL: SELECT `value`,`tip` FROM `ysk_config` WHERE `name` = 'TOGGLE_WEB_SITE' LIMIT 1   [ RunTime:0.0000s ]
SQL: SHOW COLUMNS FROM `ysk_user` [ RunTime:0.0100s ]
SQL: SHOW COLUMNS FROM `ysk_user` [ RunTime:0.0100s ]
SQL: SELECT `status`,`session_id` FROM `ysk_user` WHERE `userid` = 13655 LIMIT 1   [ RunTime:0.0010s ]
SQL: SELECT `img_head`,`userid`,`user_credit`,`is_reward`,`today_releas`,`releas_rate` FROM `ysk_user` WHERE `userid` = 13655 LIMIT 1   [ RunTime:0.0000s ]
SQL: SHOW COLUMNS FROM `ysk_store` [ RunTime:0.0120s ]
SQL: SELECT `cangku_num`,`fengmi_num` FROM `ysk_store` WHERE `uid` = 13655 LIMIT 1   [ RunTime:0.0010s ]
SQL: SHOW COLUMNS FROM `ysk_tranmoney` [ RunTime:0.0110s ]
SQL: SELECT SUM(get_nums) AS tp_sum FROM `ysk_tranmoney` WHERE `get_id` = 13655 AND `is_release` = 0 AND `get_type` = 22 AND `get_time` BETWEEN 1533744000 AND 1533830400 LIMIT 1   [ RunTime:0.3780s ]
NOTIC: [8] Undefined variable: can_get D:\gpays\shop\Home\Controller\IndexController.class.php 第 91 行.
INFO: [ view_parse ] --START--
INFO: [ template_filter ] --START--
INFO: Run Behavior\ContentReplaceBehavior [ RunTime:0.000000s ]
INFO: [ template_filter ] --END-- [ RunTime:0.000000s ]
NOTIC: [8] Undefined index: m D:\gpays\ThinkPHP\Common\functions.php 第 977 行.
NOTIC: [8] Undefined index: m D:\gpays\ThinkPHP\Common\functions.php 第 977 行.
NOTIC: [8] Undefined index: m D:\gpays\ThinkPHP\Common\functions.php 第 977 行.
NOTIC: [8] Undefined index: m D:\gpays\ThinkPHP\Common\functions.php 第 977 行.
NOTIC: [8] Undefined index: m D:\gpays\ThinkPHP\Common\functions.php 第 977 行.
NOTIC: [8] Undefined index: m D:\gpays\ThinkPHP\Common\functions.php 第 977 行.
NOTIC: [8] Undefined index: m D:\gpays\ThinkPHP\Common\functions.php 第 977 行.
NOTIC: [8] Undefined index: m D:\gpays\ThinkPHP\Common\functions.php 第 977 行.
NOTIC: [8] Undefined index: m D:\gpays\ThinkPHP\Common\functions.php 第 977 行.
NOTIC: [8] Undefined index: m D:\gpays\ThinkPHP\Common\functions.php 第 977 行.
NOTIC: [8] Undefined index: m D:\gpays\ThinkPHP\Common\functions.php 第 977 行.
NOTIC: [8] Undefined index: m D:\gpays\ThinkPHP\Common\functions.php 第 977 行.
NOTIC: [8] Undefined index: m D:\gpays\ThinkPHP\Common\functions.php 第 977 行.
NOTIC: [8] Undefined index: m D:\gpays\ThinkPHP\Common\functions.php 第 977 行.
NOTIC: [8] Undefined index: m D:\gpays\ThinkPHP\Common\functions.php 第 977 行.
NOTIC: [8] Undefined index: m D:\gpays\ThinkPHP\Common\functions.php 第 977 行.
NOTIC: [8] Undefined index: m D:\gpays\ThinkPHP\Common\functions.php 第 977 行.
NOTIC: [8] Undefined index: m D:\gpays\ThinkPHP\Common\functions.php 第 977 行.
NOTIC: [8] Undefined index: m D:\gpays\ThinkPHP\Common\functions.php 第 977 行.
NOTIC: [8] Undefined index: m D:\gpays\ThinkPHP\Common\functions.php 第 977 行.
NOTIC: [8] Undefined index: m D:\gpays\ThinkPHP\Common\functions.php 第 977 行.
NOTIC: [8] Undefined index: m D:\gpays\ThinkPHP\Common\functions.php 第 977 行.
NOTIC: [8] Undefined index: m D:\gpays\ThinkPHP\Common\functions.php 第 977 行.
INFO: Run Behavior\ParseTemplateBehavior [ RunTime:0.010001s ]
INFO: [ view_parse ] --END-- [ RunTime:0.010001s ]
INFO: [ view_filter ] --START--
INFO: Run Behavior\WriteHtmlCacheBehavior [ RunTime:0.000000s ]
INFO: [ view_filter ] --END-- [ RunTime:0.000000s ]
INFO: [ app_end ] --START--
INFO: Run Behavior\ShowPageTraceBehavior [ RunTime:0.001000s ]
INFO: [ app_end ] --END-- [ RunTime:0.001000s ]

[ 2018-08-09T17:54:16+08:00 ] 127.0.0.1 /Index/index.html
INFO: [ app_init ] --START--
INFO: Run Behavior\BuildLiteBehavior [ RunTime:0.000000s ]
INFO: [ app_init ] --END-- [ RunTime:0.000000s ]
INFO: [ app_begin ] --START--
INFO: Run Behavior\ReadHtmlCacheBehavior [ RunTime:0.000000s ]
INFO: Run Common\Behavior\CheckLangBehavior [ RunTime:0.001000s ]
INFO: [ app_begin ] --END-- [ RunTime:0.001000s ]
SQL: SHOW COLUMNS FROM `ysk_config` [ RunTime:0.0100s ]
SQL: SELECT `value`,`tip` FROM `ysk_config` WHERE `name` = 'TOGGLE_WEB_SITE' LIMIT 1   [ RunTime:0.0000s ]
SQL: SHOW COLUMNS FROM `ysk_user` [ RunTime:0.0100s ]
SQL: SHOW COLUMNS FROM `ysk_user` [ RunTime:0.0100s ]
SQL: SELECT `status`,`session_id` FROM `ysk_user` WHERE `userid` = 13655 LIMIT 1   [ RunTime:0.0000s ]
SQL: SELECT `img_head`,`userid`,`user_credit`,`is_reward`,`today_releas`,`releas_rate` FROM `ysk_user` WHERE `userid` = 13655 LIMIT 1   [ RunTime:0.0000s ]
SQL: SHOW COLUMNS FROM `ysk_store` [ RunTime:0.0100s ]
SQL: SELECT `cangku_num`,`fengmi_num` FROM `ysk_store` WHERE `uid` = 13655 LIMIT 1   [ RunTime:0.0000s ]
SQL: SHOW COLUMNS FROM `ysk_tranmoney` [ RunTime:0.0110s ]
SQL: SELECT SUM(get_nums) AS tp_sum FROM `ysk_tranmoney` WHERE `get_id` = 13655 AND `is_release` = 0 AND `get_type` = 22 AND `get_time` BETWEEN 1533744000 AND 1533830400 LIMIT 1   [ RunTime:0.0210s ]
NOTIC: [8] Undefined variable: can_get D:\gpays\shop\Home\Controller\IndexController.class.php 第 91 行.
INFO: [ view_parse ] --START--
INFO: [ template_filter ] --START--
INFO: Run Behavior\ContentReplaceBehavior [ RunTime:0.001000s ]
INFO: [ template_filter ] --END-- [ RunTime:0.001000s ]
NOTIC: [8] Undefined index: m D:\gpays\ThinkPHP\Common\functions.php 第 977 行.
NOTIC: [8] Undefined index: m D:\gpays\ThinkPHP\Common\functions.php 第 977 行.
NOTIC: [8] Undefined index: m D:\gpays\ThinkPHP\Common\functions.php 第 977 行.
NOTIC: [8] Undefined index: m D:\gpays\ThinkPHP\Common\functions.php 第 977 行.
NOTIC: [8] Undefined index: m D:\gpays\ThinkPHP\Common\functions.php 第 977 行.
NOTIC: [8] Undefined index: m D:\gpays\ThinkPHP\Common\functions.php 第 977 行.
NOTIC: [8] Undefined index: m D:\gpays\ThinkPHP\Common\functions.php 第 977 行.
NOTIC: [8] Undefined index: m D:\gpays\ThinkPHP\Common\functions.php 第 977 行.
NOTIC: [8] Undefined index: m D:\gpays\ThinkPHP\Common\functions.php 第 977 行.
NOTIC: [8] Undefined index: m D:\gpays\ThinkPHP\Common\functions.php 第 977 行.
NOTIC: [8] Undefined index: m D:\gpays\ThinkPHP\Common\functions.php 第 977 行.
NOTIC: [8] Undefined index: m D:\gpays\ThinkPHP\Common\functions.php 第 977 行.
NOTIC: [8] Undefined index: m D:\gpays\ThinkPHP\Common\functions.php 第 977 行.
NOTIC: [8] Undefined index: m D:\gpays\ThinkPHP\Common\functions.php 第 977 行.
NOTIC: [8] Undefined index: m D:\gpays\ThinkPHP\Common\functions.php 第 977 行.
NOTIC: [8] Undefined index: m D:\gpays\ThinkPHP\Common\functions.php 第 977 行.
NOTIC: [8] Undefined index: m D:\gpays\ThinkPHP\Common\functions.php 第 977 行.
NOTIC: [8] Undefined index: m D:\gpays\ThinkPHP\Common\functions.php 第 977 行.
NOTIC: [8] Undefined index: m D:\gpays\ThinkPHP\Common\functions.php 第 977 行.
NOTIC: [8] Undefined index: m D:\gpays\ThinkPHP\Common\functions.php 第 977 行.
NOTIC: [8] Undefined index: m D:\gpays\ThinkPHP\Common\functions.php 第 977 行.
NOTIC: [8] Undefined index: m D:\gpays\ThinkPHP\Common\functions.php 第 977 行.
NOTIC: [8] Undefined index: m D:\gpays\ThinkPHP\Common\functions.php 第 977 行.
INFO: Run Behavior\ParseTemplateBehavior [ RunTime:0.009000s ]
INFO: [ view_parse ] --END-- [ RunTime:0.010000s ]
INFO: [ view_filter ] --START--
INFO: Run Behavior\WriteHtmlCacheBehavior [ RunTime:0.000000s ]
INFO: [ view_filter ] --END-- [ RunTime:0.000000s ]
INFO: [ app_end ] --START--
INFO: Run Behavior\ShowPageTraceBehavior [ RunTime:0.001000s ]
INFO: [ app_end ] --END-- [ RunTime:0.001000s ]

[ 2018-08-09T17:54:51+08:00 ] 127.0.0.1 /Index/index.html
INFO: [ app_init ] --START--
INFO: Run Behavior\BuildLiteBehavior [ RunTime:0.000000s ]
INFO: [ app_init ] --END-- [ RunTime:0.000000s ]
INFO: [ app_begin ] --START--
INFO: Run Behavior\ReadHtmlCacheBehavior [ RunTime:0.000000s ]
INFO: Run Common\Behavior\CheckLangBehavior [ RunTime:0.001000s ]
INFO: [ app_begin ] --END-- [ RunTime:0.001000s ]
SQL: SHOW COLUMNS FROM `ysk_config` [ RunTime:0.0090s ]
SQL: SELECT `value`,`tip` FROM `ysk_config` WHERE `name` = 'TOGGLE_WEB_SITE' LIMIT 1   [ RunTime:0.0010s ]
SQL: SHOW COLUMNS FROM `ysk_user` [ RunTime:0.0100s ]
SQL: SHOW COLUMNS FROM `ysk_user` [ RunTime:0.0100s ]
SQL: SELECT `status`,`session_id` FROM `ysk_user` WHERE `userid` = 13655 LIMIT 1   [ RunTime:0.0000s ]
SQL: SELECT `img_head`,`userid`,`user_credit`,`is_reward`,`today_releas`,`releas_rate` FROM `ysk_user` WHERE `userid` = 13655 LIMIT 1   [ RunTime:0.0000s ]
SQL: SHOW COLUMNS FROM `ysk_store` [ RunTime:0.0110s ]
SQL: SELECT `cangku_num`,`fengmi_num` FROM `ysk_store` WHERE `uid` = 13655 LIMIT 1   [ RunTime:0.0000s ]
SQL: SHOW COLUMNS FROM `ysk_tranmoney` [ RunTime:0.0100s ]
SQL: SELECT SUM(get_nums) AS tp_sum FROM `ysk_tranmoney` WHERE `get_id` = 13655 AND `is_release` = 0 AND `get_type` = 22 AND `get_time` BETWEEN 1533744000 AND 1533830400 LIMIT 1   [ RunTime:0.0200s ]
NOTIC: [8] Undefined variable: can_get D:\gpays\shop\Home\Controller\IndexController.class.php 第 91 行.
INFO: [ view_parse ] --START--
INFO: [ template_filter ] --START--
INFO: Run Behavior\ContentReplaceBehavior [ RunTime:0.000000s ]
INFO: [ template_filter ] --END-- [ RunTime:0.000000s ]
NOTIC: [8] Undefined index: m D:\gpays\ThinkPHP\Common\functions.php 第 977 行.
NOTIC: [8] Undefined index: m D:\gpays\ThinkPHP\Common\functions.php 第 977 行.
NOTIC: [8] Undefined index: m D:\gpays\ThinkPHP\Common\functions.php 第 977 行.
NOTIC: [8] Undefined index: m D:\gpays\ThinkPHP\Common\functions.php 第 977 行.
NOTIC: [8] Undefined index: m D:\gpays\ThinkPHP\Common\functions.php 第 977 行.
NOTIC: [8] Undefined index: m D:\gpays\ThinkPHP\Common\functions.php 第 977 行.
NOTIC: [8] Undefined index: m D:\gpays\ThinkPHP\Common\functions.php 第 977 行.
NOTIC: [8] Undefined index: m D:\gpays\ThinkPHP\Common\functions.php 第 977 行.
NOTIC: [8] Undefined index: m D:\gpays\ThinkPHP\Common\functions.php 第 977 行.
NOTIC: [8] Undefined index: m D:\gpays\ThinkPHP\Common\functions.php 第 977 行.
NOTIC: [8] Undefined index: m D:\gpays\ThinkPHP\Common\functions.php 第 977 行.
NOTIC: [8] Undefined index: m D:\gpays\ThinkPHP\Common\functions.php 第 977 行.
NOTIC: [8] Undefined index: m D:\gpays\ThinkPHP\Common\functions.php 第 977 行.
NOTIC: [8] Undefined index: m D:\gpays\ThinkPHP\Common\functions.php 第 977 行.
NOTIC: [8] Undefined index: m D:\gpays\ThinkPHP\Common\functions.php 第 977 行.
NOTIC: [8] Undefined index: m D:\gpays\ThinkPHP\Common\functions.php 第 977 行.
NOTIC: [8] Undefined index: m D:\gpays\ThinkPHP\Common\functions.php 第 977 行.
NOTIC: [8] Undefined index: m D:\gpays\ThinkPHP\Common\functions.php 第 977 行.
NOTIC: [8] Undefined index: m D:\gpays\ThinkPHP\Common\functions.php 第 977 行.
NOTIC: [8] Undefined index: m D:\gpays\ThinkPHP\Common\functions.php 第 977 行.
NOTIC: [8] Undefined index: m D:\gpays\ThinkPHP\Common\functions.php 第 977 行.
NOTIC: [8] Undefined index: m D:\gpays\ThinkPHP\Common\functions.php 第 977 行.
NOTIC: [8] Undefined index: m D:\gpays\ThinkPHP\Common\functions.php 第 977 行.
INFO: Run Behavior\ParseTemplateBehavior [ RunTime:0.010000s ]
INFO: [ view_parse ] --END-- [ RunTime:0.010000s ]
INFO: [ view_filter ] --START--
INFO: Run Behavior\WriteHtmlCacheBehavior [ RunTime:0.000000s ]
INFO: [ view_filter ] --END-- [ RunTime:0.000000s ]
INFO: [ app_end ] --START--
INFO: Run Behavior\ShowPageTraceBehavior [ RunTime:0.001000s ]
INFO: [ app_end ] --END-- [ RunTime:0.001000s ]

[ 2018-08-09T17:55:10+08:00 ] 127.0.0.1 /Index/index.html
INFO: [ app_init ] --START--
INFO: Run Behavior\BuildLiteBehavior [ RunTime:0.000000s ]
INFO: [ app_init ] --END-- [ RunTime:0.000000s ]
INFO: [ app_begin ] --START--
INFO: Run Behavior\ReadHtmlCacheBehavior [ RunTime:0.000000s ]
INFO: Run Common\Behavior\CheckLangBehavior [ RunTime:0.001000s ]
INFO: [ app_begin ] --END-- [ RunTime:0.001000s ]
SQL: SHOW COLUMNS FROM `ysk_config` [ RunTime:0.0090s ]
SQL: SELECT `value`,`tip` FROM `ysk_config` WHERE `name` = 'TOGGLE_WEB_SITE' LIMIT 1   [ RunTime:0.0010s ]
SQL: SHOW COLUMNS FROM `ysk_user` [ RunTime:0.0100s ]
SQL: SHOW COLUMNS FROM `ysk_user` [ RunTime:0.0100s ]
SQL: SELECT `status`,`session_id` FROM `ysk_user` WHERE `userid` = 13655 LIMIT 1   [ RunTime:0.0000s ]
SQL: SELECT `img_head`,`userid`,`user_credit`,`is_reward`,`today_releas`,`releas_rate` FROM `ysk_user` WHERE `userid` = 13655 LIMIT 1   [ RunTime:0.0000s ]
SQL: SHOW COLUMNS FROM `ysk_store` [ RunTime:0.0100s ]
SQL: SELECT `cangku_num`,`fengmi_num` FROM `ysk_store` WHERE `uid` = 13655 LIMIT 1   [ RunTime:0.0000s ]
SQL: SHOW COLUMNS FROM `ysk_tranmoney` [ RunTime:0.0100s ]
SQL: SELECT SUM(get_nums) AS tp_sum FROM `ysk_tranmoney` WHERE `get_id` = 13655 AND `is_release` = 0 AND `get_type` = 22 AND `get_time` BETWEEN 1533744000 AND 1533830400 LIMIT 1   [ RunTime:0.0210s ]
NOTIC: [8] Undefined variable: can_get D:\gpays\shop\Home\Controller\IndexController.class.php 第 91 行.
INFO: [ view_parse ] --START--
INFO: [ template_filter ] --START--
INFO: Run Behavior\ContentReplaceBehavior [ RunTime:0.000000s ]
INFO: [ template_filter ] --END-- [ RunTime:0.000000s ]
NOTIC: [8] Undefined index: m D:\gpays\ThinkPHP\Common\functions.php 第 977 行.
NOTIC: [8] Undefined index: m D:\gpays\ThinkPHP\Common\functions.php 第 977 行.
NOTIC: [8] Undefined index: m D:\gpays\ThinkPHP\Common\functions.php 第 977 行.
NOTIC: [8] Undefined index: m D:\gpays\ThinkPHP\Common\functions.php 第 977 行.
NOTIC: [8] Undefined index: m D:\gpays\ThinkPHP\Common\functions.php 第 977 行.
NOTIC: [8] Undefined index: m D:\gpays\ThinkPHP\Common\functions.php 第 977 行.
NOTIC: [8] Undefined index: m D:\gpays\ThinkPHP\Common\functions.php 第 977 行.
NOTIC: [8] Undefined index: m D:\gpays\ThinkPHP\Common\functions.php 第 977 行.
NOTIC: [8] Undefined index: m D:\gpays\ThinkPHP\Common\functions.php 第 977 行.
NOTIC: [8] Undefined index: m D:\gpays\ThinkPHP\Common\functions.php 第 977 行.
NOTIC: [8] Undefined index: m D:\gpays\ThinkPHP\Common\functions.php 第 977 行.
NOTIC: [8] Undefined index: m D:\gpays\ThinkPHP\Common\functions.php 第 977 行.
NOTIC: [8] Undefined index: m D:\gpays\ThinkPHP\Common\functions.php 第 977 行.
NOTIC: [8] Undefined index: m D:\gpays\ThinkPHP\Common\functions.php 第 977 行.
NOTIC: [8] Undefined index: m D:\gpays\ThinkPHP\Common\functions.php 第 977 行.
NOTIC: [8] Undefined index: m D:\gpays\ThinkPHP\Common\functions.php 第 977 行.
NOTIC: [8] Undefined index: m D:\gpays\ThinkPHP\Common\functions.php 第 977 行.
NOTIC: [8] Undefined index: m D:\gpays\ThinkPHP\Common\functions.php 第 977 行.
NOTIC: [8] Undefined index: m D:\gpays\ThinkPHP\Common\functions.php 第 977 行.
NOTIC: [8] Undefined index: m D:\gpays\ThinkPHP\Common\functions.php 第 977 行.
NOTIC: [8] Undefined index: m D:\gpays\ThinkPHP\Common\functions.php 第 977 行.
NOTIC: [8] Undefined index: m D:\gpays\ThinkPHP\Common\functions.php 第 977 行.
NOTIC: [8] Undefined index: m D:\gpays\ThinkPHP\Common\functions.php 第 977 行.
INFO: Run Behavior\ParseTemplateBehavior [ RunTime:0.009000s ]
INFO: [ view_parse ] --END-- [ RunTime:0.009000s ]
INFO: [ view_filter ] --START--
INFO: Run Behavior\WriteHtmlCacheBehavior [ RunTime:0.000000s ]
INFO: [ view_filter ] --END-- [ RunTime:0.000000s ]
INFO: [ app_end ] --START--
INFO: Run Behavior\ShowPageTraceBehavior [ RunTime:0.000000s ]
INFO: [ app_end ] --END-- [ RunTime:0.000000s ]

[ 2018-08-09T17:55:27+08:00 ] 127.0.0.1 /Index/index.html
INFO: [ app_init ] --START--
INFO: Run Behavior\BuildLiteBehavior [ RunTime:0.000000s ]
INFO: [ app_init ] --END-- [ RunTime:0.000000s ]
INFO: [ app_begin ] --START--
INFO: Run Behavior\ReadHtmlCacheBehavior [ RunTime:0.000000s ]
INFO: Run Common\Behavior\CheckLangBehavior [ RunTime:0.001000s ]
INFO: [ app_begin ] --END-- [ RunTime:0.001000s ]
SQL: SHOW COLUMNS FROM `ysk_config` [ RunTime:0.0090s ]
SQL: SELECT `value`,`tip` FROM `ysk_config` WHERE `name` = 'TOGGLE_WEB_SITE' LIMIT 1   [ RunTime:0.0000s ]
SQL: SHOW COLUMNS FROM `ysk_user` [ RunTime:0.0100s ]
SQL: SHOW COLUMNS FROM `ysk_user` [ RunTime:0.0100s ]
SQL: SELECT `status`,`session_id` FROM `ysk_user` WHERE `userid` = 13655 LIMIT 1   [ RunTime:0.0000s ]
SQL: SELECT `img_head`,`userid`,`user_credit`,`is_reward`,`today_releas`,`releas_rate` FROM `ysk_user` WHERE `userid` = 13655 LIMIT 1   [ RunTime:0.0010s ]
SQL: SHOW COLUMNS FROM `ysk_store` [ RunTime:0.0100s ]
SQL: SELECT `cangku_num`,`fengmi_num` FROM `ysk_store` WHERE `uid` = 13655 LIMIT 1   [ RunTime:0.0010s ]
SQL: SHOW COLUMNS FROM `ysk_tranmoney` [ RunTime:0.0100s ]
SQL: SELECT SUM(get_nums) AS tp_sum FROM `ysk_tranmoney` WHERE `get_id` = 13655 AND `is_release` = 0 AND `get_type` = 22 AND `get_time` BETWEEN 1533744000 AND 1533830400 LIMIT 1   [ RunTime:0.0210s ]
NOTIC: [8] Undefined variable: can_get D:\gpays\shop\Home\Controller\IndexController.class.php 第 91 行.
INFO: [ view_parse ] --START--
INFO: [ template_filter ] --START--
INFO: Run Behavior\ContentReplaceBehavior [ RunTime:0.000000s ]
INFO: [ template_filter ] --END-- [ RunTime:0.000000s ]
NOTIC: [8] Undefined index: m D:\gpays\ThinkPHP\Common\functions.php 第 977 行.
NOTIC: [8] Undefined index: m D:\gpays\ThinkPHP\Common\functions.php 第 977 行.
NOTIC: [8] Undefined index: m D:\gpays\ThinkPHP\Common\functions.php 第 977 行.
NOTIC: [8] Undefined index: m D:\gpays\ThinkPHP\Common\functions.php 第 977 行.
NOTIC: [8] Undefined index: m D:\gpays\ThinkPHP\Common\functions.php 第 977 行.
NOTIC: [8] Undefined index: m D:\gpays\ThinkPHP\Common\functions.php 第 977 行.
NOTIC: [8] Undefined index: m D:\gpays\ThinkPHP\Common\functions.php 第 977 行.
NOTIC: [8] Undefined index: m D:\gpays\ThinkPHP\Common\functions.php 第 977 行.
NOTIC: [8] Undefined index: m D:\gpays\ThinkPHP\Common\functions.php 第 977 行.
NOTIC: [8] Undefined index: m D:\gpays\ThinkPHP\Common\functions.php 第 977 行.
NOTIC: [8] Undefined index: m D:\gpays\ThinkPHP\Common\functions.php 第 977 行.
NOTIC: [8] Undefined index: m D:\gpays\ThinkPHP\Common\functions.php 第 977 行.
NOTIC: [8] Undefined index: m D:\gpays\ThinkPHP\Common\functions.php 第 977 行.
NOTIC: [8] Undefined index: m D:\gpays\ThinkPHP\Common\functions.php 第 977 行.
NOTIC: [8] Undefined index: m D:\gpays\ThinkPHP\Common\functions.php 第 977 行.
NOTIC: [8] Undefined index: m D:\gpays\ThinkPHP\Common\functions.php 第 977 行.
NOTIC: [8] Undefined index: m D:\gpays\ThinkPHP\Common\functions.php 第 977 行.
NOTIC: [8] Undefined index: m D:\gpays\ThinkPHP\Common\functions.php 第 977 行.
NOTIC: [8] Undefined index: m D:\gpays\ThinkPHP\Common\functions.php 第 977 行.
NOTIC: [8] Undefined index: m D:\gpays\ThinkPHP\Common\functions.php 第 977 行.
NOTIC: [8] Undefined index: m D:\gpays\ThinkPHP\Common\functions.php 第 977 行.
NOTIC: [8] Undefined index: m D:\gpays\ThinkPHP\Common\functions.php 第 977 行.
NOTIC: [8] Undefined index: m D:\gpays\ThinkPHP\Common\functions.php 第 977 行.
INFO: Run Behavior\ParseTemplateBehavior [ RunTime:0.010001s ]
INFO: [ view_parse ] --END-- [ RunTime:0.010001s ]
INFO: [ view_filter ] --START--
INFO: Run Behavior\WriteHtmlCacheBehavior [ RunTime:0.000000s ]
INFO: [ view_filter ] --END-- [ RunTime:0.000000s ]
INFO: [ app_end ] --START--
INFO: Run Behavior\ShowPageTraceBehavior [ RunTime:0.000000s ]
INFO: [ app_end ] --END-- [ RunTime:0.000000s ]

[ 2018-08-09T17:56:07+08:00 ] 127.0.0.1 /Index/index.html
INFO: [ app_init ] --START--
INFO: Run Behavior\BuildLiteBehavior [ RunTime:0.000000s ]
INFO: [ app_init ] --END-- [ RunTime:0.000000s ]
INFO: [ app_begin ] --START--
INFO: Run Behavior\ReadHtmlCacheBehavior [ RunTime:0.000000s ]
INFO: Run Common\Behavior\CheckLangBehavior [ RunTime:0.001000s ]
INFO: [ app_begin ] --END-- [ RunTime:0.001000s ]
SQL: SHOW COLUMNS FROM `ysk_config` [ RunTime:0.0100s ]
SQL: SELECT `value`,`tip` FROM `ysk_config` WHERE `name` = 'TOGGLE_WEB_SITE' LIMIT 1   [ RunTime:0.0010s ]
SQL: SHOW COLUMNS FROM `ysk_user` [ RunTime:0.0100s ]
SQL: SHOW COLUMNS FROM `ysk_user` [ RunTime:0.0100s ]
SQL: SELECT `status`,`session_id` FROM `ysk_user` WHERE `userid` = 13655 LIMIT 1   [ RunTime:0.0000s ]
SQL: SELECT `img_head`,`userid`,`user_credit`,`is_reward`,`today_releas`,`releas_rate` FROM `ysk_user` WHERE `userid` = 13655 LIMIT 1   [ RunTime:0.0000s ]
SQL: SHOW COLUMNS FROM `ysk_store` [ RunTime:0.0100s ]
SQL: SELECT `cangku_num`,`fengmi_num` FROM `ysk_store` WHERE `uid` = 13655 LIMIT 1   [ RunTime:0.0000s ]
SQL: SHOW COLUMNS FROM `ysk_tranmoney` [ RunTime:0.0100s ]
SQL: SELECT SUM(get_nums) AS tp_sum FROM `ysk_tranmoney` WHERE `get_id` = 13655 AND `is_release` = 0 AND `get_type` = 22 AND `get_time` BETWEEN 1533744000 AND 1533830400 LIMIT 1   [ RunTime:0.0210s ]
NOTIC: [8] Undefined variable: can_get D:\gpays\shop\Home\Controller\IndexController.class.php 第 91 行.
INFO: [ view_parse ] --START--
INFO: [ template_filter ] --START--
INFO: Run Behavior\ContentReplaceBehavior [ RunTime:0.000000s ]
INFO: [ template_filter ] --END-- [ RunTime:0.001000s ]
NOTIC: [8] Undefined index: m D:\gpays\ThinkPHP\Common\functions.php 第 977 行.
NOTIC: [8] Undefined index: m D:\gpays\ThinkPHP\Common\functions.php 第 977 行.
NOTIC: [8] Undefined index: m D:\gpays\ThinkPHP\Common\functions.php 第 977 行.
NOTIC: [8] Undefined index: m D:\gpays\ThinkPHP\Common\functions.php 第 977 行.
NOTIC: [8] Undefined index: m D:\gpays\ThinkPHP\Common\functions.php 第 977 行.
NOTIC: [8] Undefined index: m D:\gpays\ThinkPHP\Common\functions.php 第 977 行.
NOTIC: [8] Undefined index: m D:\gpays\ThinkPHP\Common\functions.php 第 977 行.
NOTIC: [8] Undefined index: m D:\gpays\ThinkPHP\Common\functions.php 第 977 行.
NOTIC: [8] Undefined index: m D:\gpays\ThinkPHP\Common\functions.php 第 977 行.
NOTIC: [8] Undefined index: m D:\gpays\ThinkPHP\Common\functions.php 第 977 行.
NOTIC: [8] Undefined index: m D:\gpays\ThinkPHP\Common\functions.php 第 977 行.
NOTIC: [8] Undefined index: m D:\gpays\ThinkPHP\Common\functions.php 第 977 行.
NOTIC: [8] Undefined index: m D:\gpays\ThinkPHP\Common\functions.php 第 977 行.
NOTIC: [8] Undefined index: m D:\gpays\ThinkPHP\Common\functions.php 第 977 行.
NOTIC: [8] Undefined index: m D:\gpays\ThinkPHP\Common\functions.php 第 977 行.
NOTIC: [8] Undefined index: m D:\gpays\ThinkPHP\Common\functions.php 第 977 行.
NOTIC: [8] Undefined index: m D:\gpays\ThinkPHP\Common\functions.php 第 977 行.
NOTIC: [8] Undefined index: m D:\gpays\ThinkPHP\Common\functions.php 第 977 行.
NOTIC: [8] Undefined index: m D:\gpays\ThinkPHP\Common\functions.php 第 977 行.
NOTIC: [8] Undefined index: m D:\gpays\ThinkPHP\Common\functions.php 第 977 行.
NOTIC: [8] Undefined index: m D:\gpays\ThinkPHP\Common\functions.php 第 977 行.
NOTIC: [8] Undefined index: m D:\gpays\ThinkPHP\Common\functions.php 第 977 行.
NOTIC: [8] Undefined index: m D:\gpays\ThinkPHP\Common\functions.php 第 977 行.
INFO: Run Behavior\ParseTemplateBehavior [ RunTime:0.010001s ]
INFO: [ view_parse ] --END-- [ RunTime:0.010001s ]
INFO: [ view_filter ] --START--
INFO: Run Behavior\WriteHtmlCacheBehavior [ RunTime:0.000000s ]
INFO: [ view_filter ] --END-- [ RunTime:0.000000s ]
INFO: [ app_end ] --START--
INFO: Run Behavior\ShowPageTraceBehavior [ RunTime:0.000000s ]
INFO: [ app_end ] --END-- [ RunTime:0.000000s ]

[ 2018-08-09T17:57:38+08:00 ] 127.0.0.1 /Index/index.html
INFO: [ app_init ] --START--
INFO: Run Behavior\BuildLiteBehavior [ RunTime:0.000000s ]
INFO: [ app_init ] --END-- [ RunTime:0.000000s ]
INFO: [ app_begin ] --START--
INFO: Run Behavior\ReadHtmlCacheBehavior [ RunTime:0.001000s ]
INFO: Run Common\Behavior\CheckLangBehavior [ RunTime:0.001000s ]
INFO: [ app_begin ] --END-- [ RunTime:0.002000s ]
SQL: SHOW COLUMNS FROM `ysk_config` [ RunTime:0.0100s ]
SQL: SELECT `value`,`tip` FROM `ysk_config` WHERE `name` = 'TOGGLE_WEB_SITE' LIMIT 1   [ RunTime:0.0000s ]
SQL: SHOW COLUMNS FROM `ysk_user` [ RunTime:0.0100s ]
SQL: SHOW COLUMNS FROM `ysk_user` [ RunTime:0.0100s ]
SQL: SELECT `status`,`session_id` FROM `ysk_user` WHERE `userid` = 13655 LIMIT 1   [ RunTime:0.0000s ]
SQL: SELECT `img_head`,`userid`,`user_credit`,`is_reward`,`today_releas`,`releas_rate` FROM `ysk_user` WHERE `userid` = 13655 LIMIT 1   [ RunTime:0.0010s ]
SQL: SHOW COLUMNS FROM `ysk_store` [ RunTime:0.0100s ]
SQL: SELECT `cangku_num`,`fengmi_num` FROM `ysk_store` WHERE `uid` = 13655 LIMIT 1   [ RunTime:0.0000s ]
SQL: SHOW COLUMNS FROM `ysk_tranmoney` [ RunTime:0.0100s ]
SQL: SELECT SUM(get_nums) AS tp_sum FROM `ysk_tranmoney` WHERE `get_id` = 13655 AND `is_release` = 0 AND `get_type` = 22 AND `get_time` BETWEEN 1533744000 AND 1533830400 LIMIT 1   [ RunTime:0.0210s ]
NOTIC: [8] Undefined variable: can_get D:\gpays\shop\Home\Controller\IndexController.class.php 第 91 行.
INFO: [ view_parse ] --START--
INFO: [ template_filter ] --START--
INFO: Run Behavior\ContentReplaceBehavior [ RunTime:0.000000s ]
INFO: [ template_filter ] --END-- [ RunTime:0.000000s ]
NOTIC: [8] Undefined index: m D:\gpays\ThinkPHP\Common\functions.php 第 977 行.
NOTIC: [8] Undefined index: m D:\gpays\ThinkPHP\Common\functions.php 第 977 行.
NOTIC: [8] Undefined index: m D:\gpays\ThinkPHP\Common\functions.php 第 977 行.
NOTIC: [8] Undefined index: m D:\gpays\ThinkPHP\Common\functions.php 第 977 行.
NOTIC: [8] Undefined index: m D:\gpays\ThinkPHP\Common\functions.php 第 977 行.
NOTIC: [8] Undefined index: m D:\gpays\ThinkPHP\Common\functions.php 第 977 行.
NOTIC: [8] Undefined index: m D:\gpays\ThinkPHP\Common\functions.php 第 977 行.
NOTIC: [8] Undefined index: m D:\gpays\ThinkPHP\Common\functions.php 第 977 行.
NOTIC: [8] Undefined index: m D:\gpays\ThinkPHP\Common\functions.php 第 977 行.
NOTIC: [8] Undefined index: m D:\gpays\ThinkPHP\Common\functions.php 第 977 行.
NOTIC: [8] Undefined index: m D:\gpays\ThinkPHP\Common\functions.php 第 977 行.
NOTIC: [8] Undefined index: m D:\gpays\ThinkPHP\Common\functions.php 第 977 行.
NOTIC: [8] Undefined index: m D:\gpays\ThinkPHP\Common\functions.php 第 977 行.
NOTIC: [8] Undefined index: m D:\gpays\ThinkPHP\Common\functions.php 第 977 行.
NOTIC: [8] Undefined index: m D:\gpays\ThinkPHP\Common\functions.php 第 977 行.
NOTIC: [8] Undefined index: m D:\gpays\ThinkPHP\Common\functions.php 第 977 行.
NOTIC: [8] Undefined index: m D:\gpays\ThinkPHP\Common\functions.php 第 977 行.
NOTIC: [8] Undefined index: m D:\gpays\ThinkPHP\Common\functions.php 第 977 行.
NOTIC: [8] Undefined index: m D:\gpays\ThinkPHP\Common\functions.php 第 977 行.
NOTIC: [8] Undefined index: m D:\gpays\ThinkPHP\Common\functions.php 第 977 行.
NOTIC: [8] Undefined index: m D:\gpays\ThinkPHP\Common\functions.php 第 977 行.
NOTIC: [8] Undefined index: m D:\gpays\ThinkPHP\Common\functions.php 第 977 行.
NOTIC: [8] Undefined index: m D:\gpays\ThinkPHP\Common\functions.php 第 977 行.
INFO: Run Behavior\ParseTemplateBehavior [ RunTime:0.010001s ]
INFO: [ view_parse ] --END-- [ RunTime:0.010001s ]
INFO: [ view_filter ] --START--
INFO: Run Behavior\WriteHtmlCacheBehavior [ RunTime:0.000000s ]
INFO: [ view_filter ] --END-- [ RunTime:0.000000s ]
INFO: [ app_end ] --START--
INFO: Run Behavior\ShowPageTraceBehavior [ RunTime:0.000000s ]
INFO: [ app_end ] --END-- [ RunTime:0.000000s ]

[ 2018-08-09T18:06:01+08:00 ] 127.0.0.1 /Index/index.html
INFO: [ app_init ] --START--
INFO: Run Behavior\BuildLiteBehavior [ RunTime:0.000000s ]
INFO: [ app_init ] --END-- [ RunTime:0.000000s ]
INFO: [ app_begin ] --START--
INFO: Run Behavior\ReadHtmlCacheBehavior [ RunTime:0.000000s ]
INFO: Run Common\Behavior\CheckLangBehavior [ RunTime:0.002000s ]
INFO: [ app_begin ] --END-- [ RunTime:0.002000s ]
SQL: SHOW COLUMNS FROM `ysk_config` [ RunTime:0.0070s ]
SQL: SELECT `value`,`tip` FROM `ysk_config` WHERE `name` = 'TOGGLE_WEB_SITE' LIMIT 1   [ RunTime:0.0000s ]
SQL: SHOW COLUMNS FROM `ysk_user` [ RunTime:0.0080s ]
SQL: SHOW COLUMNS FROM `ysk_user` [ RunTime:0.0070s ]
SQL: SELECT `status`,`session_id` FROM `ysk_user` WHERE `userid` = 13655 LIMIT 1   [ RunTime:0.0000s ]
SQL: SELECT `img_head`,`userid`,`user_credit`,`is_reward`,`today_releas`,`releas_rate` FROM `ysk_user` WHERE `userid` = 13655 LIMIT 1   [ RunTime:0.0000s ]
SQL: SHOW COLUMNS FROM `ysk_store` [ RunTime:0.0080s ]
SQL: SELECT `cangku_num`,`fengmi_num` FROM `ysk_store` WHERE `uid` = 13655 LIMIT 1   [ RunTime:0.0000s ]
SQL: SHOW COLUMNS FROM `ysk_tranmoney` [ RunTime:0.0080s ]
SQL: SELECT SUM(get_nums) AS tp_sum FROM `ysk_tranmoney` WHERE `get_id` = 13655 AND `is_release` = 0 AND `get_type` = 22 AND `get_time` BETWEEN 1533744000 AND 1533830400 LIMIT 1   [ RunTime:0.0210s ]
NOTIC: [8] Undefined variable: can_get D:\gpays\shop\Home\Controller\IndexController.class.php 第 91 行.
INFO: [ view_parse ] --START--
INFO: [ template_filter ] --START--
INFO: Run Behavior\ContentReplaceBehavior [ RunTime:0.000000s ]
INFO: [ template_filter ] --END-- [ RunTime:0.000000s ]
NOTIC: [8] Undefined index: m D:\gpays\ThinkPHP\Common\functions.php 第 977 行.
NOTIC: [8] Undefined index: m D:\gpays\ThinkPHP\Common\functions.php 第 977 行.
NOTIC: [8] Undefined index: m D:\gpays\ThinkPHP\Common\functions.php 第 977 行.
NOTIC: [8] Undefined index: m D:\gpays\ThinkPHP\Common\functions.php 第 977 行.
NOTIC: [8] Undefined index: m D:\gpays\ThinkPHP\Common\functions.php 第 977 行.
NOTIC: [8] Undefined index: m D:\gpays\ThinkPHP\Common\functions.php 第 977 行.
NOTIC: [8] Undefined index: m D:\gpays\ThinkPHP\Common\functions.php 第 977 行.
NOTIC: [8] Undefined index: m D:\gpays\ThinkPHP\Common\functions.php 第 977 行.
NOTIC: [8] Undefined index: m D:\gpays\ThinkPHP\Common\functions.php 第 977 行.
NOTIC: [8] Undefined index: m D:\gpays\ThinkPHP\Common\functions.php 第 977 行.
NOTIC: [8] Undefined index: m D:\gpays\ThinkPHP\Common\functions.php 第 977 行.
NOTIC: [8] Undefined index: m D:\gpays\ThinkPHP\Common\functions.php 第 977 行.
NOTIC: [8] Undefined index: m D:\gpays\ThinkPHP\Common\functions.php 第 977 行.
NOTIC: [8] Undefined index: m D:\gpays\ThinkPHP\Common\functions.php 第 977 行.
NOTIC: [8] Undefined index: m D:\gpays\ThinkPHP\Common\functions.php 第 977 行.
NOTIC: [8] Undefined index: m D:\gpays\ThinkPHP\Common\functions.php 第 977 行.
NOTIC: [8] Undefined index: m D:\gpays\ThinkPHP\Common\functions.php 第 977 行.
NOTIC: [8] Undefined index: m D:\gpays\ThinkPHP\Common\functions.php 第 977 行.
NOTIC: [8] Undefined index: m D:\gpays\ThinkPHP\Common\functions.php 第 977 行.
NOTIC: [8] Undefined index: m D:\gpays\ThinkPHP\Common\functions.php 第 977 行.
NOTIC: [8] Undefined index: m D:\gpays\ThinkPHP\Common\functions.php 第 977 行.
NOTIC: [8] Undefined index: m D:\gpays\ThinkPHP\Common\functions.php 第 977 行.
NOTIC: [8] Undefined index: m D:\gpays\ThinkPHP\Common\functions.php 第 977 行.
INFO: Run Behavior\ParseTemplateBehavior [ RunTime:0.016001s ]
INFO: [ view_parse ] --END-- [ RunTime:0.016001s ]
INFO: [ view_filter ] --START--
INFO: Run Behavior\WriteHtmlCacheBehavior [ RunTime:0.000000s ]
INFO: [ view_filter ] --END-- [ RunTime:0.000000s ]
INFO: [ app_end ] --START--
INFO: Run Behavior\ShowPageTraceBehavior [ RunTime:0.000000s ]
INFO: [ app_end ] --END-- [ RunTime:0.001000s ]

