[ 2018-08-05T10:58:53+08:00 ] 127.0.0.1 /Shop/member/addresslist.html
INFO: [ app_init ] --START--
INFO: Run Behavior\BuildLiteBehavior [ RunTime:0.000000s ]
INFO: [ app_init ] --END-- [ RunTime:0.000000s ]
INFO: [ app_begin ] --START--
INFO: Run Behavior\ReadHtmlCacheBehavior [ RunTime:0.000000s ]
INFO: Run Common\Behavior\CheckLangBehavior [ RunTime:0.002000s ]
INFO: [ app_begin ] --END-- [ RunTime:0.002000s ]
SQL: SHOW COLUMNS FROM `ysk_config` [ RunTime:0.0100s ]
SQL: SELECT `value`,`tip` FROM `ysk_config` WHERE `name` = 'TOGGLE_WEB_SITE' LIMIT 1   [ RunTime:0.0000s ]
SQL: SHOW COLUMNS FROM `ysk_address` [ RunTime:0.0100s ]
SQL: SELECT * FROM `ysk_address` WHERE `member_id` = '13655'  [ RunTime:0.0010s ]
INFO: [ view_parse ] --START--
INFO: [ template_filter ] --START--
INFO: Run Behavior\ContentReplaceBehavior [ RunTime:0.000000s ]
INFO: [ template_filter ] --END-- [ RunTime:0.000000s ]
NOTIC: [8] Undefined variable: config D:\gpays\Runtime\Cache\Shop\a86f493aac8cb99e74e6398de9d46e46.php 第 5 行.
INFO: Run Behavior\ParseTemplateBehavior [ RunTime:0.007000s ]
INFO: [ view_parse ] --END-- [ RunTime:0.007000s ]
INFO: [ view_filter ] --START--
INFO: Run Behavior\WriteHtmlCacheBehavior [ RunTime:0.000000s ]
INFO: [ view_filter ] --END-- [ RunTime:0.000000s ]
INFO: [ app_end ] --START--
INFO: Run Behavior\ShowPageTraceBehavior [ RunTime:0.001000s ]
INFO: [ app_end ] --END-- [ RunTime:0.001000s ]

[ 2018-08-05T12:33:21+08:00 ] 127.0.0.1 /Shop/home/index.html
INFO: [ app_init ] --START--
INFO: Run Behavior\BuildLiteBehavior [ RunTime:0.000000s ]
INFO: [ app_init ] --END-- [ RunTime:0.000000s ]
INFO: [ app_begin ] --START--
INFO: Run Behavior\ReadHtmlCacheBehavior [ RunTime:0.001000s ]
INFO: Run Common\Behavior\CheckLangBehavior [ RunTime:0.001000s ]
INFO: [ app_begin ] --END-- [ RunTime:0.002000s ]
SQL: SHOW COLUMNS FROM `ysk_config` [ RunTime:0.0090s ]
SQL: SELECT `value`,`tip` FROM `ysk_config` WHERE `name` = 'TOGGLE_WEB_SITE' LIMIT 1   [ RunTime:0.0000s ]
SQL: SHOW COLUMNS FROM `ysk_product_cate` [ RunTime:0.0100s ]
SQL: SELECT * FROM `ysk_product_cate` WHERE `pid` = 0 ORDER BY sort desc LIMIT 10   [ RunTime:0.0010s ]
SQL: SHOW COLUMNS FROM `ysk_shop_banner` [ RunTime:0.0100s ]
SQL: SELECT * FROM `ysk_shop_banner`  [ RunTime:0.0010s ]
SQL: SHOW COLUMNS FROM `ysk_product_detail` [ RunTime:0.0100s ]
SQL: SELECT * FROM `ysk_product_detail` WHERE `status` = 1 ORDER BY ctime desc LIMIT 5   [ RunTime:0.0000s ]
SQL: SELECT * FROM `ysk_product_detail` WHERE `is_hot` = 1 AND `shangjia` = 0 ORDER BY ctime desc LIMIT 6   [ RunTime:0.0010s ]
SQL: SELECT * FROM `ysk_product_detail` WHERE `is_new` = 1 AND `shangjia` = 0 ORDER BY ctime desc LIMIT 7   [ RunTime:0.0000s ]
SQL: SELECT * FROM `ysk_product_detail` WHERE `status` = 1 ORDER BY ctime asc LIMIT 8   [ RunTime:0.0000s ]
SQL: SELECT * FROM `ysk_product_detail` WHERE `is_tuijian` = 1 AND `shangjia` = 0 ORDER BY ctime desc LIMIT 8   [ RunTime:0.0010s ]
SQL: SHOW COLUMNS FROM `ysk_notice` [ RunTime:0.0100s ]
SQL: SELECT * FROM `ysk_notice` ORDER BY notice_addtime asc  [ RunTime:0.0000s ]
SQL: SHOW COLUMNS FROM `ysk_gerenshangpu` [ RunTime:0.0100s ]
SQL: SELECT * FROM `ysk_gerenshangpu` WHERE `shop_zhuangtai` = 1 AND `id` <> 1 ORDER BY shop_stort asc LIMIT 9   [ RunTime:0.0000s ]
INFO: [ view_parse ] --START--
INFO: [ template_filter ] --START--
INFO: Run Behavior\ContentReplaceBehavior [ RunTime:0.001000s ]
INFO: [ template_filter ] --END-- [ RunTime:0.001000s ]
NOTIC: [8] Undefined variable: config D:\gpays\Runtime\Cache\Shop\919d3b05d99b9010c89482cf5b988490.php 第 6 行.
INFO: Run Behavior\ParseTemplateBehavior [ RunTime:0.016000s ]
INFO: [ view_parse ] --END-- [ RunTime:0.016000s ]
INFO: [ view_filter ] --START--
INFO: Run Behavior\WriteHtmlCacheBehavior [ RunTime:0.000000s ]
INFO: [ view_filter ] --END-- [ RunTime:0.001001s ]
INFO: [ app_end ] --START--
INFO: Run Behavior\ShowPageTraceBehavior [ RunTime:0.000000s ]
INFO: [ app_end ] --END-- [ RunTime:0.000000s ]

[ 2018-08-05T12:51:08+08:00 ] 127.0.0.1 /Shop/home/index.html
INFO: [ app_init ] --START--
INFO: Run Behavior\BuildLiteBehavior [ RunTime:0.000000s ]
INFO: [ app_init ] --END-- [ RunTime:0.000000s ]
INFO: [ app_begin ] --START--
INFO: Run Behavior\ReadHtmlCacheBehavior [ RunTime:0.000000s ]
INFO: Run Common\Behavior\CheckLangBehavior [ RunTime:0.001000s ]
INFO: [ app_begin ] --END-- [ RunTime:0.001000s ]
SQL: SHOW COLUMNS FROM `ysk_config` [ RunTime:0.0100s ]
SQL: SELECT `value`,`tip` FROM `ysk_config` WHERE `name` = 'TOGGLE_WEB_SITE' LIMIT 1   [ RunTime:0.0000s ]
SQL: SHOW COLUMNS FROM `ysk_product_cate` [ RunTime:0.0100s ]
SQL: SELECT * FROM `ysk_product_cate` WHERE `pid` = 0 ORDER BY sort desc LIMIT 10   [ RunTime:0.0000s ]
SQL: SHOW COLUMNS FROM `ysk_shop_banner` [ RunTime:0.0100s ]
SQL: SELECT * FROM `ysk_shop_banner`  [ RunTime:0.0000s ]
SQL: SHOW COLUMNS FROM `ysk_product_detail` [ RunTime:0.0100s ]
SQL: SELECT * FROM `ysk_product_detail` WHERE `status` = 1 ORDER BY ctime desc LIMIT 5   [ RunTime:0.0010s ]
SQL: SELECT * FROM `ysk_product_detail` WHERE `is_hot` = 1 AND `shangjia` = 0 ORDER BY ctime desc LIMIT 6   [ RunTime:0.0000s ]
SQL: SELECT * FROM `ysk_product_detail` WHERE `is_new` = 1 AND `shangjia` = 0 ORDER BY ctime desc LIMIT 7   [ RunTime:0.0000s ]
SQL: SELECT * FROM `ysk_product_detail` WHERE `status` = 1 ORDER BY ctime asc LIMIT 8   [ RunTime:0.0010s ]
SQL: SELECT * FROM `ysk_product_detail` WHERE `is_tuijian` = 1 AND `shangjia` = 0 ORDER BY ctime desc LIMIT 8   [ RunTime:0.0000s ]
SQL: SHOW COLUMNS FROM `ysk_notice` [ RunTime:0.0100s ]
SQL: SELECT * FROM `ysk_notice` ORDER BY notice_addtime asc  [ RunTime:0.0000s ]
SQL: SHOW COLUMNS FROM `ysk_gerenshangpu` [ RunTime:0.0100s ]
SQL: SELECT * FROM `ysk_gerenshangpu` WHERE `shop_zhuangtai` = 1 AND `id` <> 1 ORDER BY shop_stort asc LIMIT 9   [ RunTime:0.0000s ]
INFO: [ view_parse ] --START--
INFO: [ template_filter ] --START--
INFO: Run Behavior\ContentReplaceBehavior [ RunTime:0.001000s ]
INFO: [ template_filter ] --END-- [ RunTime:0.001000s ]
NOTIC: [8] Undefined variable: config D:\gpays\Runtime\Cache\Shop\919d3b05d99b9010c89482cf5b988490.php 第 6 行.
INFO: Run Behavior\ParseTemplateBehavior [ RunTime:0.015001s ]
INFO: [ view_parse ] --END-- [ RunTime:0.015001s ]
INFO: [ view_filter ] --START--
INFO: Run Behavior\WriteHtmlCacheBehavior [ RunTime:0.000000s ]
INFO: [ view_filter ] --END-- [ RunTime:0.001000s ]
INFO: [ app_end ] --START--
INFO: Run Behavior\ShowPageTraceBehavior [ RunTime:0.000000s ]
INFO: [ app_end ] --END-- [ RunTime:0.000000s ]

[ 2018-08-05T15:02:20+08:00 ] 192.168.1.84 /Shop/home/index.html
INFO: [ app_init ] --START--
INFO: Run Behavior\BuildLiteBehavior [ RunTime:0.000000s ]
INFO: [ app_init ] --END-- [ RunTime:0.000000s ]
INFO: [ app_begin ] --START--
INFO: Run Behavior\ReadHtmlCacheBehavior [ RunTime:0.001000s ]
INFO: Run Common\Behavior\CheckLangBehavior [ RunTime:0.000000s ]
INFO: [ app_begin ] --END-- [ RunTime:0.001000s ]
SQL: SHOW COLUMNS FROM `ysk_config` [ RunTime:0.0090s ]
SQL: SELECT `value`,`tip` FROM `ysk_config` WHERE `name` = 'TOGGLE_WEB_SITE' LIMIT 1   [ RunTime:0.0010s ]
SQL: SHOW COLUMNS FROM `ysk_product_cate` [ RunTime:0.0090s ]
SQL: SELECT * FROM `ysk_product_cate` WHERE `pid` = 0 ORDER BY sort desc LIMIT 10   [ RunTime:0.0010s ]
SQL: SHOW COLUMNS FROM `ysk_shop_banner` [ RunTime:0.0090s ]
SQL: SELECT * FROM `ysk_shop_banner`  [ RunTime:0.0000s ]
SQL: SHOW COLUMNS FROM `ysk_product_detail` [ RunTime:0.0100s ]
SQL: SELECT * FROM `ysk_product_detail` WHERE `status` = 1 ORDER BY ctime desc LIMIT 5   [ RunTime:0.0010s ]
SQL: SELECT * FROM `ysk_product_detail` WHERE `is_hot` = 1 AND `shangjia` = 0 ORDER BY ctime desc LIMIT 6   [ RunTime:0.0000s ]
SQL: SELECT * FROM `ysk_product_detail` WHERE `is_new` = 1 AND `shangjia` = 0 ORDER BY ctime desc LIMIT 7   [ RunTime:0.0000s ]
SQL: SELECT * FROM `ysk_product_detail` WHERE `status` = 1 ORDER BY ctime asc LIMIT 8   [ RunTime:0.0010s ]
SQL: SELECT * FROM `ysk_product_detail` WHERE `is_tuijian` = 1 AND `shangjia` = 0 ORDER BY ctime desc LIMIT 8   [ RunTime:0.0000s ]
SQL: SHOW COLUMNS FROM `ysk_notice` [ RunTime:0.0090s ]
SQL: SELECT * FROM `ysk_notice` ORDER BY notice_addtime asc  [ RunTime:0.0010s ]
SQL: SHOW COLUMNS FROM `ysk_gerenshangpu` [ RunTime:0.0090s ]
SQL: SELECT * FROM `ysk_gerenshangpu` WHERE `shop_zhuangtai` = 1 AND `id` <> 1 ORDER BY shop_stort asc LIMIT 9   [ RunTime:0.0000s ]
INFO: [ view_parse ] --START--
INFO: [ template_filter ] --START--
INFO: Run Behavior\ContentReplaceBehavior [ RunTime:0.000000s ]
INFO: [ template_filter ] --END-- [ RunTime:0.000000s ]
NOTIC: [8] Undefined variable: config D:\gpays\Runtime\Cache\Shop\919d3b05d99b9010c89482cf5b988490.php 第 6 行.
INFO: Run Behavior\ParseTemplateBehavior [ RunTime:0.014000s ]
INFO: [ view_parse ] --END-- [ RunTime:0.014000s ]
INFO: [ view_filter ] --START--
INFO: Run Behavior\WriteHtmlCacheBehavior [ RunTime:0.000000s ]
INFO: [ view_filter ] --END-- [ RunTime:0.000000s ]
INFO: [ app_end ] --START--
INFO: Run Behavior\ShowPageTraceBehavior [ RunTime:0.000000s ]
INFO: [ app_end ] --END-- [ RunTime:0.000000s ]

[ 2018-08-05T15:03:36+08:00 ] 192.168.1.86 /Shop/home/index.html
INFO: [ app_init ] --START--
INFO: Run Behavior\BuildLiteBehavior [ RunTime:0.000000s ]
INFO: [ app_init ] --END-- [ RunTime:0.000000s ]
INFO: [ app_begin ] --START--
INFO: Run Behavior\ReadHtmlCacheBehavior [ RunTime:0.000000s ]
INFO: Run Common\Behavior\CheckLangBehavior [ RunTime:0.001000s ]
INFO: [ app_begin ] --END-- [ RunTime:0.001000s ]
SQL: SHOW COLUMNS FROM `ysk_config` [ RunTime:0.0070s ]
SQL: SELECT `value`,`tip` FROM `ysk_config` WHERE `name` = 'TOGGLE_WEB_SITE' LIMIT 1   [ RunTime:0.0000s ]
SQL: SHOW COLUMNS FROM `ysk_product_cate` [ RunTime:0.0060s ]
SQL: SELECT * FROM `ysk_product_cate` WHERE `pid` = 0 ORDER BY sort desc LIMIT 10   [ RunTime:0.0000s ]
SQL: SHOW COLUMNS FROM `ysk_shop_banner` [ RunTime:0.0060s ]
SQL: SELECT * FROM `ysk_shop_banner`  [ RunTime:0.0000s ]
SQL: SHOW COLUMNS FROM `ysk_product_detail` [ RunTime:0.0070s ]
SQL: SELECT * FROM `ysk_product_detail` WHERE `status` = 1 ORDER BY ctime desc LIMIT 5   [ RunTime:0.0000s ]
SQL: SELECT * FROM `ysk_product_detail` WHERE `is_hot` = 1 AND `shangjia` = 0 ORDER BY ctime desc LIMIT 6   [ RunTime:0.0000s ]
SQL: SELECT * FROM `ysk_product_detail` WHERE `is_new` = 1 AND `shangjia` = 0 ORDER BY ctime desc LIMIT 7   [ RunTime:0.0000s ]
SQL: SELECT * FROM `ysk_product_detail` WHERE `status` = 1 ORDER BY ctime asc LIMIT 8   [ RunTime:0.0000s ]
SQL: SELECT * FROM `ysk_product_detail` WHERE `is_tuijian` = 1 AND `shangjia` = 0 ORDER BY ctime desc LIMIT 8   [ RunTime:0.0000s ]
SQL: SHOW COLUMNS FROM `ysk_notice` [ RunTime:0.0070s ]
SQL: SELECT * FROM `ysk_notice` ORDER BY notice_addtime asc  [ RunTime:0.0000s ]
SQL: SHOW COLUMNS FROM `ysk_gerenshangpu` [ RunTime:0.0070s ]
SQL: SELECT * FROM `ysk_gerenshangpu` WHERE `shop_zhuangtai` = 1 AND `id` <> 1 ORDER BY shop_stort asc LIMIT 9   [ RunTime:0.0000s ]
INFO: [ view_parse ] --START--
INFO: [ template_filter ] --START--
INFO: Run Behavior\ContentReplaceBehavior [ RunTime:0.001000s ]
INFO: [ template_filter ] --END-- [ RunTime:0.001000s ]
NOTIC: [8] Undefined variable: config D:\gpays\Runtime\Cache\Shop\919d3b05d99b9010c89482cf5b988490.php 第 6 行.
INFO: Run Behavior\ParseTemplateBehavior [ RunTime:0.014001s ]
INFO: [ view_parse ] --END-- [ RunTime:0.014001s ]
INFO: [ view_filter ] --START--
INFO: Run Behavior\WriteHtmlCacheBehavior [ RunTime:0.001000s ]
INFO: [ view_filter ] --END-- [ RunTime:0.001000s ]
INFO: [ app_end ] --START--
INFO: Run Behavior\ShowPageTraceBehavior [ RunTime:0.000000s ]
INFO: [ app_end ] --END-- [ RunTime:0.000000s ]

[ 2018-08-05T15:08:09+08:00 ] 192.168.1.86 /Shop/home/index.html
INFO: [ app_init ] --START--
INFO: Run Behavior\BuildLiteBehavior [ RunTime:0.000000s ]
INFO: [ app_init ] --END-- [ RunTime:0.000000s ]
INFO: [ app_begin ] --START--
INFO: Run Behavior\ReadHtmlCacheBehavior [ RunTime:0.001000s ]
INFO: Run Common\Behavior\CheckLangBehavior [ RunTime:0.001000s ]
INFO: [ app_begin ] --END-- [ RunTime:0.002000s ]
SQL: SHOW COLUMNS FROM `ysk_config` [ RunTime:0.0090s ]
SQL: SELECT `value`,`tip` FROM `ysk_config` WHERE `name` = 'TOGGLE_WEB_SITE' LIMIT 1   [ RunTime:0.0000s ]
SQL: SHOW COLUMNS FROM `ysk_product_cate` [ RunTime:0.0090s ]
SQL: SELECT * FROM `ysk_product_cate` WHERE `pid` = 0 ORDER BY sort desc LIMIT 10   [ RunTime:0.0010s ]
SQL: SHOW COLUMNS FROM `ysk_shop_banner` [ RunTime:0.0090s ]
SQL: SELECT * FROM `ysk_shop_banner`  [ RunTime:0.0000s ]
SQL: SHOW COLUMNS FROM `ysk_product_detail` [ RunTime:0.0090s ]
SQL: SELECT * FROM `ysk_product_detail` WHERE `status` = 1 ORDER BY ctime desc LIMIT 5   [ RunTime:0.0000s ]
SQL: SELECT * FROM `ysk_product_detail` WHERE `is_hot` = 1 AND `shangjia` = 0 ORDER BY ctime desc LIMIT 6   [ RunTime:0.0000s ]
SQL: SELECT * FROM `ysk_product_detail` WHERE `is_new` = 1 AND `shangjia` = 0 ORDER BY ctime desc LIMIT 7   [ RunTime:0.0010s ]
SQL: SELECT * FROM `ysk_product_detail` WHERE `status` = 1 ORDER BY ctime asc LIMIT 8   [ RunTime:0.0000s ]
SQL: SELECT * FROM `ysk_product_detail` WHERE `is_tuijian` = 1 AND `shangjia` = 0 ORDER BY ctime desc LIMIT 8   [ RunTime:0.0000s ]
SQL: SHOW COLUMNS FROM `ysk_notice` [ RunTime:0.0090s ]
SQL: SELECT * FROM `ysk_notice` ORDER BY notice_addtime asc  [ RunTime:0.0000s ]
SQL: SHOW COLUMNS FROM `ysk_gerenshangpu` [ RunTime:0.0090s ]
SQL: SELECT * FROM `ysk_gerenshangpu` WHERE `shop_zhuangtai` = 1 AND `id` <> 1 ORDER BY shop_stort asc LIMIT 9   [ RunTime:0.0010s ]
INFO: [ view_parse ] --START--
INFO: [ template_filter ] --START--
INFO: Run Behavior\ContentReplaceBehavior [ RunTime:0.000000s ]
INFO: [ template_filter ] --END-- [ RunTime:0.000000s ]
NOTIC: [8] Undefined variable: config D:\gpays\Runtime\Cache\Shop\919d3b05d99b9010c89482cf5b988490.php 第 6 行.
INFO: Run Behavior\ParseTemplateBehavior [ RunTime:0.015000s ]
INFO: [ view_parse ] --END-- [ RunTime:0.015000s ]
INFO: [ view_filter ] --START--
INFO: Run Behavior\WriteHtmlCacheBehavior [ RunTime:0.000000s ]
INFO: [ view_filter ] --END-- [ RunTime:0.000000s ]
INFO: [ app_end ] --START--
INFO: Run Behavior\ShowPageTraceBehavior [ RunTime:0.000000s ]
INFO: [ app_end ] --END-- [ RunTime:0.000000s ]

[ 2018-08-05T16:39:49+08:00 ] 192.168.1.80 /Shop/dianpu/index/did/9521.html
INFO: [ app_init ] --START--
INFO: Run Behavior\BuildLiteBehavior [ RunTime:0.000000s ]
INFO: [ app_init ] --END-- [ RunTime:0.000000s ]
INFO: [ app_begin ] --START--
INFO: Run Behavior\ReadHtmlCacheBehavior [ RunTime:0.000000s ]
INFO: Run Common\Behavior\CheckLangBehavior [ RunTime:0.001000s ]
INFO: [ app_begin ] --END-- [ RunTime:0.001000s ]
SQL: SHOW COLUMNS FROM `ysk_config` [ RunTime:0.0070s ]
SQL: SELECT `value`,`tip` FROM `ysk_config` WHERE `name` = 'TOGGLE_WEB_SITE' LIMIT 1   [ RunTime:0.0000s ]
SQL: SHOW COLUMNS FROM `ysk_gerenshangpu` [ RunTime:0.0070s ]
SQL: SELECT * FROM `ysk_gerenshangpu` WHERE `userid` = 9521 LIMIT 1   [ RunTime:0.0010s ]

[ 2018-08-05T16:39:51+08:00 ] 192.168.1.80 /Shop/Member/allorder.html
INFO: [ app_init ] --START--
INFO: Run Behavior\BuildLiteBehavior [ RunTime:0.000000s ]
INFO: [ app_init ] --END-- [ RunTime:0.000000s ]
INFO: [ app_begin ] --START--
INFO: Run Behavior\ReadHtmlCacheBehavior [ RunTime:0.000000s ]
INFO: Run Common\Behavior\CheckLangBehavior [ RunTime:0.001000s ]
INFO: [ app_begin ] --END-- [ RunTime:0.001000s ]
SQL: SHOW COLUMNS FROM `ysk_config` [ RunTime:0.0070s ]
SQL: SELECT `value`,`tip` FROM `ysk_config` WHERE `name` = 'TOGGLE_WEB_SITE' LIMIT 1   [ RunTime:0.0000s ]
SQL: SHOW COLUMNS FROM `ysk_order` [ RunTime:0.0080s ]
SQL: SELECT * FROM `ysk_order` WHERE `uid` = 9521 AND `is_show` = 1 ORDER BY order_id desc  [ RunTime:0.0020s ]
INFO: [ view_parse ] --START--
INFO: [ template_filter ] --START--
INFO: Run Behavior\ContentReplaceBehavior [ RunTime:0.001000s ]
INFO: [ template_filter ] --END-- [ RunTime:0.001000s ]
NOTIC: [8] Undefined variable: config D:\gpays\Runtime\Cache\Shop\58aa7ee17f9c371ae588a08fbefccb63.php 第 5 行.
INFO: Run Behavior\ParseTemplateBehavior [ RunTime:0.012000s ]
INFO: [ view_parse ] --END-- [ RunTime:0.012000s ]
INFO: [ view_filter ] --START--
INFO: Run Behavior\WriteHtmlCacheBehavior [ RunTime:0.000000s ]
INFO: [ view_filter ] --END-- [ RunTime:0.000000s ]
INFO: [ app_end ] --START--
INFO: Run Behavior\ShowPageTraceBehavior [ RunTime:0.001000s ]
INFO: [ app_end ] --END-- [ RunTime:0.001000s ]

[ 2018-08-05T16:39:54+08:00 ] 192.168.1.80 /Shop/member/addresslist.html
INFO: [ app_init ] --START--
INFO: Run Behavior\BuildLiteBehavior [ RunTime:0.000000s ]
INFO: [ app_init ] --END-- [ RunTime:0.000000s ]
INFO: [ app_begin ] --START--
INFO: Run Behavior\ReadHtmlCacheBehavior [ RunTime:0.000000s ]
INFO: Run Common\Behavior\CheckLangBehavior [ RunTime:0.001000s ]
INFO: [ app_begin ] --END-- [ RunTime:0.001000s ]
SQL: SHOW COLUMNS FROM `ysk_config` [ RunTime:0.0070s ]
SQL: SELECT `value`,`tip` FROM `ysk_config` WHERE `name` = 'TOGGLE_WEB_SITE' LIMIT 1   [ RunTime:0.0000s ]
SQL: SHOW COLUMNS FROM `ysk_address` [ RunTime:0.0070s ]
SQL: SELECT * FROM `ysk_address` WHERE `member_id` = '9521'  [ RunTime:0.0000s ]
INFO: [ view_parse ] --START--
INFO: [ template_filter ] --START--
INFO: Run Behavior\ContentReplaceBehavior [ RunTime:0.001000s ]
INFO: [ template_filter ] --END-- [ RunTime:0.001000s ]
NOTIC: [8] Undefined variable: config D:\gpays\Runtime\Cache\Shop\a86f493aac8cb99e74e6398de9d46e46.php 第 5 行.
INFO: Run Behavior\ParseTemplateBehavior [ RunTime:0.005000s ]
INFO: [ view_parse ] --END-- [ RunTime:0.005000s ]
INFO: [ view_filter ] --START--
INFO: Run Behavior\WriteHtmlCacheBehavior [ RunTime:0.000000s ]
INFO: [ view_filter ] --END-- [ RunTime:0.000000s ]
INFO: [ app_end ] --START--
INFO: Run Behavior\ShowPageTraceBehavior [ RunTime:0.001000s ]
INFO: [ app_end ] --END-- [ RunTime:0.001000s ]

[ 2018-08-05T19:02:36+08:00 ] 192.168.1.86 /Shop/home/index.html
INFO: [ app_init ] --START--
INFO: Run Behavior\BuildLiteBehavior [ RunTime:0.000000s ]
INFO: [ app_init ] --END-- [ RunTime:0.000000s ]
INFO: [ app_begin ] --START--
INFO: Run Behavior\ReadHtmlCacheBehavior [ RunTime:0.000000s ]
INFO: Run Common\Behavior\CheckLangBehavior [ RunTime:0.000000s ]
INFO: [ app_begin ] --END-- [ RunTime:0.001000s ]
SQL: SHOW COLUMNS FROM `ysk_config` [ RunTime:0.0070s ]
SQL: SELECT `value`,`tip` FROM `ysk_config` WHERE `name` = 'TOGGLE_WEB_SITE' LIMIT 1   [ RunTime:0.0000s ]
SQL: SHOW COLUMNS FROM `ysk_product_cate` [ RunTime:0.0070s ]
SQL: SELECT * FROM `ysk_product_cate` WHERE `pid` = 0 ORDER BY sort desc LIMIT 10   [ RunTime:0.0010s ]
SQL: SHOW COLUMNS FROM `ysk_shop_banner` [ RunTime:0.0070s ]
SQL: SELECT * FROM `ysk_shop_banner`  [ RunTime:0.0000s ]
SQL: SHOW COLUMNS FROM `ysk_product_detail` [ RunTime:0.0070s ]
SQL: SELECT * FROM `ysk_product_detail` WHERE `status` = 1 ORDER BY ctime desc LIMIT 5   [ RunTime:0.0000s ]
SQL: SELECT * FROM `ysk_product_detail` WHERE `is_hot` = 1 AND `shangjia` = 0 ORDER BY ctime desc LIMIT 6   [ RunTime:0.0000s ]
SQL: SELECT * FROM `ysk_product_detail` WHERE `is_new` = 1 AND `shangjia` = 0 ORDER BY ctime desc LIMIT 7   [ RunTime:0.0010s ]
SQL: SELECT * FROM `ysk_product_detail` WHERE `status` = 1 ORDER BY ctime asc LIMIT 8   [ RunTime:0.0000s ]
SQL: SELECT * FROM `ysk_product_detail` WHERE `is_tuijian` = 1 AND `shangjia` = 0 ORDER BY ctime desc LIMIT 8   [ RunTime:0.0000s ]
SQL: SHOW COLUMNS FROM `ysk_notice` [ RunTime:0.0070s ]
SQL: SELECT * FROM `ysk_notice` ORDER BY notice_addtime asc  [ RunTime:0.0010s ]
SQL: SHOW COLUMNS FROM `ysk_gerenshangpu` [ RunTime:0.0070s ]
SQL: SELECT * FROM `ysk_gerenshangpu` WHERE `shop_zhuangtai` = 1 AND `id` <> 1 ORDER BY shop_stort asc LIMIT 9   [ RunTime:0.0000s ]
INFO: [ view_parse ] --START--
INFO: [ template_filter ] --START--
INFO: Run Behavior\ContentReplaceBehavior [ RunTime:0.000000s ]
INFO: [ template_filter ] --END-- [ RunTime:0.000000s ]
NOTIC: [8] Undefined variable: config D:\gpays\Runtime\Cache\Shop\919d3b05d99b9010c89482cf5b988490.php 第 6 行.
INFO: Run Behavior\ParseTemplateBehavior [ RunTime:0.015000s ]
INFO: [ view_parse ] --END-- [ RunTime:0.015000s ]
INFO: [ view_filter ] --START--
INFO: Run Behavior\WriteHtmlCacheBehavior [ RunTime:0.000000s ]
INFO: [ view_filter ] --END-- [ RunTime:0.000000s ]
INFO: [ app_end ] --START--
INFO: Run Behavior\ShowPageTraceBehavior [ RunTime:0.001000s ]
INFO: [ app_end ] --END-- [ RunTime:0.001000s ]

[ 2018-08-05T19:25:16+08:00 ] 127.0.0.1 /Shop/dianpu/index/did/4086.html
INFO: [ app_init ] --START--
INFO: Run Behavior\BuildLiteBehavior [ RunTime:0.000000s ]
INFO: [ app_init ] --END-- [ RunTime:0.000000s ]
INFO: [ app_begin ] --START--
INFO: Run Behavior\ReadHtmlCacheBehavior [ RunTime:0.001000s ]
INFO: Run Common\Behavior\CheckLangBehavior [ RunTime:0.001000s ]
INFO: [ app_begin ] --END-- [ RunTime:0.002000s ]
SQL: SHOW COLUMNS FROM `ysk_config` [ RunTime:0.0070s ]
SQL: SELECT `value`,`tip` FROM `ysk_config` WHERE `name` = 'TOGGLE_WEB_SITE' LIMIT 1   [ RunTime:0.0000s ]
SQL: SHOW COLUMNS FROM `ysk_gerenshangpu` [ RunTime:0.0070s ]
SQL: SELECT * FROM `ysk_gerenshangpu` WHERE `userid` = 4086 LIMIT 1   [ RunTime:0.0000s ]

[ 2018-08-05T19:25:28+08:00 ] 127.0.0.1 /Shop/dianpu/index/did/4086.html
INFO: [ app_init ] --START--
INFO: Run Behavior\BuildLiteBehavior [ RunTime:0.000000s ]
INFO: [ app_init ] --END-- [ RunTime:0.000000s ]
INFO: [ app_begin ] --START--
INFO: Run Behavior\ReadHtmlCacheBehavior [ RunTime:0.000000s ]
INFO: Run Common\Behavior\CheckLangBehavior [ RunTime:0.001000s ]
INFO: [ app_begin ] --END-- [ RunTime:0.001000s ]
SQL: SHOW COLUMNS FROM `ysk_config` [ RunTime:0.0080s ]
SQL: SELECT `value`,`tip` FROM `ysk_config` WHERE `name` = 'TOGGLE_WEB_SITE' LIMIT 1   [ RunTime:0.0000s ]
SQL: SHOW COLUMNS FROM `ysk_gerenshangpu` [ RunTime:0.0070s ]
SQL: SELECT * FROM `ysk_gerenshangpu` WHERE `userid` = 4086 LIMIT 1   [ RunTime:0.0000s ]

[ 2018-08-05T19:27:17+08:00 ] 127.0.0.1 /Shop/Member/allorder.html
INFO: [ app_init ] --START--
INFO: Run Behavior\BuildLiteBehavior [ RunTime:0.000000s ]
INFO: [ app_init ] --END-- [ RunTime:0.000000s ]
INFO: [ app_begin ] --START--
INFO: Run Behavior\ReadHtmlCacheBehavior [ RunTime:0.000000s ]
INFO: Run Common\Behavior\CheckLangBehavior [ RunTime:0.002000s ]
INFO: [ app_begin ] --END-- [ RunTime:0.002000s ]
SQL: SHOW COLUMNS FROM `ysk_config` [ RunTime:0.0070s ]
SQL: SELECT `value`,`tip` FROM `ysk_config` WHERE `name` = 'TOGGLE_WEB_SITE' LIMIT 1   [ RunTime:0.0000s ]
SQL: SHOW COLUMNS FROM `ysk_order` [ RunTime:0.0080s ]
SQL: SELECT * FROM `ysk_order` WHERE `uid` = 4086 AND `is_show` = 1 ORDER BY order_id desc  [ RunTime:0.0000s ]
INFO: [ view_parse ] --START--
INFO: [ template_filter ] --START--
INFO: Run Behavior\ContentReplaceBehavior [ RunTime:0.000000s ]
INFO: [ template_filter ] --END-- [ RunTime:0.000000s ]
NOTIC: [8] Undefined variable: config D:\gpays\Runtime\Cache\Shop\58aa7ee17f9c371ae588a08fbefccb63.php 第 5 行.
INFO: Run Behavior\ParseTemplateBehavior [ RunTime:0.011000s ]
INFO: [ view_parse ] --END-- [ RunTime:0.011000s ]
INFO: [ view_filter ] --START--
INFO: Run Behavior\WriteHtmlCacheBehavior [ RunTime:0.001000s ]
INFO: [ view_filter ] --END-- [ RunTime:0.001000s ]
INFO: [ app_end ] --START--
INFO: Run Behavior\ShowPageTraceBehavior [ RunTime:0.000000s ]
INFO: [ app_end ] --END-- [ RunTime:0.000000s ]

[ 2018-08-05T19:27:18+08:00 ] 127.0.0.1 /Shop/member/mine.html
INFO: [ app_init ] --START--
INFO: Run Behavior\BuildLiteBehavior [ RunTime:0.000000s ]
INFO: [ app_init ] --END-- [ RunTime:0.000000s ]
INFO: [ app_begin ] --START--
INFO: Run Behavior\ReadHtmlCacheBehavior [ RunTime:0.001000s ]
INFO: Run Common\Behavior\CheckLangBehavior [ RunTime:0.001000s ]
INFO: [ app_begin ] --END-- [ RunTime:0.002000s ]
SQL: SHOW COLUMNS FROM `ysk_config` [ RunTime:0.0070s ]
SQL: SELECT `value`,`tip` FROM `ysk_config` WHERE `name` = 'TOGGLE_WEB_SITE' LIMIT 1   [ RunTime:0.0000s ]
SQL: SHOW COLUMNS FROM `ysk_collect` [ RunTime:0.0080s ]
SQL: SELECT COUNT(*) AS tp_count FROM `ysk_collect` WHERE `uid` = 4086 LIMIT 1   [ RunTime:0.0010s ]
SQL: SHOW COLUMNS FROM `ysk_verify_list` [ RunTime:0.0070s ]
SQL: SELECT * FROM `ysk_verify_list` WHERE `uid` = 4086 LIMIT 1   [ RunTime:0.0010s ]
SQL: SHOW COLUMNS FROM `ysk_user` [ RunTime:0.0070s ]
SQL: SELECT * FROM `ysk_user` WHERE `userid` = 4086 LIMIT 1   [ RunTime:0.0000s ]
SQL: SHOW COLUMNS FROM `ysk_store` [ RunTime:0.0070s ]
SQL: SELECT * FROM `ysk_store` WHERE `uid` = 4086 LIMIT 1   [ RunTime:0.0000s ]
INFO: [ view_parse ] --START--
INFO: [ template_filter ] --START--
INFO: Run Behavior\ContentReplaceBehavior [ RunTime:0.000000s ]
INFO: [ template_filter ] --END-- [ RunTime:0.000000s ]
NOTIC: [8] Undefined variable: config D:\gpays\Runtime\Cache\Shop\443a66622bd99fc10f62d5fb4afa7a18.php 第 7 行.
INFO: Run Behavior\ParseTemplateBehavior [ RunTime:0.009000s ]
INFO: [ view_parse ] --END-- [ RunTime:0.009000s ]
INFO: [ view_filter ] --START--
INFO: Run Behavior\WriteHtmlCacheBehavior [ RunTime:0.000000s ]
INFO: [ view_filter ] --END-- [ RunTime:0.000000s ]
INFO: [ app_end ] --START--
INFO: Run Behavior\ShowPageTraceBehavior [ RunTime:0.000000s ]
INFO: [ app_end ] --END-- [ RunTime:0.000000s ]

[ 2018-08-05T19:27:20+08:00 ] 127.0.0.1 /Shop/member/mine.html
INFO: [ app_init ] --START--
INFO: Run Behavior\BuildLiteBehavior [ RunTime:0.000000s ]
INFO: [ app_init ] --END-- [ RunTime:0.000000s ]
INFO: [ app_begin ] --START--
INFO: Run Behavior\ReadHtmlCacheBehavior [ RunTime:0.000000s ]
INFO: Run Common\Behavior\CheckLangBehavior [ RunTime:0.001000s ]
INFO: [ app_begin ] --END-- [ RunTime:0.001000s ]
SQL: SHOW COLUMNS FROM `ysk_config` [ RunTime:0.0070s ]
SQL: SELECT `value`,`tip` FROM `ysk_config` WHERE `name` = 'TOGGLE_WEB_SITE' LIMIT 1   [ RunTime:0.0000s ]
SQL: SHOW COLUMNS FROM `ysk_collect` [ RunTime:0.0070s ]
SQL: SELECT COUNT(*) AS tp_count FROM `ysk_collect` WHERE `uid` = 4086 LIMIT 1   [ RunTime:0.0000s ]
SQL: SHOW COLUMNS FROM `ysk_verify_list` [ RunTime:0.0070s ]
SQL: SELECT * FROM `ysk_verify_list` WHERE `uid` = 4086 LIMIT 1   [ RunTime:0.0000s ]
SQL: SHOW COLUMNS FROM `ysk_user` [ RunTime:0.0070s ]
SQL: SELECT * FROM `ysk_user` WHERE `userid` = 4086 LIMIT 1   [ RunTime:0.0000s ]
SQL: SHOW COLUMNS FROM `ysk_store` [ RunTime:0.0070s ]
SQL: SELECT * FROM `ysk_store` WHERE `uid` = 4086 LIMIT 1   [ RunTime:0.0000s ]
INFO: [ view_parse ] --START--
INFO: [ template_filter ] --START--
INFO: Run Behavior\ContentReplaceBehavior [ RunTime:0.000000s ]
INFO: [ template_filter ] --END-- [ RunTime:0.000000s ]
NOTIC: [8] Undefined variable: config D:\gpays\Runtime\Cache\Shop\443a66622bd99fc10f62d5fb4afa7a18.php 第 7 行.
INFO: Run Behavior\ParseTemplateBehavior [ RunTime:0.007000s ]
INFO: [ view_parse ] --END-- [ RunTime:0.007000s ]
INFO: [ view_filter ] --START--
INFO: Run Behavior\WriteHtmlCacheBehavior [ RunTime:0.000000s ]
INFO: [ view_filter ] --END-- [ RunTime:0.000000s ]
INFO: [ app_end ] --START--
INFO: Run Behavior\ShowPageTraceBehavior [ RunTime:0.000000s ]
INFO: [ app_end ] --END-- [ RunTime:0.000000s ]

[ 2018-08-05T19:27:22+08:00 ] 127.0.0.1 /Shop/Home/index.html
INFO: [ app_init ] --START--
INFO: Run Behavior\BuildLiteBehavior [ RunTime:0.000000s ]
INFO: [ app_init ] --END-- [ RunTime:0.000000s ]
INFO: [ app_begin ] --START--
INFO: Run Behavior\ReadHtmlCacheBehavior [ RunTime:0.000000s ]
INFO: Run Common\Behavior\CheckLangBehavior [ RunTime:0.001000s ]
INFO: [ app_begin ] --END-- [ RunTime:0.001000s ]
SQL: SHOW COLUMNS FROM `ysk_config` [ RunTime:0.0070s ]
SQL: SELECT `value`,`tip` FROM `ysk_config` WHERE `name` = 'TOGGLE_WEB_SITE' LIMIT 1   [ RunTime:0.0000s ]
SQL: SHOW COLUMNS FROM `ysk_product_cate` [ RunTime:0.0070s ]
SQL: SELECT * FROM `ysk_product_cate` WHERE `pid` = 0 ORDER BY sort desc LIMIT 10   [ RunTime:0.0000s ]
SQL: SHOW COLUMNS FROM `ysk_shop_banner` [ RunTime:0.0070s ]
SQL: SELECT * FROM `ysk_shop_banner`  [ RunTime:0.0000s ]
SQL: SHOW COLUMNS FROM `ysk_product_detail` [ RunTime:0.0070s ]
SQL: SELECT * FROM `ysk_product_detail` WHERE `status` = 1 ORDER BY ctime desc LIMIT 5   [ RunTime:0.0000s ]
SQL: SELECT * FROM `ysk_product_detail` WHERE `is_hot` = 1 AND `shangjia` = 0 ORDER BY ctime desc LIMIT 6   [ RunTime:0.0010s ]
SQL: SELECT * FROM `ysk_product_detail` WHERE `is_new` = 1 AND `shangjia` = 0 ORDER BY ctime desc LIMIT 7   [ RunTime:0.0000s ]
SQL: SELECT * FROM `ysk_product_detail` WHERE `status` = 1 ORDER BY ctime asc LIMIT 8   [ RunTime:0.0000s ]
SQL: SELECT * FROM `ysk_product_detail` WHERE `is_tuijian` = 1 AND `shangjia` = 0 ORDER BY ctime desc LIMIT 8   [ RunTime:0.0000s ]
SQL: SHOW COLUMNS FROM `ysk_notice` [ RunTime:0.0070s ]
SQL: SELECT * FROM `ysk_notice` ORDER BY notice_addtime asc  [ RunTime:0.0000s ]
SQL: SHOW COLUMNS FROM `ysk_gerenshangpu` [ RunTime:0.0070s ]
SQL: SELECT * FROM `ysk_gerenshangpu` WHERE `shop_zhuangtai` = 1 AND `id` <> 1 ORDER BY shop_stort asc LIMIT 9   [ RunTime:0.0000s ]
INFO: [ view_parse ] --START--
INFO: [ template_filter ] --START--
INFO: Run Behavior\ContentReplaceBehavior [ RunTime:0.001000s ]
INFO: [ template_filter ] --END-- [ RunTime:0.001000s ]
NOTIC: [8] Undefined variable: config D:\gpays\Runtime\Cache\Shop\919d3b05d99b9010c89482cf5b988490.php 第 6 行.
INFO: Run Behavior\ParseTemplateBehavior [ RunTime:0.015001s ]
INFO: [ view_parse ] --END-- [ RunTime:0.015001s ]
INFO: [ view_filter ] --START--
INFO: Run Behavior\WriteHtmlCacheBehavior [ RunTime:0.000000s ]
INFO: [ view_filter ] --END-- [ RunTime:0.000000s ]
INFO: [ app_end ] --START--
INFO: Run Behavior\ShowPageTraceBehavior [ RunTime:0.000000s ]
INFO: [ app_end ] --END-- [ RunTime:0.001000s ]

[ 2018-08-05T20:39:18+08:00 ] 127.0.0.1 /Shop/member/addresslist.html
INFO: [ app_init ] --START--
INFO: Run Behavior\BuildLiteBehavior [ RunTime:0.000000s ]
INFO: [ app_init ] --END-- [ RunTime:0.000000s ]
INFO: [ app_begin ] --START--
INFO: Run Behavior\ReadHtmlCacheBehavior [ RunTime:0.001000s ]
INFO: Run Common\Behavior\CheckLangBehavior [ RunTime:0.001000s ]
INFO: [ app_begin ] --END-- [ RunTime:0.002000s ]
SQL: SHOW COLUMNS FROM `ysk_config` [ RunTime:0.0070s ]
SQL: SELECT `value`,`tip` FROM `ysk_config` WHERE `name` = 'TOGGLE_WEB_SITE' LIMIT 1   [ RunTime:0.0000s ]
SQL: SHOW COLUMNS FROM `ysk_address` [ RunTime:0.0070s ]
SQL: SELECT * FROM `ysk_address` WHERE `member_id` = '4086'  [ RunTime:0.0010s ]
INFO: [ view_parse ] --START--
INFO: [ template_filter ] --START--
INFO: Run Behavior\ContentReplaceBehavior [ RunTime:0.000000s ]
INFO: [ template_filter ] --END-- [ RunTime:0.000000s ]
NOTIC: [8] Undefined variable: config D:\gpays\Runtime\Cache\Shop\a86f493aac8cb99e74e6398de9d46e46.php 第 5 行.
INFO: Run Behavior\ParseTemplateBehavior [ RunTime:0.005000s ]
INFO: [ view_parse ] --END-- [ RunTime:0.005000s ]
INFO: [ view_filter ] --START--
INFO: Run Behavior\WriteHtmlCacheBehavior [ RunTime:0.001000s ]
INFO: [ view_filter ] --END-- [ RunTime:0.001000s ]
INFO: [ app_end ] --START--
INFO: Run Behavior\ShowPageTraceBehavior [ RunTime:0.000000s ]
INFO: [ app_end ] --END-- [ RunTime:0.000000s ]

[ 2018-08-05T20:39:20+08:00 ] 127.0.0.1 /Shop/Member/address.html
INFO: [ app_init ] --START--
INFO: Run Behavior\BuildLiteBehavior [ RunTime:0.000000s ]
INFO: [ app_init ] --END-- [ RunTime:0.000000s ]
INFO: [ app_begin ] --START--
INFO: Run Behavior\ReadHtmlCacheBehavior [ RunTime:0.001000s ]
INFO: Run Common\Behavior\CheckLangBehavior [ RunTime:0.001000s ]
INFO: [ app_begin ] --END-- [ RunTime:0.002000s ]
SQL: SHOW COLUMNS FROM `ysk_config` [ RunTime:0.0070s ]
SQL: SELECT `value`,`tip` FROM `ysk_config` WHERE `name` = 'TOGGLE_WEB_SITE' LIMIT 1   [ RunTime:0.0000s ]
INFO: [ view_parse ] --START--
INFO: [ template_filter ] --START--
INFO: Run Behavior\ContentReplaceBehavior [ RunTime:0.000000s ]
INFO: [ template_filter ] --END-- [ RunTime:0.000000s ]
NOTIC: [8] Undefined variable: config D:\gpays\Runtime\Cache\Shop\7a355c0e8967316a2400d0bf130799f4.php 第 5 行.
NOTIC: [8] Undefined variable: info D:\gpays\Runtime\Cache\Shop\7a355c0e8967316a2400d0bf130799f4.php 第 86 行.
NOTIC: [8] Undefined variable: info D:\gpays\Runtime\Cache\Shop\7a355c0e8967316a2400d0bf130799f4.php 第 111 行.
NOTIC: [8] Undefined variable: info D:\gpays\Runtime\Cache\Shop\7a355c0e8967316a2400d0bf130799f4.php 第 112 行.
NOTIC: [8] Undefined variable: info D:\gpays\Runtime\Cache\Shop\7a355c0e8967316a2400d0bf130799f4.php 第 114 行.
NOTIC: [8] Undefined variable: info D:\gpays\Runtime\Cache\Shop\7a355c0e8967316a2400d0bf130799f4.php 第 116 行.
NOTIC: [8] Undefined variable: info D:\gpays\Runtime\Cache\Shop\7a355c0e8967316a2400d0bf130799f4.php 第 117 行.
NOTIC: [8] Undefined variable: info D:\gpays\Runtime\Cache\Shop\7a355c0e8967316a2400d0bf130799f4.php 第 118 行.
NOTIC: [8] Undefined variable: info D:\gpays\Runtime\Cache\Shop\7a355c0e8967316a2400d0bf130799f4.php 第 119 行.
INFO: Run Behavior\ParseTemplateBehavior [ RunTime:0.011001s ]
INFO: [ view_parse ] --END-- [ RunTime:0.011001s ]
INFO: [ view_filter ] --START--
INFO: Run Behavior\WriteHtmlCacheBehavior [ RunTime:0.000000s ]
INFO: [ view_filter ] --END-- [ RunTime:0.000000s ]
INFO: [ app_end ] --START--
INFO: Run Behavior\ShowPageTraceBehavior [ RunTime:0.001000s ]
INFO: [ app_end ] --END-- [ RunTime:0.001000s ]

[ 2018-08-05T20:39:55+08:00 ] 127.0.0.1 /Shop/member/addresslist.html
INFO: [ app_init ] --START--
INFO: Run Behavior\BuildLiteBehavior [ RunTime:0.000000s ]
INFO: [ app_init ] --END-- [ RunTime:0.000000s ]
INFO: [ app_begin ] --START--
INFO: Run Behavior\ReadHtmlCacheBehavior [ RunTime:0.000000s ]
INFO: Run Common\Behavior\CheckLangBehavior [ RunTime:0.001000s ]
INFO: [ app_begin ] --END-- [ RunTime:0.001000s ]
SQL: SHOW COLUMNS FROM `ysk_config` [ RunTime:0.0070s ]
SQL: SELECT `value`,`tip` FROM `ysk_config` WHERE `name` = 'TOGGLE_WEB_SITE' LIMIT 1   [ RunTime:0.0000s ]
SQL: SHOW COLUMNS FROM `ysk_address` [ RunTime:0.0070s ]
SQL: SELECT * FROM `ysk_address` WHERE `member_id` = '4086'  [ RunTime:0.0000s ]
INFO: [ view_parse ] --START--
INFO: [ template_filter ] --START--
INFO: Run Behavior\ContentReplaceBehavior [ RunTime:0.000000s ]
INFO: [ template_filter ] --END-- [ RunTime:0.000000s ]
NOTIC: [8] Undefined variable: config D:\gpays\Runtime\Cache\Shop\a86f493aac8cb99e74e6398de9d46e46.php 第 5 行.
INFO: Run Behavior\ParseTemplateBehavior [ RunTime:0.005001s ]
INFO: [ view_parse ] --END-- [ RunTime:0.005001s ]
INFO: [ view_filter ] --START--
INFO: Run Behavior\WriteHtmlCacheBehavior [ RunTime:0.000000s ]
INFO: [ view_filter ] --END-- [ RunTime:0.000000s ]
INFO: [ app_end ] --START--
INFO: Run Behavior\ShowPageTraceBehavior [ RunTime:0.001000s ]
INFO: [ app_end ] --END-- [ RunTime:0.001000s ]

[ 2018-08-05T20:39:57+08:00 ] 127.0.0.1 /Shop/Member/address.html
INFO: [ app_init ] --START--
INFO: Run Behavior\BuildLiteBehavior [ RunTime:0.000000s ]
INFO: [ app_init ] --END-- [ RunTime:0.000000s ]
INFO: [ app_begin ] --START--
INFO: Run Behavior\ReadHtmlCacheBehavior [ RunTime:0.000000s ]
INFO: Run Common\Behavior\CheckLangBehavior [ RunTime:0.001000s ]
INFO: [ app_begin ] --END-- [ RunTime:0.001000s ]
SQL: SHOW COLUMNS FROM `ysk_config` [ RunTime:0.0070s ]
SQL: SELECT `value`,`tip` FROM `ysk_config` WHERE `name` = 'TOGGLE_WEB_SITE' LIMIT 1   [ RunTime:0.0000s ]
INFO: [ view_parse ] --START--
INFO: [ template_filter ] --START--
INFO: Run Behavior\ContentReplaceBehavior [ RunTime:0.000000s ]
INFO: [ template_filter ] --END-- [ RunTime:0.000000s ]
NOTIC: [8] Undefined variable: config D:\gpays\Runtime\Cache\Shop\7a355c0e8967316a2400d0bf130799f4.php 第 5 行.
NOTIC: [8] Undefined variable: info D:\gpays\Runtime\Cache\Shop\7a355c0e8967316a2400d0bf130799f4.php 第 86 行.
NOTIC: [8] Undefined variable: info D:\gpays\Runtime\Cache\Shop\7a355c0e8967316a2400d0bf130799f4.php 第 111 行.
NOTIC: [8] Undefined variable: info D:\gpays\Runtime\Cache\Shop\7a355c0e8967316a2400d0bf130799f4.php 第 112 行.
NOTIC: [8] Undefined variable: info D:\gpays\Runtime\Cache\Shop\7a355c0e8967316a2400d0bf130799f4.php 第 114 行.
NOTIC: [8] Undefined variable: info D:\gpays\Runtime\Cache\Shop\7a355c0e8967316a2400d0bf130799f4.php 第 116 行.
NOTIC: [8] Undefined variable: info D:\gpays\Runtime\Cache\Shop\7a355c0e8967316a2400d0bf130799f4.php 第 117 行.
NOTIC: [8] Undefined variable: info D:\gpays\Runtime\Cache\Shop\7a355c0e8967316a2400d0bf130799f4.php 第 118 行.
NOTIC: [8] Undefined variable: info D:\gpays\Runtime\Cache\Shop\7a355c0e8967316a2400d0bf130799f4.php 第 119 行.
INFO: Run Behavior\ParseTemplateBehavior [ RunTime:0.005000s ]
INFO: [ view_parse ] --END-- [ RunTime:0.005000s ]
INFO: [ view_filter ] --START--
INFO: Run Behavior\WriteHtmlCacheBehavior [ RunTime:0.001000s ]
INFO: [ view_filter ] --END-- [ RunTime:0.001000s ]
INFO: [ app_end ] --START--
INFO: Run Behavior\ShowPageTraceBehavior [ RunTime:0.000000s ]
INFO: [ app_end ] --END-- [ RunTime:0.000000s ]

[ 2018-08-05T20:42:56+08:00 ] 127.0.0.1 /Shop/dianpu/index/did/4086.html
INFO: [ app_init ] --START--
INFO: Run Behavior\BuildLiteBehavior [ RunTime:0.000000s ]
INFO: [ app_init ] --END-- [ RunTime:0.000000s ]
INFO: [ app_begin ] --START--
INFO: Run Behavior\ReadHtmlCacheBehavior [ RunTime:0.000000s ]
INFO: Run Common\Behavior\CheckLangBehavior [ RunTime:0.001001s ]
INFO: [ app_begin ] --END-- [ RunTime:0.002001s ]
SQL: SHOW COLUMNS FROM `ysk_config` [ RunTime:0.0070s ]
SQL: SELECT `value`,`tip` FROM `ysk_config` WHERE `name` = 'TOGGLE_WEB_SITE' LIMIT 1   [ RunTime:0.0000s ]
SQL: SHOW COLUMNS FROM `ysk_gerenshangpu` [ RunTime:0.0070s ]
SQL: SELECT * FROM `ysk_gerenshangpu` WHERE `userid` = 4086 LIMIT 1   [ RunTime:0.0000s ]

[ 2018-08-05T20:43:15+08:00 ] 127.0.0.1 /Shop/member/addresslist.html
INFO: [ app_init ] --START--
INFO: Run Behavior\BuildLiteBehavior [ RunTime:0.000000s ]
INFO: [ app_init ] --END-- [ RunTime:0.000000s ]
INFO: [ app_begin ] --START--
INFO: Run Behavior\ReadHtmlCacheBehavior [ RunTime:0.000000s ]
INFO: Run Common\Behavior\CheckLangBehavior [ RunTime:0.001000s ]
INFO: [ app_begin ] --END-- [ RunTime:0.001000s ]
SQL: SHOW COLUMNS FROM `ysk_config` [ RunTime:0.0070s ]
SQL: SELECT `value`,`tip` FROM `ysk_config` WHERE `name` = 'TOGGLE_WEB_SITE' LIMIT 1   [ RunTime:0.0000s ]
SQL: SHOW COLUMNS FROM `ysk_address` [ RunTime:0.0060s ]
SQL: SELECT * FROM `ysk_address` WHERE `member_id` = '4086'  [ RunTime:0.0010s ]
INFO: [ view_parse ] --START--
INFO: [ template_filter ] --START--
INFO: Run Behavior\ContentReplaceBehavior [ RunTime:0.000000s ]
INFO: [ template_filter ] --END-- [ RunTime:0.000000s ]
NOTIC: [8] Undefined variable: config D:\gpays\Runtime\Cache\Shop\a86f493aac8cb99e74e6398de9d46e46.php 第 5 行.
INFO: Run Behavior\ParseTemplateBehavior [ RunTime:0.005001s ]
INFO: [ view_parse ] --END-- [ RunTime:0.005001s ]
INFO: [ view_filter ] --START--
INFO: Run Behavior\WriteHtmlCacheBehavior [ RunTime:0.001000s ]
INFO: [ view_filter ] --END-- [ RunTime:0.001000s ]
INFO: [ app_end ] --START--
INFO: Run Behavior\ShowPageTraceBehavior [ RunTime:0.000000s ]
INFO: [ app_end ] --END-- [ RunTime:0.000000s ]

[ 2018-08-05T21:24:12+08:00 ] 127.0.0.1 /Shop/Member/allorder.html
INFO: [ app_init ] --START--
INFO: Run Behavior\BuildLiteBehavior [ RunTime:0.000000s ]
INFO: [ app_init ] --END-- [ RunTime:0.000000s ]
INFO: [ app_begin ] --START--
INFO: Run Behavior\ReadHtmlCacheBehavior [ RunTime:0.001000s ]
INFO: Run Common\Behavior\CheckLangBehavior [ RunTime:0.001000s ]
INFO: [ app_begin ] --END-- [ RunTime:0.002000s ]
SQL: SHOW COLUMNS FROM `ysk_config` [ RunTime:0.0110s ]
SQL: SELECT `value`,`tip` FROM `ysk_config` WHERE `name` = 'TOGGLE_WEB_SITE' LIMIT 1   [ RunTime:0.0000s ]
SQL: SHOW COLUMNS FROM `ysk_order` [ RunTime:0.0120s ]
SQL: SELECT * FROM `ysk_order` WHERE `uid` = 13655 AND `is_show` = 1 ORDER BY order_id desc  [ RunTime:0.0000s ]
INFO: [ view_parse ] --START--
INFO: [ template_filter ] --START--
INFO: Run Behavior\ContentReplaceBehavior [ RunTime:0.000000s ]
INFO: [ template_filter ] --END-- [ RunTime:0.000000s ]
NOTIC: [8] Undefined variable: config D:\gpays\Runtime\Cache\Shop\58aa7ee17f9c371ae588a08fbefccb63.php 第 5 行.
INFO: Run Behavior\ParseTemplateBehavior [ RunTime:0.011001s ]
INFO: [ view_parse ] --END-- [ RunTime:0.011001s ]
INFO: [ view_filter ] --START--
INFO: Run Behavior\WriteHtmlCacheBehavior [ RunTime:0.001000s ]
INFO: [ view_filter ] --END-- [ RunTime:0.001000s ]
INFO: [ app_end ] --START--
INFO: Run Behavior\ShowPageTraceBehavior [ RunTime:0.000000s ]
INFO: [ app_end ] --END-- [ RunTime:0.000000s ]

[ 2018-08-05T21:24:13+08:00 ] 127.0.0.1 /Shop/member/mine.html
INFO: [ app_init ] --START--
INFO: Run Behavior\BuildLiteBehavior [ RunTime:0.000000s ]
INFO: [ app_init ] --END-- [ RunTime:0.000000s ]
INFO: [ app_begin ] --START--
INFO: Run Behavior\ReadHtmlCacheBehavior [ RunTime:0.000000s ]
INFO: Run Common\Behavior\CheckLangBehavior [ RunTime:0.001000s ]
INFO: [ app_begin ] --END-- [ RunTime:0.001000s ]
SQL: SHOW COLUMNS FROM `ysk_config` [ RunTime:0.0110s ]
SQL: SELECT `value`,`tip` FROM `ysk_config` WHERE `name` = 'TOGGLE_WEB_SITE' LIMIT 1   [ RunTime:0.0010s ]
SQL: SHOW COLUMNS FROM `ysk_collect` [ RunTime:0.0110s ]
SQL: SELECT COUNT(*) AS tp_count FROM `ysk_collect` WHERE `uid` = 13655 LIMIT 1   [ RunTime:0.0010s ]
SQL: SHOW COLUMNS FROM `ysk_verify_list` [ RunTime:0.0110s ]
SQL: SELECT * FROM `ysk_verify_list` WHERE `uid` = 13655 LIMIT 1   [ RunTime:0.0010s ]
SQL: SHOW COLUMNS FROM `ysk_user` [ RunTime:0.0110s ]
SQL: SELECT * FROM `ysk_user` WHERE `userid` = 13655 LIMIT 1   [ RunTime:0.0010s ]
SQL: SHOW COLUMNS FROM `ysk_store` [ RunTime:0.0100s ]
SQL: SELECT * FROM `ysk_store` WHERE `uid` = 13655 LIMIT 1   [ RunTime:0.0010s ]
INFO: [ view_parse ] --START--
INFO: [ template_filter ] --START--
INFO: Run Behavior\ContentReplaceBehavior [ RunTime:0.000000s ]
INFO: [ template_filter ] --END-- [ RunTime:0.000000s ]
NOTIC: [8] Undefined variable: config D:\gpays\Runtime\Cache\Shop\443a66622bd99fc10f62d5fb4afa7a18.php 第 7 行.
INFO: Run Behavior\ParseTemplateBehavior [ RunTime:0.008000s ]
INFO: [ view_parse ] --END-- [ RunTime:0.008000s ]
INFO: [ view_filter ] --START--
INFO: Run Behavior\WriteHtmlCacheBehavior [ RunTime:0.000000s ]
INFO: [ view_filter ] --END-- [ RunTime:0.000000s ]
INFO: [ app_end ] --START--
INFO: Run Behavior\ShowPageTraceBehavior [ RunTime:0.000000s ]
INFO: [ app_end ] --END-- [ RunTime:0.000000s ]

[ 2018-08-05T21:24:15+08:00 ] 127.0.0.1 /Shop/Home/index.html
INFO: [ app_init ] --START--
INFO: Run Behavior\BuildLiteBehavior [ RunTime:0.000000s ]
INFO: [ app_init ] --END-- [ RunTime:0.000000s ]
INFO: [ app_begin ] --START--
INFO: Run Behavior\ReadHtmlCacheBehavior [ RunTime:0.000000s ]
INFO: Run Common\Behavior\CheckLangBehavior [ RunTime:0.001000s ]
INFO: [ app_begin ] --END-- [ RunTime:0.001000s ]
SQL: SHOW COLUMNS FROM `ysk_config` [ RunTime:0.0110s ]
SQL: SELECT `value`,`tip` FROM `ysk_config` WHERE `name` = 'TOGGLE_WEB_SITE' LIMIT 1   [ RunTime:0.0010s ]
SQL: SHOW COLUMNS FROM `ysk_product_cate` [ RunTime:0.0110s ]
SQL: SELECT * FROM `ysk_product_cate` WHERE `pid` = 0 ORDER BY sort desc LIMIT 10   [ RunTime:0.0010s ]
SQL: SHOW COLUMNS FROM `ysk_shop_banner` [ RunTime:0.0110s ]
SQL: SELECT * FROM `ysk_shop_banner`  [ RunTime:0.0010s ]
SQL: SHOW COLUMNS FROM `ysk_product_detail` [ RunTime:0.0110s ]
SQL: SELECT * FROM `ysk_product_detail` WHERE `status` = 1 ORDER BY ctime desc LIMIT 5   [ RunTime:0.0000s ]
SQL: SELECT * FROM `ysk_product_detail` WHERE `is_hot` = 1 AND `shangjia` = 0 ORDER BY ctime desc LIMIT 6   [ RunTime:0.0000s ]
SQL: SELECT * FROM `ysk_product_detail` WHERE `is_new` = 1 AND `shangjia` = 0 ORDER BY ctime desc LIMIT 7   [ RunTime:0.0010s ]
SQL: SELECT * FROM `ysk_product_detail` WHERE `status` = 1 ORDER BY ctime asc LIMIT 8   [ RunTime:0.0000s ]
SQL: SELECT * FROM `ysk_product_detail` WHERE `is_tuijian` = 1 AND `shangjia` = 0 ORDER BY ctime desc LIMIT 8   [ RunTime:0.0000s ]
SQL: SHOW COLUMNS FROM `ysk_notice` [ RunTime:0.0120s ]
SQL: SELECT * FROM `ysk_notice` ORDER BY notice_addtime asc  [ RunTime:0.0000s ]
SQL: SHOW COLUMNS FROM `ysk_gerenshangpu` [ RunTime:0.0120s ]
SQL: SELECT * FROM `ysk_gerenshangpu` WHERE `shop_zhuangtai` = 1 AND `id` <> 1 ORDER BY shop_stort asc LIMIT 9   [ RunTime:0.0000s ]
INFO: [ view_parse ] --START--
INFO: [ template_filter ] --START--
INFO: Run Behavior\ContentReplaceBehavior [ RunTime:0.000000s ]
INFO: [ template_filter ] --END-- [ RunTime:0.000000s ]
NOTIC: [8] Undefined variable: config D:\gpays\Runtime\Cache\Shop\919d3b05d99b9010c89482cf5b988490.php 第 6 行.
INFO: Run Behavior\ParseTemplateBehavior [ RunTime:0.014001s ]
INFO: [ view_parse ] --END-- [ RunTime:0.014001s ]
INFO: [ view_filter ] --START--
INFO: Run Behavior\WriteHtmlCacheBehavior [ RunTime:0.001000s ]
INFO: [ view_filter ] --END-- [ RunTime:0.001000s ]
INFO: [ app_end ] --START--
INFO: Run Behavior\ShowPageTraceBehavior [ RunTime:0.000000s ]
INFO: [ app_end ] --END-- [ RunTime:0.000000s ]

[ 2018-08-05T21:24:16+08:00 ] 127.0.0.1 /Shop/member/mine.html
INFO: [ app_init ] --START--
INFO: Run Behavior\BuildLiteBehavior [ RunTime:0.000000s ]
INFO: [ app_init ] --END-- [ RunTime:0.000000s ]
INFO: [ app_begin ] --START--
INFO: Run Behavior\ReadHtmlCacheBehavior [ RunTime:0.000000s ]
INFO: Run Common\Behavior\CheckLangBehavior [ RunTime:0.001000s ]
INFO: [ app_begin ] --END-- [ RunTime:0.001000s ]
SQL: SHOW COLUMNS FROM `ysk_config` [ RunTime:0.0110s ]
SQL: SELECT `value`,`tip` FROM `ysk_config` WHERE `name` = 'TOGGLE_WEB_SITE' LIMIT 1   [ RunTime:0.0010s ]
SQL: SHOW COLUMNS FROM `ysk_collect` [ RunTime:0.0100s ]
SQL: SELECT COUNT(*) AS tp_count FROM `ysk_collect` WHERE `uid` = 13655 LIMIT 1   [ RunTime:0.0000s ]
SQL: SHOW COLUMNS FROM `ysk_verify_list` [ RunTime:0.0110s ]
SQL: SELECT * FROM `ysk_verify_list` WHERE `uid` = 13655 LIMIT 1   [ RunTime:0.0000s ]
SQL: SHOW COLUMNS FROM `ysk_user` [ RunTime:0.0100s ]
SQL: SELECT * FROM `ysk_user` WHERE `userid` = 13655 LIMIT 1   [ RunTime:0.0000s ]
SQL: SHOW COLUMNS FROM `ysk_store` [ RunTime:0.0110s ]
SQL: SELECT * FROM `ysk_store` WHERE `uid` = 13655 LIMIT 1   [ RunTime:0.0000s ]
INFO: [ view_parse ] --START--
INFO: [ template_filter ] --START--
INFO: Run Behavior\ContentReplaceBehavior [ RunTime:0.001000s ]
INFO: [ template_filter ] --END-- [ RunTime:0.001000s ]
NOTIC: [8] Undefined variable: config D:\gpays\Runtime\Cache\Shop\443a66622bd99fc10f62d5fb4afa7a18.php 第 7 行.
INFO: Run Behavior\ParseTemplateBehavior [ RunTime:0.008000s ]
INFO: [ view_parse ] --END-- [ RunTime:0.008000s ]
INFO: [ view_filter ] --START--
INFO: Run Behavior\WriteHtmlCacheBehavior [ RunTime:0.000000s ]
INFO: [ view_filter ] --END-- [ RunTime:0.000000s ]
INFO: [ app_end ] --START--
INFO: Run Behavior\ShowPageTraceBehavior [ RunTime:0.000000s ]
INFO: [ app_end ] --END-- [ RunTime:0.001000s ]

[ 2018-08-05T21:24:17+08:00 ] 127.0.0.1 /Shop/Home/index.html
INFO: [ app_init ] --START--
INFO: Run Behavior\BuildLiteBehavior [ RunTime:0.000000s ]
INFO: [ app_init ] --END-- [ RunTime:0.000000s ]
INFO: [ app_begin ] --START--
INFO: Run Behavior\ReadHtmlCacheBehavior [ RunTime:0.001000s ]
INFO: Run Common\Behavior\CheckLangBehavior [ RunTime:0.001000s ]
INFO: [ app_begin ] --END-- [ RunTime:0.002000s ]
SQL: SHOW COLUMNS FROM `ysk_config` [ RunTime:0.0110s ]
SQL: SELECT `value`,`tip` FROM `ysk_config` WHERE `name` = 'TOGGLE_WEB_SITE' LIMIT 1   [ RunTime:0.0000s ]
SQL: SHOW COLUMNS FROM `ysk_product_cate` [ RunTime:0.0110s ]
SQL: SELECT * FROM `ysk_product_cate` WHERE `pid` = 0 ORDER BY sort desc LIMIT 10   [ RunTime:0.0000s ]
SQL: SHOW COLUMNS FROM `ysk_shop_banner` [ RunTime:0.0110s ]
SQL: SELECT * FROM `ysk_shop_banner`  [ RunTime:0.0000s ]
SQL: SHOW COLUMNS FROM `ysk_product_detail` [ RunTime:0.0120s ]
SQL: SELECT * FROM `ysk_product_detail` WHERE `status` = 1 ORDER BY ctime desc LIMIT 5   [ RunTime:0.0000s ]
SQL: SELECT * FROM `ysk_product_detail` WHERE `is_hot` = 1 AND `shangjia` = 0 ORDER BY ctime desc LIMIT 6   [ RunTime:0.0000s ]
SQL: SELECT * FROM `ysk_product_detail` WHERE `is_new` = 1 AND `shangjia` = 0 ORDER BY ctime desc LIMIT 7   [ RunTime:0.0000s ]
SQL: SELECT * FROM `ysk_product_detail` WHERE `status` = 1 ORDER BY ctime asc LIMIT 8   [ RunTime:0.0010s ]
SQL: SELECT * FROM `ysk_product_detail` WHERE `is_tuijian` = 1 AND `shangjia` = 0 ORDER BY ctime desc LIMIT 8   [ RunTime:0.0000s ]
SQL: SHOW COLUMNS FROM `ysk_notice` [ RunTime:0.0120s ]
SQL: SELECT * FROM `ysk_notice` ORDER BY notice_addtime asc  [ RunTime:0.0000s ]
SQL: SHOW COLUMNS FROM `ysk_gerenshangpu` [ RunTime:0.0110s ]
SQL: SELECT * FROM `ysk_gerenshangpu` WHERE `shop_zhuangtai` = 1 AND `id` <> 1 ORDER BY shop_stort asc LIMIT 9   [ RunTime:0.0000s ]
INFO: [ view_parse ] --START--
INFO: [ template_filter ] --START--
INFO: Run Behavior\ContentReplaceBehavior [ RunTime:0.000000s ]
INFO: [ template_filter ] --END-- [ RunTime:0.000000s ]
NOTIC: [8] Undefined variable: config D:\gpays\Runtime\Cache\Shop\919d3b05d99b9010c89482cf5b988490.php 第 6 行.
INFO: Run Behavior\ParseTemplateBehavior [ RunTime:0.015000s ]
INFO: [ view_parse ] --END-- [ RunTime:0.015000s ]
INFO: [ view_filter ] --START--
INFO: Run Behavior\WriteHtmlCacheBehavior [ RunTime:0.001000s ]
INFO: [ view_filter ] --END-- [ RunTime:0.001000s ]
INFO: [ app_end ] --START--
INFO: Run Behavior\ShowPageTraceBehavior [ RunTime:0.000000s ]
INFO: [ app_end ] --END-- [ RunTime:0.000000s ]

[ 2018-08-05T21:26:36+08:00 ] 127.0.0.1 /Shop/Member/allorder.html
INFO: [ app_init ] --START--
INFO: Run Behavior\BuildLiteBehavior [ RunTime:0.000000s ]
INFO: [ app_init ] --END-- [ RunTime:0.000000s ]
INFO: [ app_begin ] --START--
INFO: Run Behavior\ReadHtmlCacheBehavior [ RunTime:0.000000s ]
INFO: Run Common\Behavior\CheckLangBehavior [ RunTime:0.001000s ]
INFO: [ app_begin ] --END-- [ RunTime:0.001000s ]
SQL: SHOW COLUMNS FROM `ysk_config` [ RunTime:0.0110s ]
SQL: SELECT `value`,`tip` FROM `ysk_config` WHERE `name` = 'TOGGLE_WEB_SITE' LIMIT 1   [ RunTime:0.0000s ]
SQL: SHOW COLUMNS FROM `ysk_order` [ RunTime:0.0110s ]
SQL: SELECT * FROM `ysk_order` WHERE `uid` = 13655 AND `is_show` = 1 ORDER BY order_id desc  [ RunTime:0.0000s ]
INFO: [ view_parse ] --START--
INFO: [ template_filter ] --START--
INFO: Run Behavior\ContentReplaceBehavior [ RunTime:0.001000s ]
INFO: [ template_filter ] --END-- [ RunTime:0.001000s ]
NOTIC: [8] Undefined variable: config D:\gpays\Runtime\Cache\Shop\58aa7ee17f9c371ae588a08fbefccb63.php 第 5 行.
INFO: Run Behavior\ParseTemplateBehavior [ RunTime:0.012001s ]
INFO: [ view_parse ] --END-- [ RunTime:0.012001s ]
INFO: [ view_filter ] --START--
INFO: Run Behavior\WriteHtmlCacheBehavior [ RunTime:0.000000s ]
INFO: [ view_filter ] --END-- [ RunTime:0.000000s ]
INFO: [ app_end ] --START--
INFO: Run Behavior\ShowPageTraceBehavior [ RunTime:0.001000s ]
INFO: [ app_end ] --END-- [ RunTime:0.001000s ]

[ 2018-08-05T21:26:38+08:00 ] 127.0.0.1 /Shop/Member/allorder/s/1.html
INFO: [ app_init ] --START--
INFO: Run Behavior\BuildLiteBehavior [ RunTime:0.000000s ]
INFO: [ app_init ] --END-- [ RunTime:0.000000s ]
INFO: [ app_begin ] --START--
INFO: Run Behavior\ReadHtmlCacheBehavior [ RunTime:0.001000s ]
INFO: Run Common\Behavior\CheckLangBehavior [ RunTime:0.001000s ]
INFO: [ app_begin ] --END-- [ RunTime:0.002000s ]
SQL: SHOW COLUMNS FROM `ysk_config` [ RunTime:0.0110s ]
SQL: SELECT `value`,`tip` FROM `ysk_config` WHERE `name` = 'TOGGLE_WEB_SITE' LIMIT 1   [ RunTime:0.0010s ]
SQL: SHOW COLUMNS FROM `ysk_order` [ RunTime:0.0110s ]
SQL: SELECT * FROM `ysk_order` WHERE `uid` = 13655 AND `is_show` = 1 AND `status` = 1 ORDER BY order_id desc  [ RunTime:0.0010s ]
INFO: [ view_parse ] --START--
INFO: [ template_filter ] --START--
INFO: Run Behavior\ContentReplaceBehavior [ RunTime:0.000000s ]
INFO: [ template_filter ] --END-- [ RunTime:0.000000s ]
NOTIC: [8] Undefined variable: config D:\gpays\Runtime\Cache\Shop\58aa7ee17f9c371ae588a08fbefccb63.php 第 5 行.
INFO: Run Behavior\ParseTemplateBehavior [ RunTime:0.012000s ]
INFO: [ view_parse ] --END-- [ RunTime:0.012000s ]
INFO: [ view_filter ] --START--
INFO: Run Behavior\WriteHtmlCacheBehavior [ RunTime:0.000000s ]
INFO: [ view_filter ] --END-- [ RunTime:0.000000s ]
INFO: [ app_end ] --START--
INFO: Run Behavior\ShowPageTraceBehavior [ RunTime:0.001000s ]
INFO: [ app_end ] --END-- [ RunTime:0.001000s ]

[ 2018-08-05T21:26:38+08:00 ] 127.0.0.1 /Shop/Member/allorder/s/0.html
INFO: [ app_init ] --START--
INFO: Run Behavior\BuildLiteBehavior [ RunTime:0.000000s ]
INFO: [ app_init ] --END-- [ RunTime:0.000000s ]
INFO: [ app_begin ] --START--
INFO: Run Behavior\ReadHtmlCacheBehavior [ RunTime:0.001000s ]
INFO: Run Common\Behavior\CheckLangBehavior [ RunTime:0.001001s ]
INFO: [ app_begin ] --END-- [ RunTime:0.002001s ]
SQL: SHOW COLUMNS FROM `ysk_config` [ RunTime:0.0110s ]
SQL: SELECT `value`,`tip` FROM `ysk_config` WHERE `name` = 'TOGGLE_WEB_SITE' LIMIT 1   [ RunTime:0.0010s ]
SQL: SHOW COLUMNS FROM `ysk_order` [ RunTime:0.0110s ]
SQL: SELECT * FROM `ysk_order` WHERE `uid` = 13655 AND `is_show` = 1 ORDER BY order_id desc  [ RunTime:0.0000s ]
INFO: [ view_parse ] --START--
INFO: [ template_filter ] --START--
INFO: Run Behavior\ContentReplaceBehavior [ RunTime:0.001001s ]
INFO: [ template_filter ] --END-- [ RunTime:0.001001s ]
NOTIC: [8] Undefined variable: config D:\gpays\Runtime\Cache\Shop\58aa7ee17f9c371ae588a08fbefccb63.php 第 5 行.
INFO: Run Behavior\ParseTemplateBehavior [ RunTime:0.012001s ]
INFO: [ view_parse ] --END-- [ RunTime:0.012001s ]
INFO: [ view_filter ] --START--
INFO: Run Behavior\WriteHtmlCacheBehavior [ RunTime:0.000000s ]
INFO: [ view_filter ] --END-- [ RunTime:0.000000s ]
INFO: [ app_end ] --START--
INFO: Run Behavior\ShowPageTraceBehavior [ RunTime:0.001000s ]
INFO: [ app_end ] --END-- [ RunTime:0.001000s ]

[ 2018-08-05T21:26:39+08:00 ] 127.0.0.1 /Shop/Member/allorder/s/5.html
INFO: [ app_init ] --START--
INFO: Run Behavior\BuildLiteBehavior [ RunTime:0.000000s ]
INFO: [ app_init ] --END-- [ RunTime:0.000000s ]
INFO: [ app_begin ] --START--
INFO: Run Behavior\ReadHtmlCacheBehavior [ RunTime:0.001000s ]
INFO: Run Common\Behavior\CheckLangBehavior [ RunTime:0.001000s ]
INFO: [ app_begin ] --END-- [ RunTime:0.002000s ]
SQL: SHOW COLUMNS FROM `ysk_config` [ RunTime:0.0110s ]
SQL: SELECT `value`,`tip` FROM `ysk_config` WHERE `name` = 'TOGGLE_WEB_SITE' LIMIT 1   [ RunTime:0.0000s ]
SQL: SHOW COLUMNS FROM `ysk_order` [ RunTime:0.0100s ]
SQL: SELECT * FROM `ysk_order` WHERE `uid` = 13655 AND `is_show` = 1 AND `status` = 5 ORDER BY order_id desc  [ RunTime:0.0000s ]
INFO: [ view_parse ] --START--
INFO: [ template_filter ] --START--
INFO: Run Behavior\ContentReplaceBehavior [ RunTime:0.000000s ]
INFO: [ template_filter ] --END-- [ RunTime:0.000000s ]
NOTIC: [8] Undefined variable: config D:\gpays\Runtime\Cache\Shop\58aa7ee17f9c371ae588a08fbefccb63.php 第 5 行.
INFO: Run Behavior\ParseTemplateBehavior [ RunTime:0.012001s ]
INFO: [ view_parse ] --END-- [ RunTime:0.012001s ]
INFO: [ view_filter ] --START--
INFO: Run Behavior\WriteHtmlCacheBehavior [ RunTime:0.001000s ]
INFO: [ view_filter ] --END-- [ RunTime:0.001000s ]
INFO: [ app_end ] --START--
INFO: Run Behavior\ShowPageTraceBehavior [ RunTime:0.000000s ]
INFO: [ app_end ] --END-- [ RunTime:0.000000s ]

[ 2018-08-05T21:26:39+08:00 ] 127.0.0.1 /Shop/member/mine.html
INFO: [ app_init ] --START--
INFO: Run Behavior\BuildLiteBehavior [ RunTime:0.000000s ]
INFO: [ app_init ] --END-- [ RunTime:0.000000s ]
INFO: [ app_begin ] --START--
INFO: Run Behavior\ReadHtmlCacheBehavior [ RunTime:0.001000s ]
INFO: Run Common\Behavior\CheckLangBehavior [ RunTime:0.001000s ]
INFO: [ app_begin ] --END-- [ RunTime:0.002000s ]
SQL: SHOW COLUMNS FROM `ysk_config` [ RunTime:0.0110s ]
SQL: SELECT `value`,`tip` FROM `ysk_config` WHERE `name` = 'TOGGLE_WEB_SITE' LIMIT 1   [ RunTime:0.0010s ]
SQL: SHOW COLUMNS FROM `ysk_collect` [ RunTime:0.0100s ]
SQL: SELECT COUNT(*) AS tp_count FROM `ysk_collect` WHERE `uid` = 13655 LIMIT 1   [ RunTime:0.0000s ]
SQL: SHOW COLUMNS FROM `ysk_verify_list` [ RunTime:0.0100s ]
SQL: SELECT * FROM `ysk_verify_list` WHERE `uid` = 13655 LIMIT 1   [ RunTime:0.0000s ]
SQL: SHOW COLUMNS FROM `ysk_user` [ RunTime:0.0110s ]
SQL: SELECT * FROM `ysk_user` WHERE `userid` = 13655 LIMIT 1   [ RunTime:0.0000s ]
SQL: SHOW COLUMNS FROM `ysk_store` [ RunTime:0.0110s ]
SQL: SELECT * FROM `ysk_store` WHERE `uid` = 13655 LIMIT 1   [ RunTime:0.0000s ]
INFO: [ view_parse ] --START--
INFO: [ template_filter ] --START--
INFO: Run Behavior\ContentReplaceBehavior [ RunTime:0.000000s ]
INFO: [ template_filter ] --END-- [ RunTime:0.000000s ]
NOTIC: [8] Undefined variable: config D:\gpays\Runtime\Cache\Shop\443a66622bd99fc10f62d5fb4afa7a18.php 第 7 行.
INFO: Run Behavior\ParseTemplateBehavior [ RunTime:0.008000s ]
INFO: [ view_parse ] --END-- [ RunTime:0.009000s ]
INFO: [ view_filter ] --START--
INFO: Run Behavior\WriteHtmlCacheBehavior [ RunTime:0.000000s ]
INFO: [ view_filter ] --END-- [ RunTime:0.000000s ]
INFO: [ app_end ] --START--
INFO: Run Behavior\ShowPageTraceBehavior [ RunTime:0.000000s ]
INFO: [ app_end ] --END-- [ RunTime:0.000000s ]

[ 2018-08-05T21:26:40+08:00 ] 127.0.0.1 /Shop/Home/index.html
INFO: [ app_init ] --START--
INFO: Run Behavior\BuildLiteBehavior [ RunTime:0.000000s ]
INFO: [ app_init ] --END-- [ RunTime:0.000000s ]
INFO: [ app_begin ] --START--
INFO: Run Behavior\ReadHtmlCacheBehavior [ RunTime:0.000000s ]
INFO: Run Common\Behavior\CheckLangBehavior [ RunTime:0.001000s ]
INFO: [ app_begin ] --END-- [ RunTime:0.001000s ]
SQL: SHOW COLUMNS FROM `ysk_config` [ RunTime:0.0110s ]
SQL: SELECT `value`,`tip` FROM `ysk_config` WHERE `name` = 'TOGGLE_WEB_SITE' LIMIT 1   [ RunTime:0.0000s ]
SQL: SHOW COLUMNS FROM `ysk_product_cate` [ RunTime:0.0110s ]
SQL: SELECT * FROM `ysk_product_cate` WHERE `pid` = 0 ORDER BY sort desc LIMIT 10   [ RunTime:0.0010s ]
SQL: SHOW COLUMNS FROM `ysk_shop_banner` [ RunTime:0.0110s ]
SQL: SELECT * FROM `ysk_shop_banner`  [ RunTime:0.0000s ]
SQL: SHOW COLUMNS FROM `ysk_product_detail` [ RunTime:0.0110s ]
SQL: SELECT * FROM `ysk_product_detail` WHERE `status` = 1 ORDER BY ctime desc LIMIT 5   [ RunTime:0.0010s ]
SQL: SELECT * FROM `ysk_product_detail` WHERE `is_hot` = 1 AND `shangjia` = 0 ORDER BY ctime desc LIMIT 6   [ RunTime:0.0000s ]
SQL: SELECT * FROM `ysk_product_detail` WHERE `is_new` = 1 AND `shangjia` = 0 ORDER BY ctime desc LIMIT 7   [ RunTime:0.0000s ]
SQL: SELECT * FROM `ysk_product_detail` WHERE `status` = 1 ORDER BY ctime asc LIMIT 8   [ RunTime:0.0000s ]
SQL: SELECT * FROM `ysk_product_detail` WHERE `is_tuijian` = 1 AND `shangjia` = 0 ORDER BY ctime desc LIMIT 8   [ RunTime:0.0000s ]
SQL: SHOW COLUMNS FROM `ysk_notice` [ RunTime:0.0110s ]
SQL: SELECT * FROM `ysk_notice` ORDER BY notice_addtime asc  [ RunTime:0.0000s ]
SQL: SHOW COLUMNS FROM `ysk_gerenshangpu` [ RunTime:0.0110s ]
SQL: SELECT * FROM `ysk_gerenshangpu` WHERE `shop_zhuangtai` = 1 AND `id` <> 1 ORDER BY shop_stort asc LIMIT 9   [ RunTime:0.0010s ]
INFO: [ view_parse ] --START--
INFO: [ template_filter ] --START--
INFO: Run Behavior\ContentReplaceBehavior [ RunTime:0.000000s ]
INFO: [ template_filter ] --END-- [ RunTime:0.000000s ]
NOTIC: [8] Undefined variable: config D:\gpays\Runtime\Cache\Shop\919d3b05d99b9010c89482cf5b988490.php 第 6 行.
INFO: Run Behavior\ParseTemplateBehavior [ RunTime:0.015000s ]
INFO: [ view_parse ] --END-- [ RunTime:0.015000s ]
INFO: [ view_filter ] --START--
INFO: Run Behavior\WriteHtmlCacheBehavior [ RunTime:0.000000s ]
INFO: [ view_filter ] --END-- [ RunTime:0.000000s ]
INFO: [ app_end ] --START--
INFO: Run Behavior\ShowPageTraceBehavior [ RunTime:0.000000s ]
INFO: [ app_end ] --END-- [ RunTime:0.000000s ]

